;  LST file generated by mikroListExporter - v.2.0 
; Date/Time: 01/08/2024 11:02:22
;----------------------------------------------

;Address Opcode 	ASM
0x0000	0xF003EF23  	GOTO        1606
0x0004	0x0000      	NOP
0x0006	0x0000      	NOP
0x0008	0xF000EF00  	GOTO        0
0x000C	0x0000      	NOP
0x000E	0x0000      	NOP
0x0010	0x0000      	NOP
0x0012	0x0000      	NOP
0x0014	0x0000      	NOP
0x0016	0x0000      	NOP
0x0018	0xD7F3      	BRA         0
_Delay_5500us:
;__Lib_Delays.c,31 :: 		void Delay_5500us() {
;__Lib_Delays.c,32 :: 		Delay_us(5500);
0x001C	0x0E0F      	MOVLW       15
0x001E	0x6E0C      	MOVWF       R12, 0
0x0020	0x0E47      	MOVLW       71
0x0022	0x6E0D      	MOVWF       R13, 0
L_Delay_5500us5:
0x0024	0x2E0D      	DECFSZ      R13, 1, 0
0x0026	0xD7FE      	BRA         L_Delay_5500us5
0x0028	0x2E0C      	DECFSZ      R12, 1, 0
0x002A	0xD7FC      	BRA         L_Delay_5500us5
0x002C	0x0000      	NOP
0x002E	0x0000      	NOP
;__Lib_Delays.c,33 :: 		}
L_end_Delay_5500us:
0x0030	0x0012      	RETURN      0
; end of _Delay_5500us
_Delay_1us:
;__Lib_Delays.c,7 :: 		void Delay_1us() {
;__Lib_Delays.c,8 :: 		Delay_us(1);
0x0032	0x0000      	NOP
0x0034	0x0000      	NOP
;__Lib_Delays.c,9 :: 		}
L_end_Delay_1us:
0x0036	0x0012      	RETURN      0
; end of _Delay_1us
_Delay_50us:
;__Lib_Delays.c,19 :: 		void Delay_50us() {
;__Lib_Delays.c,20 :: 		Delay_us(50);
0x0038	0x0E21      	MOVLW       33
0x003A	0x6E0D      	MOVWF       R13, 0
L_Delay_50us2:
0x003C	0x2E0D      	DECFSZ      R13, 1, 0
0x003E	0xD7FE      	BRA         L_Delay_50us2
;__Lib_Delays.c,21 :: 		}
L_end_Delay_50us:
0x0040	0x0012      	RETURN      0
; end of _Delay_50us
_RES032:
;__Lib_MathDouble.c,128 :: 		
;__Lib_MathDouble.c,134 :: 		
0x0042	0x6A02      	CLRF        R2, 0
;__Lib_MathDouble.c,135 :: 		
0x0044	0x6A01      	CLRF        R1, 0
;__Lib_MathDouble.c,136 :: 		
0x0046	0x6A00      	CLRF        R0, 0
;__Lib_MathDouble.c,137 :: 		
0x0048	0x6A08      	CLRF        R8, 0
;__Lib_MathDouble.c,138 :: 		
0x004A	0x6A03      	CLRF        R3, 0
;__Lib_MathDouble.c,139 :: 		
0x004C	0x0E00      	MOVLW       0
;__Lib_MathDouble.c,141 :: 		
L_end_RES032:
0x004E	0x0012      	RETURN      0
; end of _RES032
_SETFUN32:
;__Lib_MathDouble.c,144 :: 		
;__Lib_MathDouble.c,152 :: 		
0x0050	0x840B      	BSF         R11, 2, 0
;__Lib_MathDouble.c,153 :: 		
0x0052	0xAE0B      	BTFSS       R11, 7, 0
;__Lib_MathDouble.c,154 :: 		
0x0054	0xF000EF33  	GOTO        SETFUN32EEE
;__Lib_MathDouble.c,156 :: 		
0x0058	0x0E01      	MOVLW       1
;__Lib_MathDouble.c,157 :: 		
0x005A	0x6E03      	MOVWF       R3, 0
;__Lib_MathDouble.c,158 :: 		
0x005C	0x6A02      	CLRF        R2, 0
;__Lib_MathDouble.c,159 :: 		
0x005E	0x6A01      	CLRF        R1, 0
;__Lib_MathDouble.c,160 :: 		
0x0060	0x6A00      	CLRF        R0, 0
;__Lib_MathDouble.c,161 :: 		
0x0062	0x360A      	RLCF        R10, 1, 0
;__Lib_MathDouble.c,162 :: 		
0x0064	0x3202      	RRCF        R2, 1, 0
;__Lib_MathDouble.c,163 :: 		
SETFUN32EEE:
;__Lib_MathDouble.c,164 :: 		
0x0066	0x0EFF      	MOVLW       255
;__Lib_MathDouble.c,166 :: 		
L_end_SETFUN32:
0x0068	0x0012      	RETURN      0
; end of _SETFUN32
_FIXSIGN32:
;__Lib_MathDouble.c,117 :: 		
;__Lib_MathDouble.c,121 :: 		
0x006A	0xAE0A      	BTFSS       R10, 7, 0
;__Lib_MathDouble.c,122 :: 		
0x006C	0x9E02      	BCF         R2, 7, 0
;__Lib_MathDouble.c,123 :: 		
0x006E	0x0E00      	MOVLW       0
;__Lib_MathDouble.c,125 :: 		
L_end_FIXSIGN32:
0x0070	0x0012      	RETURN      0
; end of _FIXSIGN32
_Lcd_Cmd:
;__Lib_Lcd.c,18 :: 		
;__Lib_Lcd.c,20 :: 		
0x0072	0xBE25      	BTFSC       FARG_Lcd_Cmd_out_char, 7 
0x0074	0xD002      	BRA         L__Lcd_Cmd21
0x0076	0x9E83      	BCF         LCD_D7, BitPos(LCD_D7+0) 
0x0078	0xD001      	BRA         L__Lcd_Cmd22
L__Lcd_Cmd21:
0x007A	0x8E83      	BSF         LCD_D7, BitPos(LCD_D7+0) 
L__Lcd_Cmd22:
;__Lib_Lcd.c,21 :: 		
0x007C	0xBC25      	BTFSC       FARG_Lcd_Cmd_out_char, 6 
0x007E	0xD002      	BRA         L__Lcd_Cmd23
0x0080	0x9C83      	BCF         LCD_D6, BitPos(LCD_D6+0) 
0x0082	0xD001      	BRA         L__Lcd_Cmd24
L__Lcd_Cmd23:
0x0084	0x8C83      	BSF         LCD_D6, BitPos(LCD_D6+0) 
L__Lcd_Cmd24:
;__Lib_Lcd.c,22 :: 		
0x0086	0xBA25      	BTFSC       FARG_Lcd_Cmd_out_char, 5 
0x0088	0xD002      	BRA         L__Lcd_Cmd25
0x008A	0x9A83      	BCF         LCD_D5, BitPos(LCD_D5+0) 
0x008C	0xD001      	BRA         L__Lcd_Cmd26
L__Lcd_Cmd25:
0x008E	0x8A83      	BSF         LCD_D5, BitPos(LCD_D5+0) 
L__Lcd_Cmd26:
;__Lib_Lcd.c,23 :: 		
0x0090	0xB825      	BTFSC       FARG_Lcd_Cmd_out_char, 4 
0x0092	0xD002      	BRA         L__Lcd_Cmd27
0x0094	0x9883      	BCF         LCD_D4, BitPos(LCD_D4+0) 
0x0096	0xD001      	BRA         L__Lcd_Cmd28
L__Lcd_Cmd27:
0x0098	0x8883      	BSF         LCD_D4, BitPos(LCD_D4+0) 
L__Lcd_Cmd28:
;__Lib_Lcd.c,25 :: 		
0x009A	0xB016      	BTFSC       __Lib_Lcd_cmd_status, BitPos(__Lib_Lcd_cmd_status+0) 
0x009C	0xD002      	BRA         L__Lcd_Cmd29
0x009E	0x8484      	BSF         LCD_RS, BitPos(LCD_RS+0) 
0x00A0	0xD001      	BRA         L__Lcd_Cmd30
L__Lcd_Cmd29:
0x00A2	0x9484      	BCF         LCD_RS, BitPos(LCD_RS+0) 
L__Lcd_Cmd30:
;__Lib_Lcd.c,28 :: 		
0x00A4	0x8284      	BSF         LCD_EN, BitPos(LCD_EN+0) 
;__Lib_Lcd.c,29 :: 		
0x00A6	0xDFC5      	RCALL       _Delay_1us
;__Lib_Lcd.c,30 :: 		
0x00A8	0x9284      	BCF         LCD_EN, BitPos(LCD_EN+0) 
;__Lib_Lcd.c,33 :: 		
0x00AA	0xB625      	BTFSC       FARG_Lcd_Cmd_out_char, 3 
0x00AC	0xD002      	BRA         L__Lcd_Cmd31
0x00AE	0x9E83      	BCF         LCD_D7, BitPos(LCD_D7+0) 
0x00B0	0xD001      	BRA         L__Lcd_Cmd32
L__Lcd_Cmd31:
0x00B2	0x8E83      	BSF         LCD_D7, BitPos(LCD_D7+0) 
L__Lcd_Cmd32:
;__Lib_Lcd.c,34 :: 		
0x00B4	0xB425      	BTFSC       FARG_Lcd_Cmd_out_char, 2 
0x00B6	0xD002      	BRA         L__Lcd_Cmd33
0x00B8	0x9C83      	BCF         LCD_D6, BitPos(LCD_D6+0) 
0x00BA	0xD001      	BRA         L__Lcd_Cmd34
L__Lcd_Cmd33:
0x00BC	0x8C83      	BSF         LCD_D6, BitPos(LCD_D6+0) 
L__Lcd_Cmd34:
;__Lib_Lcd.c,35 :: 		
0x00BE	0xB225      	BTFSC       FARG_Lcd_Cmd_out_char, 1 
0x00C0	0xD002      	BRA         L__Lcd_Cmd35
0x00C2	0x9A83      	BCF         LCD_D5, BitPos(LCD_D5+0) 
0x00C4	0xD001      	BRA         L__Lcd_Cmd36
L__Lcd_Cmd35:
0x00C6	0x8A83      	BSF         LCD_D5, BitPos(LCD_D5+0) 
L__Lcd_Cmd36:
;__Lib_Lcd.c,36 :: 		
0x00C8	0xB025      	BTFSC       FARG_Lcd_Cmd_out_char, 0 
0x00CA	0xD002      	BRA         L__Lcd_Cmd37
0x00CC	0x9883      	BCF         LCD_D4, BitPos(LCD_D4+0) 
0x00CE	0xD001      	BRA         L__Lcd_Cmd38
L__Lcd_Cmd37:
0x00D0	0x8883      	BSF         LCD_D4, BitPos(LCD_D4+0) 
L__Lcd_Cmd38:
;__Lib_Lcd.c,38 :: 		
0x00D2	0xB016      	BTFSC       __Lib_Lcd_cmd_status, BitPos(__Lib_Lcd_cmd_status+0) 
0x00D4	0xD002      	BRA         L__Lcd_Cmd39
0x00D6	0x8484      	BSF         LCD_RS, BitPos(LCD_RS+0) 
0x00D8	0xD001      	BRA         L__Lcd_Cmd40
L__Lcd_Cmd39:
0x00DA	0x9484      	BCF         LCD_RS, BitPos(LCD_RS+0) 
L__Lcd_Cmd40:
;__Lib_Lcd.c,40 :: 		
0x00DC	0x8284      	BSF         LCD_EN, BitPos(LCD_EN+0) 
;__Lib_Lcd.c,41 :: 		
0x00DE	0xDFA9      	RCALL       _Delay_1us
;__Lib_Lcd.c,42 :: 		
0x00E0	0x9284      	BCF         LCD_EN, BitPos(LCD_EN+0) 
;__Lib_Lcd.c,44 :: 		
0x00E2	0xA016      	BTFSS       __Lib_Lcd_cmd_status, BitPos(__Lib_Lcd_cmd_status+0) 
0x00E4	0xD002      	BRA         L_Lcd_Cmd0
;__Lib_Lcd.c,45 :: 		
0x00E6	0xDF9A      	RCALL       _Delay_5500us
0x00E8	0xD001      	BRA         L_Lcd_Cmd1
L_Lcd_Cmd0:
;__Lib_Lcd.c,47 :: 		
0x00EA	0xDFA6      	RCALL       _Delay_50us
L_Lcd_Cmd1:
;__Lib_Lcd.c,48 :: 		
L_end_Lcd_Cmd:
0x00EC	0x0012      	RETURN      0
; end of _Lcd_Cmd
_SETIOV3224:
;__Lib_MathDouble.c,530 :: 		
;__Lib_MathDouble.c,537 :: 		
0x00EE	0x800B      	BSF         R11, 0, 0
;__Lib_MathDouble.c,538 :: 		
0x00F0	0xAE0B      	BTFSS       R11, 7, 0
;__Lib_MathDouble.c,539 :: 		
0x00F2	0xF000EF83  	GOTO        SETIOV3224EEE
;__Lib_MathDouble.c,541 :: 		
0x00F6	0x6A02      	CLRF        R2, 0
;__Lib_MathDouble.c,542 :: 		
0x00F8	0xAE0A      	BTFSS       R10, 7, 0
;__Lib_MathDouble.c,543 :: 		
0x00FA	0x0EFF      	MOVLW       255
;__Lib_MathDouble.c,544 :: 		
0x00FC	0x6E02      	MOVWF       R2, 0
;__Lib_MathDouble.c,545 :: 		
0x00FE	0x6E01      	MOVWF       R1, 0
;__Lib_MathDouble.c,546 :: 		
0x0100	0x6E00      	MOVWF       R0, 0
;__Lib_MathDouble.c,547 :: 		
0x0102	0x360A      	RLCF        R10, 1, 0
;__Lib_MathDouble.c,548 :: 		
0x0104	0x3202      	RRCF        R2, 1, 0
;__Lib_MathDouble.c,549 :: 		
SETIOV3224EEE:
;__Lib_MathDouble.c,550 :: 		
0x0106	0x0EFF      	MOVLW       255
;__Lib_MathDouble.c,552 :: 		
L_end_SETIOV3224:
0x0108	0x0012      	RETURN      0
; end of _SETIOV3224
_NRM3232:
;__Lib_MathDouble.c,455 :: 		
;__Lib_MathDouble.c,463 :: 		
0x010A	0x6A0C      	CLRF        R12, 0
;__Lib_MathDouble.c,464 :: 		
0x010C	0x6A0E      	CLRF        R14, 0
;__Lib_MathDouble.c,465 :: 		
0x010E	0x5002      	MOVF        R2, 0, 0
;__Lib_MathDouble.c,466 :: 		
0x0110	0xA4D8      	BTFSS       STATUS, 2, 0
;__Lib_MathDouble.c,467 :: 		
0x0112	0xF000EF9E  	GOTO        NORM3232
;__Lib_MathDouble.c,468 :: 		
0x0116	0xF002C001  	MOVFF       R1, R2
;__Lib_MathDouble.c,469 :: 		
0x011A	0xF001C000  	MOVFF       R0, R1
;__Lib_MathDouble.c,470 :: 		
0x011E	0x6A00      	CLRF        R0, 0
;__Lib_MathDouble.c,471 :: 		
0x0120	0x860E      	BSF         R14, 3, 0
;__Lib_MathDouble.c,473 :: 		
0x0122	0x5002      	MOVF        R2, 0, 0
;__Lib_MathDouble.c,474 :: 		
0x0124	0xA4D8      	BTFSS       STATUS, 2, 0
;__Lib_MathDouble.c,475 :: 		
0x0126	0xF000EF9E  	GOTO        NORM3232
;__Lib_MathDouble.c,476 :: 		
0x012A	0xF002C001  	MOVFF       R1, R2
;__Lib_MathDouble.c,477 :: 		
0x012E	0x6A01      	CLRF        R1, 0
;__Lib_MathDouble.c,478 :: 		
0x0130	0x960E      	BCF         R14, 3, 0
;__Lib_MathDouble.c,479 :: 		
0x0132	0x880E      	BSF         R14, 4, 0
;__Lib_MathDouble.c,481 :: 		
0x0134	0x5002      	MOVF        R2, 0, 0
;__Lib_MathDouble.c,482 :: 		
0x0136	0xB4D8      	BTFSC       STATUS, 2, 0
;__Lib_MathDouble.c,483 :: 		
0x0138	0xF000EFB0  	GOTO        JPNRES032
;__Lib_MathDouble.c,484 :: 		
NORM3232:
;__Lib_MathDouble.c,485 :: 		
0x013C	0x500E      	MOVF        R14, 0, 0
;__Lib_MathDouble.c,486 :: 		
0x013E	0x5E03      	SUBWF       R3, 1, 0
;__Lib_MathDouble.c,487 :: 		
0x0140	0xA4D8      	BTFSS       STATUS, 2, 0
;__Lib_MathDouble.c,488 :: 		
0x0142	0xA0D8      	BTFSS       STATUS, 0, 0
;__Lib_MathDouble.c,489 :: 		
0x0144	0xF000EFB5  	GOTO        JPNSETFUN32
;__Lib_MathDouble.c,490 :: 		
0x0148	0x90D8      	BCF         STATUS, 0, 0
;__Lib_MathDouble.c,491 :: 		
NORM3232A:
;__Lib_MathDouble.c,492 :: 		
0x014A	0xBE02      	BTFSC       R2, 7, 0
;__Lib_MathDouble.c,493 :: 		
0x014C	0xF000EFBA  	GOTO        JMPNFIXSIGN32
;__Lib_MathDouble.c,494 :: 		
0x0150	0x3600      	RLCF        R0, 1, 0
;__Lib_MathDouble.c,495 :: 		
0x0152	0x3601      	RLCF        R1, 1, 0
;__Lib_MathDouble.c,496 :: 		
0x0154	0x3602      	RLCF        R2, 1, 0
;__Lib_MathDouble.c,497 :: 		
0x0156	0x2E03      	DECFSZ      R3, 1, 0
;__Lib_MathDouble.c,498 :: 		
0x0158	0xF000EFA5  	GOTO        NORM3232A
;__Lib_MathDouble.c,499 :: 		
0x015C	0xF000EFB5  	GOTO        JPNSETFUN32
;__Lib_MathDouble.c,500 :: 		
JPNRES032:
;__Lib_MathDouble.c,501 :: 		
0x0160	0x0E01      	MOVLW       1
;__Lib_MathDouble.c,502 :: 		
0x0162	0x6E0C      	MOVWF       R12, 0
;__Lib_MathDouble.c,504 :: 		
0x0164	0xDF6E      	RCALL       _RES032
;__Lib_MathDouble.c,506 :: 		
0x0166	0xF000EFBD  	GOTO        NORM32EEE
;__Lib_MathDouble.c,507 :: 		
JPNSETFUN32:
;__Lib_MathDouble.c,508 :: 		
0x016A	0x0E02      	MOVLW       2
;__Lib_MathDouble.c,509 :: 		
0x016C	0x6E0C      	MOVWF       R12, 0
;__Lib_MathDouble.c,511 :: 		
0x016E	0xDF70      	RCALL       _SETFUN32
;__Lib_MathDouble.c,513 :: 		
0x0170	0xF000EFBD  	GOTO        NORM32EEE
;__Lib_MathDouble.c,514 :: 		
JMPNFIXSIGN32:
;__Lib_MathDouble.c,515 :: 		
0x0174	0x0E04      	MOVLW       4
;__Lib_MathDouble.c,516 :: 		
0x0176	0x6E0C      	MOVWF       R12, 0
;__Lib_MathDouble.c,518 :: 		
0x0178	0xDF78      	RCALL       _FIXSIGN32
;__Lib_MathDouble.c,520 :: 		
NORM32EEE:
;__Lib_MathDouble.c,527 :: 		
L_end_NRM3232:
0x017A	0x0012      	RETURN      0
; end of _NRM3232
_Div_16X16_U:
;__Lib_Math.c,102 :: 		
;__Lib_Math.c,109 :: 		
0x017C	0x6A08      	CLRF        R8, 0
;__Lib_Math.c,110 :: 		
0x017E	0x6A09      	CLRF        R9, 0
;__Lib_Math.c,111 :: 		
0x0180	0x0E10      	MOVLW       16
;__Lib_Math.c,112 :: 		
0x0182	0x6E0C      	MOVWF       R12, 0
;__Lib_Math.c,113 :: 		
0x0184	0x3401      	RLCF        R1, 0, 0
;__Lib_Math.c,114 :: 		
0x0186	0x3608      	RLCF        R8, 1, 0
;__Lib_Math.c,115 :: 		
0x0188	0x3609      	RLCF        R9, 1, 0
;__Lib_Math.c,116 :: 		
0x018A	0x5004      	MOVF        R4, 0, 0
;__Lib_Math.c,117 :: 		
0x018C	0x5E08      	SUBWF       R8, 1, 0
;__Lib_Math.c,118 :: 		
0x018E	0x5005      	MOVF        R5, 0, 0
;__Lib_Math.c,119 :: 		
0x0190	0xA0D8      	BTFSS       STATUS, 0, 0
;__Lib_Math.c,120 :: 		
0x0192	0x3C05      	INCFSZ      R5, 0, 0
;__Lib_Math.c,121 :: 		
0x0194	0x5E09      	SUBWF       R9, 1, 0
;__Lib_Math.c,122 :: 		
0x0196	0xB0D8      	BTFSC       STATUS, 0, 0
;__Lib_Math.c,123 :: 		
0x0198	0xD007      	BRA         $+16
;__Lib_Math.c,124 :: 		
0x019A	0x5004      	MOVF        R4, 0, 0
;__Lib_Math.c,125 :: 		
0x019C	0x2608      	ADDWF       R8, 1, 0
;__Lib_Math.c,126 :: 		
0x019E	0x5005      	MOVF        R5, 0, 0
;__Lib_Math.c,127 :: 		
0x01A0	0xB0D8      	BTFSC       STATUS, 0, 0
;__Lib_Math.c,128 :: 		
0x01A2	0x3C05      	INCFSZ      R5, 0, 0
;__Lib_Math.c,129 :: 		
0x01A4	0x2609      	ADDWF       R9, 1, 0
;__Lib_Math.c,130 :: 		
0x01A6	0x90D8      	BCF         STATUS, 0, 0
;__Lib_Math.c,131 :: 		
0x01A8	0x3600      	RLCF        R0, 1, 0
;__Lib_Math.c,132 :: 		
0x01AA	0x3601      	RLCF        R1, 1, 0
;__Lib_Math.c,133 :: 		
0x01AC	0x2E0C      	DECFSZ      R12, 1, 0
;__Lib_Math.c,134 :: 		
0x01AE	0xD7EA      	BRA         $-42
;__Lib_Math.c,136 :: 		
L_end_Div_16X16_U:
0x01B0	0x0012      	RETURN      0
; end of _Div_16X16_U
_Lcd_Chr_CP:
;__Lib_Lcd.c,50 :: 		
;__Lib_Lcd.c,52 :: 		
0x01B2	0x9016      	BCF         __Lib_Lcd_cmd_status, BitPos(__Lib_Lcd_cmd_status+0) 
;__Lib_Lcd.c,53 :: 		
0x01B4	0xF025C024  	MOVFF       FARG_Lcd_Chr_CP_out_char, FARG_Lcd_Cmd_out_char
0x01B8	0xDF5C      	RCALL       _Lcd_Cmd
;__Lib_Lcd.c,54 :: 		
0x01BA	0x8016      	BSF         __Lib_Lcd_cmd_status, BitPos(__Lib_Lcd_cmd_status+0) 
;__Lib_Lcd.c,55 :: 		
L_end_Lcd_Chr_CP:
0x01BC	0x0012      	RETURN      0
; end of _Lcd_Chr_CP
_SETFOV32:
;__Lib_MathDouble.c,82 :: 		
;__Lib_MathDouble.c,90 :: 		
0x01BE	0x820B      	BSF         R11, 1, 0
;__Lib_MathDouble.c,91 :: 		
0x01C0	0xAE0B      	BTFSS       R11, 7, 0
;__Lib_MathDouble.c,92 :: 		
0x01C2	0xF000EFE9  	GOTO        SETFOV32EEE
;__Lib_MathDouble.c,94 :: 		
0x01C6	0x6803      	SETF        R3, 0
;__Lib_MathDouble.c,95 :: 		
0x01C8	0x6802      	SETF        R2, 0
;__Lib_MathDouble.c,96 :: 		
0x01CA	0x6801      	SETF        R1, 0
;__Lib_MathDouble.c,97 :: 		
0x01CC	0x6800      	SETF        R0, 0
;__Lib_MathDouble.c,98 :: 		
0x01CE	0x360A      	RLCF        R10, 1, 0
;__Lib_MathDouble.c,99 :: 		
0x01D0	0x3202      	RRCF        R2, 1, 0
;__Lib_MathDouble.c,100 :: 		
SETFOV32EEE:
;__Lib_MathDouble.c,101 :: 		
0x01D2	0x0EFF      	MOVLW       255
;__Lib_MathDouble.c,103 :: 		
L_end_SETFOV32:
0x01D4	0x0012      	RETURN      0
; end of _SETFOV32
_Delay_22us:
;__Lib_Delays.c,15 :: 		void Delay_22us() {
;__Lib_Delays.c,16 :: 		Delay_us(22);
0x01D6	0x0E0E      	MOVLW       14
0x01D8	0x6E0D      	MOVWF       R13, 0
L_Delay_22us1:
0x01DA	0x2E0D      	DECFSZ      R13, 1, 0
0x01DC	0xD7FE      	BRA         L_Delay_22us1
0x01DE	0x0000      	NOP
;__Lib_Delays.c,17 :: 		}
L_end_Delay_22us:
0x01E0	0x0012      	RETURN      0
; end of _Delay_22us
_SETFDZ32:
;__Lib_MathDouble.c,106 :: 		
;__Lib_MathDouble.c,110 :: 		
0x01E2	0x6A0B      	CLRF        R11, 0
;__Lib_MathDouble.c,111 :: 		
0x01E4	0x860B      	BSF         R11, 3, 0
;__Lib_MathDouble.c,112 :: 		
0x01E6	0x0EFF      	MOVLW       255
;__Lib_MathDouble.c,114 :: 		
L_end_SETFDZ32:
0x01E8	0x0012      	RETURN      0
; end of _SETFDZ32
___CC2DW:
;__Lib_System.c,21 :: 		
;__Lib_System.c,23 :: 		
_CC2DL_Loop1:
;__Lib_System.c,24 :: 		
0x01EA	0x0009      	TBLRD*+
;__Lib_System.c,25 :: 		
0x01EC	0xFFE6CFF5  	MOVFF       TABLAT, POSTINC1
;__Lib_System.c,26 :: 		
0x01F0	0x0600      	DECF        R0, 1, 0
;__Lib_System.c,27 :: 		
0x01F2	0xE1FB      	BNZ         _CC2DL_Loop1
;__Lib_System.c,28 :: 		
0x01F4	0x0601      	DECF        R1, 1, 0
;__Lib_System.c,29 :: 		
0x01F6	0xE1F9      	BNZ         _CC2DL_Loop1
;__Lib_System.c,31 :: 		
L_end___CC2DW:
0x01F8	0x0012      	RETURN      0
; end of ___CC2DW
_word2double:
;__Lib_MathDouble.c,2335 :: 		
;__Lib_MathDouble.c,2344 :: 		
0x01FA	0x5000      	MOVF        R0, 0, 0
;__Lib_MathDouble.c,2345 :: 		
0x01FC	0x6E08      	MOVWF       R8, 0
;__Lib_MathDouble.c,2346 :: 		
0x01FE	0x5001      	MOVF        R1, 0, 0
;__Lib_MathDouble.c,2347 :: 		
0x0200	0x6E00      	MOVWF       R0, 0
;__Lib_MathDouble.c,2348 :: 		
0x0202	0x6A01      	CLRF        R1, 0
;__Lib_MathDouble.c,2349 :: 		
0x0204	0x6A02      	CLRF        R2, 0
;__Lib_MathDouble.c,2350 :: 		
0x0206	0x6A03      	CLRF        R3, 0
;__Lib_MathDouble.c,2353 :: 		
0x0208	0x6A0B      	CLRF        R11, 0
;__Lib_MathDouble.c,2354 :: 		
0x020A	0x6A0C      	CLRF        R12, 0
;__Lib_MathDouble.c,2356 :: 		
0x020C	0x0E96      	MOVLW       150
;__Lib_MathDouble.c,2357 :: 		
0x020E	0x6E03      	MOVWF       R3, 0
;__Lib_MathDouble.c,2358 :: 		
0x0210	0x6A0A      	CLRF        R10, 0
;__Lib_MathDouble.c,2360 :: 		
0x0212	0xF001C000  	MOVFF       R0, R1
;__Lib_MathDouble.c,2361 :: 		
0x0216	0xF000C008  	MOVFF       R8, R0
;__Lib_MathDouble.c,2362 :: 		
0x021A	0x6A08      	CLRF        R8, 0
;__Lib_MathDouble.c,2363 :: 		
0x021C	0x6A02      	CLRF        R2, 0
;__Lib_MathDouble.c,2365 :: 		
0x021E	0xDF75      	RCALL       _NRM3232
;__Lib_MathDouble.c,2366 :: 		
L_end_word2double:
0x0220	0x0012      	RETURN      0
; end of _word2double
_ADC_Read:
;__Lib_ADC_A_D.c,51 :: 		
;__Lib_ADC_A_D.c,54 :: 		
0x0222	0x6AC2      	CLRF        ADCON0 
;__Lib_ADC_A_D.c,55 :: 		
0x0224	0x1C15      	COMF        _vref_mask, 0 
0x0226	0x6E00      	MOVWF       R0 
0x0228	0x5000      	MOVF        R0, 0 
0x022A	0x16C1      	ANDWF       ADCON1, 1 
;__Lib_ADC_A_D.c,56 :: 		
0x022C	0x0E07      	MOVLW       7
0x022E	0x12C0      	IORWF       ADCON2, 1 
;__Lib_ADC_A_D.c,57 :: 		
0x0230	0x8EC0      	BSF         ADCON2, 7 
;__Lib_ADC_A_D.c,58 :: 		
0x0232	0xF000C01D  	MOVFF       FARG_ADC_Read_channel, R0
0x0236	0x3600      	RLCF        R0, 1 
0x0238	0x9000      	BCF         R0, 0 
0x023A	0x3600      	RLCF        R0, 1 
0x023C	0x9000      	BCF         R0, 0 
0x023E	0x5000      	MOVF        R0, 0 
0x0240	0x12C2      	IORWF       ADCON0, 1 
;__Lib_ADC_A_D.c,59 :: 		
0x0242	0x80C2      	BSF         ADCON0, 0 
;__Lib_ADC_A_D.c,60 :: 		
0x0244	0xDFC8      	RCALL       _Delay_22us
;__Lib_ADC_A_D.c,61 :: 		
0x0246	0x82C2      	BSF         ADCON0, 1 
;__Lib_ADC_A_D.c,62 :: 		
L_ADC_Read2:
0x0248	0xA2C2      	BTFSS       ADCON0, 1 
0x024A	0xD001      	BRA         L_ADC_Read3
;__Lib_ADC_A_D.c,63 :: 		
0x024C	0xD7FD      	BRA         L_ADC_Read2
L_ADC_Read3:
;__Lib_ADC_A_D.c,64 :: 		
0x024E	0xF001CFC4  	MOVFF       ADRESH, R1
0x0252	0x6A00      	CLRF        R0 
;__Lib_ADC_A_D.c,65 :: 		
0x0254	0x50C3      	MOVF        ADRESL, 0 
0x0256	0x1200      	IORWF       R0, 1 
0x0258	0x0E00      	MOVLW       0
0x025A	0x1201      	IORWF       R1, 1 
;__Lib_ADC_A_D.c,66 :: 		
0x025C	0x90C2      	BCF         ADCON0, 0 
;__Lib_ADC_A_D.c,68 :: 		
;__Lib_ADC_A_D.c,69 :: 		
L_end_ADC_Read:
0x025E	0x0012      	RETURN      0
; end of _ADC_Read
_Lcd_Init:
;__Lib_Lcd.c,84 :: 		
;__Lib_Lcd.c,86 :: 		
0x0260	0x9296      	BCF         LCD_EN_Direction, BitPos(LCD_EN_Direction+0) 
;__Lib_Lcd.c,87 :: 		
0x0262	0x9496      	BCF         LCD_RS_Direction, BitPos(LCD_RS_Direction+0) 
;__Lib_Lcd.c,88 :: 		
0x0264	0x9895      	BCF         LCD_D4_Direction, BitPos(LCD_D4_Direction+0) 
;__Lib_Lcd.c,89 :: 		
0x0266	0x9A95      	BCF         LCD_D5_Direction, BitPos(LCD_D5_Direction+0) 
;__Lib_Lcd.c,90 :: 		
0x0268	0x9C95      	BCF         LCD_D6_Direction, BitPos(LCD_D6_Direction+0) 
;__Lib_Lcd.c,91 :: 		
0x026A	0x9E95      	BCF         LCD_D7_Direction, BitPos(LCD_D7_Direction+0) 
;__Lib_Lcd.c,93 :: 		
0x026C	0x9284      	BCF         LCD_EN, BitPos(LCD_EN+0) 
;__Lib_Lcd.c,94 :: 		
0x026E	0x9484      	BCF         LCD_RS, BitPos(LCD_RS+0) 
;__Lib_Lcd.c,95 :: 		
0x0270	0x9E83      	BCF         LCD_D7, BitPos(LCD_D7+0) 
;__Lib_Lcd.c,96 :: 		
0x0272	0x9C83      	BCF         LCD_D6, BitPos(LCD_D6+0) 
;__Lib_Lcd.c,97 :: 		
0x0274	0x9A83      	BCF         LCD_D5, BitPos(LCD_D5+0) 
;__Lib_Lcd.c,98 :: 		
0x0276	0x9883      	BCF         LCD_D4, BitPos(LCD_D4+0) 
;__Lib_Lcd.c,100 :: 		
0x0278	0xDED1      	RCALL       _Delay_5500us
;__Lib_Lcd.c,101 :: 		
0x027A	0xDED0      	RCALL       _Delay_5500us
;__Lib_Lcd.c,102 :: 		
0x027C	0xDECF      	RCALL       _Delay_5500us
;__Lib_Lcd.c,105 :: 		
0x027E	0x8A83      	BSF         LCD_D5, BitPos(LCD_D5+0) 
;__Lib_Lcd.c,106 :: 		
0x0280	0x8883      	BSF         LCD_D4, BitPos(LCD_D4+0) 
;__Lib_Lcd.c,107 :: 		
0x0282	0x8284      	BSF         LCD_EN, BitPos(LCD_EN+0) 
;__Lib_Lcd.c,108 :: 		
0x0284	0xDED6      	RCALL       _Delay_1us
;__Lib_Lcd.c,109 :: 		
0x0286	0x9284      	BCF         LCD_EN, BitPos(LCD_EN+0) 
;__Lib_Lcd.c,110 :: 		
0x0288	0xDEC9      	RCALL       _Delay_5500us
;__Lib_Lcd.c,112 :: 		
0x028A	0x8284      	BSF         LCD_EN, BitPos(LCD_EN+0) 
;__Lib_Lcd.c,113 :: 		
0x028C	0xDED2      	RCALL       _Delay_1us
;__Lib_Lcd.c,114 :: 		
0x028E	0x9284      	BCF         LCD_EN, BitPos(LCD_EN+0) 
;__Lib_Lcd.c,115 :: 		
0x0290	0xDEC5      	RCALL       _Delay_5500us
;__Lib_Lcd.c,117 :: 		
0x0292	0x8284      	BSF         LCD_EN, BitPos(LCD_EN+0) 
;__Lib_Lcd.c,118 :: 		
0x0294	0xDECE      	RCALL       _Delay_1us
;__Lib_Lcd.c,119 :: 		
0x0296	0x9284      	BCF         LCD_EN, BitPos(LCD_EN+0) 
;__Lib_Lcd.c,120 :: 		
0x0298	0xDEC1      	RCALL       _Delay_5500us
;__Lib_Lcd.c,123 :: 		
0x029A	0x9883      	BCF         LCD_D4, BitPos(LCD_D4+0) 
;__Lib_Lcd.c,124 :: 		
0x029C	0x8284      	BSF         LCD_EN, BitPos(LCD_EN+0) 
;__Lib_Lcd.c,125 :: 		
0x029E	0xDEC9      	RCALL       _Delay_1us
;__Lib_Lcd.c,126 :: 		
0x02A0	0x9284      	BCF         LCD_EN, BitPos(LCD_EN+0) 
;__Lib_Lcd.c,127 :: 		
0x02A2	0xDEBC      	RCALL       _Delay_5500us
;__Lib_Lcd.c,130 :: 		
0x02A4	0x8284      	BSF         LCD_EN, BitPos(LCD_EN+0) 
;__Lib_Lcd.c,131 :: 		
0x02A6	0xDEC5      	RCALL       _Delay_1us
;__Lib_Lcd.c,132 :: 		
0x02A8	0x9284      	BCF         LCD_EN, BitPos(LCD_EN+0) 
;__Lib_Lcd.c,134 :: 		
0x02AA	0x9A83      	BCF         LCD_D5, BitPos(LCD_D5+0) 
;__Lib_Lcd.c,135 :: 		
0x02AC	0x8E83      	BSF         LCD_D7, BitPos(LCD_D7+0) 
;__Lib_Lcd.c,136 :: 		
0x02AE	0x8284      	BSF         LCD_EN, BitPos(LCD_EN+0) 
;__Lib_Lcd.c,137 :: 		
0x02B0	0xDEC0      	RCALL       _Delay_1us
;__Lib_Lcd.c,138 :: 		
0x02B2	0x9284      	BCF         LCD_EN, BitPos(LCD_EN+0) 
;__Lib_Lcd.c,139 :: 		
0x02B4	0xDEB3      	RCALL       _Delay_5500us
;__Lib_Lcd.c,142 :: 		
0x02B6	0x9E83      	BCF         LCD_D7, BitPos(LCD_D7+0) 
;__Lib_Lcd.c,143 :: 		
0x02B8	0x8883      	BSF         LCD_D4, BitPos(LCD_D4+0) 
;__Lib_Lcd.c,144 :: 		
0x02BA	0x8284      	BSF         LCD_EN, BitPos(LCD_EN+0) 
;__Lib_Lcd.c,145 :: 		
0x02BC	0xDEBA      	RCALL       _Delay_1us
;__Lib_Lcd.c,146 :: 		
0x02BE	0x9284      	BCF         LCD_EN, BitPos(LCD_EN+0) 
;__Lib_Lcd.c,148 :: 		
0x02C0	0x9883      	BCF         LCD_D4, BitPos(LCD_D4+0) 
;__Lib_Lcd.c,149 :: 		
0x02C2	0x8284      	BSF         LCD_EN, BitPos(LCD_EN+0) 
;__Lib_Lcd.c,150 :: 		
0x02C4	0xDEB6      	RCALL       _Delay_1us
;__Lib_Lcd.c,151 :: 		
0x02C6	0x9284      	BCF         LCD_EN, BitPos(LCD_EN+0) 
;__Lib_Lcd.c,152 :: 		
0x02C8	0xDEA9      	RCALL       _Delay_5500us
;__Lib_Lcd.c,155 :: 		
0x02CA	0x8284      	BSF         LCD_EN, BitPos(LCD_EN+0) 
;__Lib_Lcd.c,156 :: 		
0x02CC	0xDEB2      	RCALL       _Delay_1us
;__Lib_Lcd.c,157 :: 		
0x02CE	0x9284      	BCF         LCD_EN, BitPos(LCD_EN+0) 
;__Lib_Lcd.c,159 :: 		
0x02D0	0x8883      	BSF         LCD_D4, BitPos(LCD_D4+0) 
;__Lib_Lcd.c,160 :: 		
0x02D2	0x8284      	BSF         LCD_EN, BitPos(LCD_EN+0) 
;__Lib_Lcd.c,161 :: 		
0x02D4	0xDEAE      	RCALL       _Delay_1us
;__Lib_Lcd.c,162 :: 		
0x02D6	0x9284      	BCF         LCD_EN, BitPos(LCD_EN+0) 
;__Lib_Lcd.c,163 :: 		
0x02D8	0xDEA1      	RCALL       _Delay_5500us
;__Lib_Lcd.c,166 :: 		
0x02DA	0x9883      	BCF         LCD_D4, BitPos(LCD_D4+0) 
;__Lib_Lcd.c,167 :: 		
0x02DC	0x8284      	BSF         LCD_EN, BitPos(LCD_EN+0) 
;__Lib_Lcd.c,168 :: 		
0x02DE	0xDEA9      	RCALL       _Delay_1us
;__Lib_Lcd.c,169 :: 		
0x02E0	0x9284      	BCF         LCD_EN, BitPos(LCD_EN+0) 
;__Lib_Lcd.c,171 :: 		
0x02E2	0x8E83      	BSF         LCD_D7, BitPos(LCD_D7+0) 
;__Lib_Lcd.c,172 :: 		
0x02E4	0x8C83      	BSF         LCD_D6, BitPos(LCD_D6+0) 
;__Lib_Lcd.c,173 :: 		
0x02E6	0x8A83      	BSF         LCD_D5, BitPos(LCD_D5+0) 
;__Lib_Lcd.c,174 :: 		
0x02E8	0x8883      	BSF         LCD_D4, BitPos(LCD_D4+0) 
;__Lib_Lcd.c,175 :: 		
0x02EA	0x8284      	BSF         LCD_EN, BitPos(LCD_EN+0) 
;__Lib_Lcd.c,176 :: 		
0x02EC	0xDEA2      	RCALL       _Delay_1us
;__Lib_Lcd.c,177 :: 		
0x02EE	0x9284      	BCF         LCD_EN, BitPos(LCD_EN+0) 
;__Lib_Lcd.c,179 :: 		
0x02F0	0xDE95      	RCALL       _Delay_5500us
;__Lib_Lcd.c,181 :: 		
0x02F2	0x8016      	BSF         __Lib_Lcd_cmd_status, BitPos(__Lib_Lcd_cmd_status+0) 
;__Lib_Lcd.c,182 :: 		
L_end_Lcd_Init:
0x02F4	0x0012      	RETURN      0
; end of _Lcd_Init
_WordToStr:
;__Lib_Conversions.c,98 :: 		
;__Lib_Conversions.c,103 :: 		
0x02F6	0x6A21      	CLRF        WordToStr_len_L0 
L_WordToStr11:
0x02F8	0x0E05      	MOVLW       5
0x02FA	0x5C21      	SUBWF       WordToStr_len_L0, 0 
0x02FC	0xE20A      	BC          L_WordToStr12
;__Lib_Conversions.c,104 :: 		
0x02FE	0x5021      	MOVF        WordToStr_len_L0, 0 
0x0300	0x241F      	ADDWF       FARG_WordToStr_output, 0 
0x0302	0x6EE1      	MOVWF       FSR1L 
0x0304	0x0E00      	MOVLW       0
0x0306	0x2020      	ADDWFC      FARG_WordToStr_output+1, 0 
0x0308	0x6EE2      	MOVWF       FSR1L+1 
0x030A	0x0E20      	MOVLW       32
0x030C	0x6EE6      	MOVWF       POSTINC1 
;__Lib_Conversions.c,103 :: 		
0x030E	0x2A21      	INCF        WordToStr_len_L0, 1 
;__Lib_Conversions.c,104 :: 		
0x0310	0xD7F3      	BRA         L_WordToStr11
L_WordToStr12:
;__Lib_Conversions.c,105 :: 		
0x0312	0x5021      	MOVF        WordToStr_len_L0, 0 
0x0314	0x241F      	ADDWF       FARG_WordToStr_output, 0 
0x0316	0x6EE1      	MOVWF       FSR1L 
0x0318	0x0E00      	MOVLW       0
0x031A	0x2020      	ADDWFC      FARG_WordToStr_output+1, 0 
0x031C	0x6EE2      	MOVWF       FSR1L+1 
0x031E	0x6AE6      	CLRF        POSTINC1 
0x0320	0x0621      	DECF        WordToStr_len_L0, 1 
;__Lib_Conversions.c,107 :: 		
L_WordToStr14:
;__Lib_Conversions.c,108 :: 		
0x0322	0x5021      	MOVF        WordToStr_len_L0, 0 
0x0324	0x241F      	ADDWF       FARG_WordToStr_output, 0 
0x0326	0x6E22      	MOVWF       FLOC__WordToStr 
0x0328	0x0E00      	MOVLW       0
0x032A	0x2020      	ADDWFC      FARG_WordToStr_output+1, 0 
0x032C	0x6E23      	MOVWF       FLOC__WordToStr+1 
0x032E	0x0E0A      	MOVLW       10
0x0330	0x6E04      	MOVWF       R4 
0x0332	0x0E00      	MOVLW       0
0x0334	0x6E05      	MOVWF       R5 
0x0336	0xF000C01D  	MOVFF       FARG_WordToStr_input, R0
0x033A	0xF001C01E  	MOVFF       FARG_WordToStr_input+1, R1
0x033E	0xDF1E      	RCALL       _Div_16X16_U
0x0340	0xF000C008  	MOVFF       R8, R0
0x0344	0xF001C009  	MOVFF       R9, R1
0x0348	0x0E30      	MOVLW       48
0x034A	0x2600      	ADDWF       R0, 1 
0x034C	0xFFE1C022  	MOVFF       FLOC__WordToStr, FSR1L
0x0350	0xFFE2C023  	MOVFF       FLOC__WordToStr+1, FSR1H
0x0354	0xFFE6C000  	MOVFF       R0, POSTINC1
;__Lib_Conversions.c,109 :: 		
0x0358	0x0E0A      	MOVLW       10
0x035A	0x6E04      	MOVWF       R4 
0x035C	0x0E00      	MOVLW       0
0x035E	0x6E05      	MOVWF       R5 
0x0360	0xF000C01D  	MOVFF       FARG_WordToStr_input, R0
0x0364	0xF001C01E  	MOVFF       FARG_WordToStr_input+1, R1
0x0368	0xDF09      	RCALL       _Div_16X16_U
0x036A	0xF01DC000  	MOVFF       R0, FARG_WordToStr_input
0x036E	0xF01EC001  	MOVFF       R1, FARG_WordToStr_input+1
;__Lib_Conversions.c,110 :: 		
0x0372	0x0E00      	MOVLW       0
0x0374	0x1801      	XORWF       R1, 0 
0x0376	0xE102      	BNZ         L__WordToStr379
0x0378	0x0E00      	MOVLW       0
0x037A	0x1800      	XORWF       R0, 0 
L__WordToStr379:
0x037C	0xE101      	BNZ         L_WordToStr16
;__Lib_Conversions.c,111 :: 		
0x037E	0xD002      	BRA         L_WordToStr15
L_WordToStr16:
;__Lib_Conversions.c,112 :: 		
0x0380	0x0621      	DECF        WordToStr_len_L0, 1 
;__Lib_Conversions.c,113 :: 		
0x0382	0xD7CF      	BRA         L_WordToStr14
L_WordToStr15:
;__Lib_Conversions.c,114 :: 		
L_end_WordToStr:
0x0384	0x0012      	RETURN      0
; end of _WordToStr
_Div_32x32_FP:
;__Lib_MathDouble.c,1325 :: 		
;__Lib_MathDouble.c,1339 :: 		
0x0386	0x5004      	MOVF        R4, 0 
0x0388	0x0A00      	XORLW       0
0x038A	0xE112      	BNZ         L_Div_32x32_FP11
;__Lib_MathDouble.c,1340 :: 		
0x038C	0x5005      	MOVF        R5, 0 
0x038E	0x0A00      	XORLW       0
0x0390	0xE10F      	BNZ         L_Div_32x32_FP12
;__Lib_MathDouble.c,1341 :: 		
0x0392	0x5006      	MOVF        R6, 0 
0x0394	0x0A00      	XORLW       0
0x0396	0xE10C      	BNZ         L_Div_32x32_FP13
;__Lib_MathDouble.c,1342 :: 		
0x0398	0x5007      	MOVF        R7, 0 
0x039A	0x0A00      	XORLW       0
0x039C	0xE109      	BNZ         L_Div_32x32_FP14
;__Lib_MathDouble.c,1343 :: 		
0x039E	0x0EFF      	MOVLW       255
0x03A0	0x6E00      	MOVWF       R0 
;__Lib_MathDouble.c,1344 :: 		
0x03A2	0x0EFF      	MOVLW       255
0x03A4	0x6E01      	MOVWF       R1 
;__Lib_MathDouble.c,1345 :: 		
0x03A6	0x0E7F      	MOVLW       127
0x03A8	0x6E02      	MOVWF       R2 
;__Lib_MathDouble.c,1346 :: 		
0x03AA	0x0EFF      	MOVLW       255
0x03AC	0x6E03      	MOVWF       R3 
;__Lib_MathDouble.c,1347 :: 		
0x03AE	0xD0A4      	BRA         L_end_Div_32x32_FP
;__Lib_MathDouble.c,1348 :: 		
L_Div_32x32_FP14:
L_Div_32x32_FP13:
L_Div_32x32_FP12:
L_Div_32x32_FP11:
;__Lib_MathDouble.c,1353 :: 		
0x03B0	0x6A08      	CLRF        R8, 0
;__Lib_MathDouble.c,1354 :: 		
0x03B2	0x6A09      	CLRF        R9, 0
;__Lib_MathDouble.c,1356 :: 		
0x03B4	0x5007      	MOVF        R7, 0, 0
;__Lib_MathDouble.c,1357 :: 		
0x03B6	0xB4D8      	BTFSC       STATUS, 2, 0
;__Lib_MathDouble.c,1358 :: 		
0x03B8	0xF002EF6E  	GOTO        JPDSETFDZ32
;__Lib_MathDouble.c,1360 :: 		
0x03BC	0x5003      	MOVF        R3, 0, 0
;__Lib_MathDouble.c,1361 :: 		
0x03BE	0xB4D8      	BTFSC       STATUS, 2, 0
;__Lib_MathDouble.c,1362 :: 		
0x03C0	0xF002EF72  	GOTO        JPDRES032
;__Lib_MathDouble.c,1364 :: 		
0x03C4	0x5002      	MOVF        R2, 0, 0
;__Lib_MathDouble.c,1365 :: 		
0x03C6	0x1806      	XORWF       R6, 0, 0
;__Lib_MathDouble.c,1366 :: 		
0x03C8	0x6E0A      	MOVWF       R10, 0
;__Lib_MathDouble.c,1367 :: 		
0x03CA	0x8E02      	BSF         R2, 7, 0
;__Lib_MathDouble.c,1368 :: 		
0x03CC	0x8E06      	BSF         R6, 7, 0
;__Lib_MathDouble.c,1370 :: 		
0x03CE	0x6A0E      	CLRF        R14, 0
;__Lib_MathDouble.c,1371 :: 		
0x03D0	0xF008C002  	MOVFF       R2, R8
;__Lib_MathDouble.c,1372 :: 		
0x03D4	0xF00CC001  	MOVFF       R1, R12
;__Lib_MathDouble.c,1373 :: 		
0x03D8	0xF00DC000  	MOVFF       R0, R13
;__Lib_MathDouble.c,1375 :: 		
0x03DC	0x5004      	MOVF        R4, 0, 0
;__Lib_MathDouble.c,1376 :: 		
0x03DE	0x5E0D      	SUBWF       R13, 1, 0
;__Lib_MathDouble.c,1377 :: 		
0x03E0	0x5005      	MOVF        R5, 0, 0
;__Lib_MathDouble.c,1378 :: 		
0x03E2	0xA0D8      	BTFSS       STATUS, 0, 0
;__Lib_MathDouble.c,1379 :: 		
0x03E4	0x3C05      	INCFSZ      R5, 0, 0
;__Lib_MathDouble.c,1381 :: 		
0x03E6	0x5E0C      	SUBWF       R12, 1, 0
;__Lib_MathDouble.c,1382 :: 		
0x03E8	0x5006      	MOVF        R6, 0, 0
;__Lib_MathDouble.c,1383 :: 		
0x03EA	0xA0D8      	BTFSS       STATUS, 0, 0
;__Lib_MathDouble.c,1384 :: 		
0x03EC	0x3C06      	INCFSZ      R6, 0, 0
;__Lib_MathDouble.c,1386 :: 		
0x03EE	0x5E08      	SUBWF       R8, 1, 0
;__Lib_MathDouble.c,1387 :: 		
0x03F0	0x6A08      	CLRF        R8, 0
;__Lib_MathDouble.c,1388 :: 		
0x03F2	0x6A0C      	CLRF        R12, 0
;__Lib_MathDouble.c,1389 :: 		
0x03F4	0x6A0D      	CLRF        R13, 0
;__Lib_MathDouble.c,1390 :: 		
0x03F6	0xA0D8      	BTFSS       STATUS, 0, 0
;__Lib_MathDouble.c,1391 :: 		
0x03F8	0xF002EF05  	GOTO        DALIGN32OK
;__Lib_MathDouble.c,1393 :: 		
0x03FC	0x90D8      	BCF         STATUS, 0, 0
;__Lib_MathDouble.c,1394 :: 		
0x03FE	0x3202      	RRCF        R2, 1, 0
;__Lib_MathDouble.c,1395 :: 		
0x0400	0x3201      	RRCF        R1, 1, 0
;__Lib_MathDouble.c,1396 :: 		
0x0402	0x3200      	RRCF        R0, 1, 0
;__Lib_MathDouble.c,1397 :: 		
0x0404	0x3208      	RRCF        R8, 1, 0
;__Lib_MathDouble.c,1398 :: 		
0x0406	0x0E01      	MOVLW       1
;__Lib_MathDouble.c,1399 :: 		
0x0408	0x6E0E      	MOVWF       R14, 0
;__Lib_MathDouble.c,1400 :: 		
DALIGN32OK:
;__Lib_MathDouble.c,1401 :: 		
0x040A	0x5007      	MOVF        R7, 0, 0
;__Lib_MathDouble.c,1402 :: 		
0x040C	0x5E03      	SUBWF       R3, 1, 0
;__Lib_MathDouble.c,1403 :: 		
0x040E	0xA0D8      	BTFSS       STATUS, 0, 0
;__Lib_MathDouble.c,1404 :: 		
0x0410	0xF002EF12  	GOTO        ALTB32
;__Lib_MathDouble.c,1406 :: 		
0x0414	0x0E7E      	MOVLW       126
;__Lib_MathDouble.c,1407 :: 		
0x0416	0x240E      	ADDWF       R14, 0, 0
;__Lib_MathDouble.c,1408 :: 		
0x0418	0x2603      	ADDWF       R3, 1, 0
;__Lib_MathDouble.c,1409 :: 		
0x041A	0xB0D8      	BTFSC       STATUS, 0, 0
;__Lib_MathDouble.c,1410 :: 		
0x041C	0xF002EF76  	GOTO        JPDSETFOV32
;__Lib_MathDouble.c,1411 :: 		
0x0420	0xF002EF18  	GOTO        DARGOK32
;__Lib_MathDouble.c,1412 :: 		
ALTB32:
;__Lib_MathDouble.c,1413 :: 		
0x0424	0x0E7E      	MOVLW       126
;__Lib_MathDouble.c,1414 :: 		
0x0426	0x240E      	ADDWF       R14, 0, 0
;__Lib_MathDouble.c,1415 :: 		
0x0428	0x2603      	ADDWF       R3, 1, 0
;__Lib_MathDouble.c,1416 :: 		
0x042A	0xA0D8      	BTFSS       STATUS, 0, 0
;__Lib_MathDouble.c,1417 :: 		
0x042C	0xF002EF7A  	GOTO        JPDSETFUN32
;__Lib_MathDouble.c,1418 :: 		
DARGOK32:
;__Lib_MathDouble.c,1419 :: 		
0x0430	0x0E18      	MOVLW       24
;__Lib_MathDouble.c,1420 :: 		
0x0432	0x6E0B      	MOVWF       R11, 0
;__Lib_MathDouble.c,1421 :: 		
DLOOP32:
;__Lib_MathDouble.c,1422 :: 		
0x0434	0x360D      	RLCF        R13, 1, 0
;__Lib_MathDouble.c,1423 :: 		
0x0436	0x360C      	RLCF        R12, 1, 0
;__Lib_MathDouble.c,1424 :: 		
0x0438	0x3608      	RLCF        R8, 1, 0
;__Lib_MathDouble.c,1425 :: 		
0x043A	0x3600      	RLCF        R0, 1, 0
;__Lib_MathDouble.c,1426 :: 		
0x043C	0x3601      	RLCF        R1, 1, 0
;__Lib_MathDouble.c,1427 :: 		
0x043E	0x3602      	RLCF        R2, 1, 0
;__Lib_MathDouble.c,1428 :: 		
0x0440	0x360E      	RLCF        R14, 1, 0
;__Lib_MathDouble.c,1430 :: 		
0x0442	0x5004      	MOVF        R4, 0, 0
;__Lib_MathDouble.c,1431 :: 		
0x0444	0x5E00      	SUBWF       R0, 1, 0
;__Lib_MathDouble.c,1432 :: 		
0x0446	0x5005      	MOVF        R5, 0, 0
;__Lib_MathDouble.c,1433 :: 		
0x0448	0xA0D8      	BTFSS       STATUS, 0, 0
;__Lib_MathDouble.c,1434 :: 		
0x044A	0x3C05      	INCFSZ      R5, 0, 0
;__Lib_MathDouble.c,1436 :: 		
0x044C	0x5E01      	SUBWF       R1, 1, 0
;__Lib_MathDouble.c,1437 :: 		
0x044E	0x5006      	MOVF        R6, 0, 0
;__Lib_MathDouble.c,1438 :: 		
0x0450	0xA0D8      	BTFSS       STATUS, 0, 0
;__Lib_MathDouble.c,1439 :: 		
0x0452	0x3C06      	INCFSZ      R6, 0, 0
;__Lib_MathDouble.c,1441 :: 		
0x0454	0x5E02      	SUBWF       R2, 1, 0
;__Lib_MathDouble.c,1442 :: 		
0x0456	0x3406      	RLCF        R6, 0, 0
;__Lib_MathDouble.c,1443 :: 		
0x0458	0x120E      	IORWF       R14, 1, 0
;__Lib_MathDouble.c,1444 :: 		
0x045A	0xA00E      	BTFSS       R14, 0, 0
;__Lib_MathDouble.c,1445 :: 		
0x045C	0xF002EF33  	GOTO        DREST32
;__Lib_MathDouble.c,1446 :: 		
0x0460	0x800D      	BSF         R13, 0, 0
;__Lib_MathDouble.c,1447 :: 		
0x0462	0xF002EF3E  	GOTO        DOK32
;__Lib_MathDouble.c,1448 :: 		
DREST32:
;__Lib_MathDouble.c,1449 :: 		
0x0466	0x5004      	MOVF        R4, 0, 0
;__Lib_MathDouble.c,1450 :: 		
0x0468	0x2600      	ADDWF       R0, 1, 0
;__Lib_MathDouble.c,1451 :: 		
0x046A	0x5005      	MOVF        R5, 0, 0
;__Lib_MathDouble.c,1452 :: 		
0x046C	0xB0D8      	BTFSC       STATUS, 0, 0
;__Lib_MathDouble.c,1453 :: 		
0x046E	0x3C05      	INCFSZ      R5, 0, 0
;__Lib_MathDouble.c,1455 :: 		
0x0470	0x2601      	ADDWF       R1, 1, 0
;__Lib_MathDouble.c,1456 :: 		
0x0472	0x5006      	MOVF        R6, 0, 0
;__Lib_MathDouble.c,1457 :: 		
0x0474	0xB0D8      	BTFSC       STATUS, 0, 0
;__Lib_MathDouble.c,1458 :: 		
0x0476	0x2806      	INCF        R6, 0, 0
;__Lib_MathDouble.c,1459 :: 		
0x0478	0x2602      	ADDWF       R2, 1, 0
;__Lib_MathDouble.c,1460 :: 		
0x047A	0x900D      	BCF         R13, 0, 0
;__Lib_MathDouble.c,1461 :: 		
DOK32:
;__Lib_MathDouble.c,1462 :: 		
0x047C	0x2E0B      	DECFSZ      R11, 1, 0
;__Lib_MathDouble.c,1463 :: 		
0x047E	0xF002EF1A  	GOTO        DLOOP32
;__Lib_MathDouble.c,1467 :: 		
0x0482	0xF002EF64  	GOTO        DIV32OK
;__Lib_MathDouble.c,1468 :: 		
0x0486	0x90D8      	BCF         STATUS, 0, 0
;__Lib_MathDouble.c,1469 :: 		
0x0488	0x3600      	RLCF        R0, 1, 0
;__Lib_MathDouble.c,1470 :: 		
0x048A	0x3601      	RLCF        R1, 1, 0
;__Lib_MathDouble.c,1471 :: 		
0x048C	0x3602      	RLCF        R2, 1, 0
;__Lib_MathDouble.c,1472 :: 		
0x048E	0x360E      	RLCF        R14, 1, 0
;__Lib_MathDouble.c,1474 :: 		
0x0490	0x5004      	MOVF        R4, 0, 0
;__Lib_MathDouble.c,1475 :: 		
0x0492	0x5E00      	SUBWF       R0, 1, 0
;__Lib_MathDouble.c,1476 :: 		
0x0494	0x5005      	MOVF        R5, 0, 0
;__Lib_MathDouble.c,1477 :: 		
0x0496	0xA0D8      	BTFSS       STATUS, 0, 0
;__Lib_MathDouble.c,1478 :: 		
0x0498	0x3C05      	INCFSZ      R5, 0, 0
;__Lib_MathDouble.c,1479 :: 		
0x049A	0x5E01      	SUBWF       R1, 1, 0
;__Lib_MathDouble.c,1480 :: 		
0x049C	0x5006      	MOVF        R6, 0, 0
;__Lib_MathDouble.c,1481 :: 		
0x049E	0xA0D8      	BTFSS       STATUS, 0, 0
;__Lib_MathDouble.c,1482 :: 		
0x04A0	0x3C06      	INCFSZ      R6, 0, 0
;__Lib_MathDouble.c,1483 :: 		
0x04A2	0x5E02      	SUBWF       R2, 1, 0
;__Lib_MathDouble.c,1484 :: 		
0x04A4	0x3406      	RLCF        R6, 0, 0
;__Lib_MathDouble.c,1485 :: 		
0x04A6	0x100E      	IORWF       R14, 0, 0
;__Lib_MathDouble.c,1486 :: 		
0x04A8	0x0B01      	ANDLW       1
;__Lib_MathDouble.c,1487 :: 		
0x04AA	0x260D      	ADDWF       R13, 1, 0
;__Lib_MathDouble.c,1488 :: 		
0x04AC	0xB0D8      	BTFSC       STATUS, 0, 0
;__Lib_MathDouble.c,1489 :: 		
0x04AE	0x2A0C      	INCF        R12, 1, 0
;__Lib_MathDouble.c,1490 :: 		
0x04B0	0xB4D8      	BTFSC       STATUS, 2, 0
;__Lib_MathDouble.c,1491 :: 		
0x04B2	0x2A08      	INCF        R8, 1, 0
;__Lib_MathDouble.c,1492 :: 		
0x04B4	0xA4D8      	BTFSS       STATUS, 2, 0
;__Lib_MathDouble.c,1493 :: 		
0x04B6	0xF002EF64  	GOTO        DIV32OK
;__Lib_MathDouble.c,1494 :: 		
0x04BA	0x3208      	RRCF        R8, 1, 0
;__Lib_MathDouble.c,1495 :: 		
0x04BC	0x320C      	RRCF        R12, 1, 0
;__Lib_MathDouble.c,1496 :: 		
0x04BE	0x320D      	RRCF        R13, 1, 0
;__Lib_MathDouble.c,1497 :: 		
0x04C0	0x2A03      	INCF        R3, 1, 0
;__Lib_MathDouble.c,1498 :: 		
0x04C2	0xB4D8      	BTFSC       STATUS, 2, 0
;__Lib_MathDouble.c,1499 :: 		
0x04C4	0xF002EF76  	GOTO        JPDSETFOV32
;__Lib_MathDouble.c,1500 :: 		
DIV32OK:
;__Lib_MathDouble.c,1501 :: 		
0x04C8	0xAE0A      	BTFSS       R10, 7, 0
;__Lib_MathDouble.c,1502 :: 		
0x04CA	0x9E08      	BCF         R8, 7, 0
;__Lib_MathDouble.c,1503 :: 		
0x04CC	0x5008      	MOVF        R8, 0, 0
;__Lib_MathDouble.c,1504 :: 		
0x04CE	0x6E02      	MOVWF       R2, 0
;__Lib_MathDouble.c,1505 :: 		
0x04D0	0x500C      	MOVF        R12, 0, 0
;__Lib_MathDouble.c,1506 :: 		
0x04D2	0x6E01      	MOVWF       R1, 0
;__Lib_MathDouble.c,1507 :: 		
0x04D4	0x500D      	MOVF        R13, 0, 0
;__Lib_MathDouble.c,1508 :: 		
0x04D6	0x6E00      	MOVWF       R0, 0
;__Lib_MathDouble.c,1511 :: 		
0x04D8	0xF002EF7C  	GOTO        DIV32EEE
;__Lib_MathDouble.c,1512 :: 		
JPDSETFDZ32:
;__Lib_MathDouble.c,1513 :: 		
0x04DC	0x0E01      	MOVLW       1
;__Lib_MathDouble.c,1516 :: 		
0x04DE	0xDE81      	RCALL       _SETFDZ32
;__Lib_MathDouble.c,1518 :: 		
0x04E0	0xF002EF7C  	GOTO        DIV32EEE
;__Lib_MathDouble.c,1519 :: 		
JPDRES032:
;__Lib_MathDouble.c,1520 :: 		
0x04E4	0x0E02      	MOVLW       2
;__Lib_MathDouble.c,1523 :: 		
0x04E6	0xDDAD      	RCALL       _RES032
;__Lib_MathDouble.c,1525 :: 		
0x04E8	0xF002EF7C  	GOTO        DIV32EEE
;__Lib_MathDouble.c,1526 :: 		
JPDSETFOV32:
;__Lib_MathDouble.c,1527 :: 		
0x04EC	0x0E04      	MOVLW       4
;__Lib_MathDouble.c,1530 :: 		
0x04EE	0xDE67      	RCALL       _SETFOV32
;__Lib_MathDouble.c,1532 :: 		
0x04F0	0xF002EF7C  	GOTO        DIV32EEE
;__Lib_MathDouble.c,1533 :: 		
JPDSETFUN32:
;__Lib_MathDouble.c,1534 :: 		
0x04F4	0x0E08      	MOVLW       8
;__Lib_MathDouble.c,1537 :: 		
0x04F6	0xDDAC      	RCALL       _SETFUN32
;__Lib_MathDouble.c,1539 :: 		
DIV32EEE:
;__Lib_MathDouble.c,1547 :: 		
L_end_Div_32x32_FP:
0x04F8	0x0012      	RETURN      0
; end of _Div_32x32_FP
_double2int:
;__Lib_MathDouble.c,1897 :: 		
;__Lib_MathDouble.c,1906 :: 		
0x04FA	0x6A0B      	CLRF        R11, 0
;__Lib_MathDouble.c,1907 :: 		
0x04FC	0x5003      	MOVF        R3, 0, 0
;__Lib_MathDouble.c,1908 :: 		
0x04FE	0xB4D8      	BTFSC       STATUS, 2, 0
;__Lib_MathDouble.c,1909 :: 		
0x0500	0xF002EFC3  	GOTO        IRES016
;__Lib_MathDouble.c,1910 :: 		
0x0504	0x5002      	MOVF        R2, 0, 0
;__Lib_MathDouble.c,1911 :: 		
0x0506	0x6E0A      	MOVWF       R10, 0
;__Lib_MathDouble.c,1912 :: 		
0x0508	0x8E02      	BSF         R2, 7, 0
;__Lib_MathDouble.c,1914 :: 		
0x050A	0x0E8E      	MOVLW       142
;__Lib_MathDouble.c,1915 :: 		
0x050C	0x5E03      	SUBWF       R3, 1, 0
;__Lib_MathDouble.c,1916 :: 		
0x050E	0xAE03      	BTFSS       R3, 7, 0
;__Lib_MathDouble.c,1917 :: 		
0x0510	0xF002EFC7  	GOTO        SETIOV16
;__Lib_MathDouble.c,1918 :: 		
0x0514	0x6C03      	NEGF        R3, 0
;__Lib_MathDouble.c,1920 :: 		
0x0516	0x0E08      	MOVLW       8
;__Lib_MathDouble.c,1921 :: 		
0x0518	0x5C03      	SUBWF       R3, 0, 0
;__Lib_MathDouble.c,1922 :: 		
0x051A	0xA0D8      	BTFSS       STATUS, 0, 0
;__Lib_MathDouble.c,1923 :: 		
0x051C	0xF002EFA2  	GOTO        TSHIFT3216
;__Lib_MathDouble.c,1924 :: 		
0x0520	0x6E03      	MOVWF       R3, 0
;__Lib_MathDouble.c,1925 :: 		
0x0522	0x3601      	RLCF        R1, 1, 0
;__Lib_MathDouble.c,1926 :: 		
0x0524	0xF001C002  	MOVFF       R2, R1
;__Lib_MathDouble.c,1927 :: 		
0x0528	0x6A02      	CLRF        R2, 0
;__Lib_MathDouble.c,1929 :: 		
0x052A	0x0E08      	MOVLW       8
;__Lib_MathDouble.c,1930 :: 		
0x052C	0x5C03      	SUBWF       R3, 0, 0
;__Lib_MathDouble.c,1931 :: 		
0x052E	0xA0D8      	BTFSS       STATUS, 0, 0
;__Lib_MathDouble.c,1932 :: 		
0x0530	0xF002EFA2  	GOTO        TSHIFT3216
;__Lib_MathDouble.c,1933 :: 		
0x0534	0x6E03      	MOVWF       R3, 0
;__Lib_MathDouble.c,1934 :: 		
0x0536	0x3601      	RLCF        R1, 1, 0
;__Lib_MathDouble.c,1935 :: 		
0x0538	0x6A01      	CLRF        R1, 0
;__Lib_MathDouble.c,1937 :: 		
0x053A	0x5003      	MOVF        R3, 0, 0
;__Lib_MathDouble.c,1938 :: 		
0x053C	0xA4D8      	BTFSS       STATUS, 2, 0
;__Lib_MathDouble.c,1939 :: 		
0x053E	0x90D8      	BCF         STATUS, 0, 0
;__Lib_MathDouble.c,1940 :: 		
0x0540	0xF002EFAC  	GOTO        SHIFT3216OK
;__Lib_MathDouble.c,1941 :: 		
TSHIFT3216:
;__Lib_MathDouble.c,1942 :: 		
0x0544	0x5003      	MOVF        R3, 0, 0
;__Lib_MathDouble.c,1943 :: 		
0x0546	0xB4D8      	BTFSC       STATUS, 2, 0
;__Lib_MathDouble.c,1944 :: 		
0x0548	0xF002EFAC  	GOTO        SHIFT3216OK
;__Lib_MathDouble.c,1945 :: 		
SHIFT3216:
;__Lib_MathDouble.c,1946 :: 		
0x054C	0x90D8      	BCF         STATUS, 0, 0
;__Lib_MathDouble.c,1947 :: 		
0x054E	0x3202      	RRCF        R2, 1, 0
;__Lib_MathDouble.c,1948 :: 		
0x0550	0x3201      	RRCF        R1, 1, 0
;__Lib_MathDouble.c,1949 :: 		
0x0552	0x2E03      	DECFSZ      R3, 1, 0
;__Lib_MathDouble.c,1950 :: 		
0x0554	0xF002EFA6  	GOTO        SHIFT3216
;__Lib_MathDouble.c,1951 :: 		
SHIFT3216OK:
;__Lib_MathDouble.c,1952 :: 		
0x0558	0xBC0B      	BTFSC       R11, 6, 0
;__Lib_MathDouble.c,1953 :: 		
0x055A	0xA001      	BTFSS       R1, 0, 0
;__Lib_MathDouble.c,1954 :: 		
0x055C	0xF002EFB9  	GOTO        INT3216OK
;__Lib_MathDouble.c,1955 :: 		
0x0560	0xA0D8      	BTFSS       STATUS, 0, 0
;__Lib_MathDouble.c,1956 :: 		
0x0562	0xF002EFB9  	GOTO        INT3216OK
;__Lib_MathDouble.c,1957 :: 		
0x0566	0x2A01      	INCF        R1, 1, 0
;__Lib_MathDouble.c,1958 :: 		
0x0568	0xB4D8      	BTFSC       STATUS, 2, 0
;__Lib_MathDouble.c,1959 :: 		
0x056A	0x2A02      	INCF        R2, 1, 0
;__Lib_MathDouble.c,1960 :: 		
0x056C	0xBE02      	BTFSC       R2, 7, 0
;__Lib_MathDouble.c,1961 :: 		
0x056E	0xF002EFD6  	GOTO        JPJSETIOV3224
;__Lib_MathDouble.c,1962 :: 		
INT3216OK:
;__Lib_MathDouble.c,1963 :: 		
0x0572	0xAE0A      	BTFSS       R10, 7, 0
;__Lib_MathDouble.c,1964 :: 		
0x0574	0xF002EFDB  	GOTO        INT3216EOK
;__Lib_MathDouble.c,1966 :: 		
0x0578	0x1E02      	COMF        R2, 1, 0
;__Lib_MathDouble.c,1967 :: 		
0x057A	0x1E01      	COMF        R1, 1, 0
;__Lib_MathDouble.c,1968 :: 		
0x057C	0x2A01      	INCF        R1, 1, 0
;__Lib_MathDouble.c,1969 :: 		
0x057E	0xB4D8      	BTFSC       STATUS, 2, 0
;__Lib_MathDouble.c,1970 :: 		
0x0580	0x2A02      	INCF        R2, 1, 0
;__Lib_MathDouble.c,1971 :: 		
0x0582	0xF002EFDB  	GOTO        INT3216EOK
;__Lib_MathDouble.c,1973 :: 		
IRES016:
;__Lib_MathDouble.c,1974 :: 		
0x0586	0x6A02      	CLRF        R2, 0
;__Lib_MathDouble.c,1975 :: 		
0x0588	0x6A01      	CLRF        R1, 0
;__Lib_MathDouble.c,1976 :: 		
0x058A	0xF002EFDB  	GOTO        INT3216EOK
;__Lib_MathDouble.c,1977 :: 		
SETIOV16:
;__Lib_MathDouble.c,1978 :: 		
0x058E	0x800B      	BSF         R11, 0, 0
;__Lib_MathDouble.c,1979 :: 		
0x0590	0xAE0B      	BTFSS       R11, 7, 0
;__Lib_MathDouble.c,1980 :: 		
0x0592	0xF002EFDF  	GOTO        INT3216EER
;__Lib_MathDouble.c,1982 :: 		
0x0596	0x6A02      	CLRF        R2, 0
;__Lib_MathDouble.c,1983 :: 		
0x0598	0xAE0A      	BTFSS       R10, 7, 0
;__Lib_MathDouble.c,1984 :: 		
0x059A	0xF002EFDF  	GOTO        INT3216EER
;__Lib_MathDouble.c,1985 :: 		
0x059E	0x0EFF      	MOVLW       255
;__Lib_MathDouble.c,1986 :: 		
0x05A0	0x6E02      	MOVWF       R2, 0
;__Lib_MathDouble.c,1987 :: 		
0x05A2	0x6E01      	MOVWF       R1, 0
;__Lib_MathDouble.c,1988 :: 		
0x05A4	0x360A      	RLCF        R10, 1, 0
;__Lib_MathDouble.c,1989 :: 		
0x05A6	0x3202      	RRCF        R2, 1, 0
;__Lib_MathDouble.c,1990 :: 		
0x05A8	0xF002EFDF  	GOTO        INT3216EER
;__Lib_MathDouble.c,1992 :: 		
JPJSETIOV3224:
;__Lib_MathDouble.c,1993 :: 		
0x05AC	0x0E01      	MOVLW       1
;__Lib_MathDouble.c,1994 :: 		
0x05AE	0x6E0C      	MOVWF       R12, 0
;__Lib_MathDouble.c,1996 :: 		
0x05B0	0xDD9E      	RCALL       _SETIOV3224
;__Lib_MathDouble.c,1998 :: 		
0x05B2	0xF002EFE1  	GOTO        INT3216EEE
;__Lib_MathDouble.c,1999 :: 		
INT3216EOK:
;__Lib_MathDouble.c,2000 :: 		
0x05B6	0x0E00      	MOVLW       0
;__Lib_MathDouble.c,2001 :: 		
0x05B8	0x6E0C      	MOVWF       R12, 0
;__Lib_MathDouble.c,2002 :: 		
0x05BA	0xF002EFE1  	GOTO        INT3216EEE
;__Lib_MathDouble.c,2003 :: 		
INT3216EER:
;__Lib_MathDouble.c,2004 :: 		
0x05BE	0x0EFF      	MOVLW       255
;__Lib_MathDouble.c,2005 :: 		
0x05C0	0x6E0C      	MOVWF       R12, 0
;__Lib_MathDouble.c,2006 :: 		
INT3216EEE:
;__Lib_MathDouble.c,2007 :: 		
0x05C2	0x5001      	MOVF        R1, 0, 0
;__Lib_MathDouble.c,2008 :: 		
0x05C4	0x6E00      	MOVWF       R0, 0
;__Lib_MathDouble.c,2009 :: 		
0x05C6	0x5002      	MOVF        R2, 0, 0
;__Lib_MathDouble.c,2010 :: 		
0x05C8	0x6E01      	MOVWF       R1, 0
;__Lib_MathDouble.c,2015 :: 		
L_end_double2int:
0x05CA	0x0012      	RETURN      0
; end of _double2int
_Lcd_Out:
;__Lib_Lcd.c,184 :: 		
;__Lib_Lcd.c,187 :: 		
0x05CC	0xD00F      	BRA         L_Lcd_Out11
;__Lib_Lcd.c,188 :: 		
L_Lcd_Out13:
0x05CE	0x0E80      	MOVLW       128
0x05D0	0x6E1D      	MOVWF       FARG_Lcd_Out_row 
0x05D2	0xD019      	BRA         L_Lcd_Out12
;__Lib_Lcd.c,189 :: 		
L_Lcd_Out14:
0x05D4	0x0EC0      	MOVLW       192
0x05D6	0x6E1D      	MOVWF       FARG_Lcd_Out_row 
0x05D8	0xD016      	BRA         L_Lcd_Out12
;__Lib_Lcd.c,190 :: 		
L_Lcd_Out15:
0x05DA	0x0E94      	MOVLW       148
0x05DC	0x6E1D      	MOVWF       FARG_Lcd_Out_row 
0x05DE	0xD013      	BRA         L_Lcd_Out12
;__Lib_Lcd.c,191 :: 		
L_Lcd_Out16:
0x05E0	0x0ED4      	MOVLW       212
0x05E2	0x6E1D      	MOVWF       FARG_Lcd_Out_row 
0x05E4	0xD010      	BRA         L_Lcd_Out12
;__Lib_Lcd.c,192 :: 		
L_Lcd_Out17:
0x05E6	0x0E80      	MOVLW       128
0x05E8	0x6E1D      	MOVWF       FARG_Lcd_Out_row 
;__Lib_Lcd.c,193 :: 		
0x05EA	0xD00D      	BRA         L_Lcd_Out12
L_Lcd_Out11:
0x05EC	0x501D      	MOVF        FARG_Lcd_Out_row, 0 
0x05EE	0x0A01      	XORLW       1
0x05F0	0xE0EE      	BZ          L_Lcd_Out13
0x05F2	0x501D      	MOVF        FARG_Lcd_Out_row, 0 
0x05F4	0x0A02      	XORLW       2
0x05F6	0xE0EE      	BZ          L_Lcd_Out14
0x05F8	0x501D      	MOVF        FARG_Lcd_Out_row, 0 
0x05FA	0x0A03      	XORLW       3
0x05FC	0xE0EE      	BZ          L_Lcd_Out15
0x05FE	0x501D      	MOVF        FARG_Lcd_Out_row, 0 
0x0600	0x0A04      	XORLW       4
0x0602	0xE0EE      	BZ          L_Lcd_Out16
0x0604	0xD7F0      	BRA         L_Lcd_Out17
L_Lcd_Out12:
;__Lib_Lcd.c,194 :: 		
0x0606	0x041E      	DECF        FARG_Lcd_Out_column, 0 
0x0608	0x6E00      	MOVWF       R0 
0x060A	0x501D      	MOVF        FARG_Lcd_Out_row, 0 
0x060C	0x2600      	ADDWF       R0, 1 
0x060E	0xF01DC000  	MOVFF       R0, FARG_Lcd_Out_row
;__Lib_Lcd.c,196 :: 		
0x0612	0xF025C000  	MOVFF       R0, FARG_Lcd_Cmd_out_char
0x0616	0xDD2D      	RCALL       _Lcd_Cmd
;__Lib_Lcd.c,197 :: 		
0x0618	0x9016      	BCF         __Lib_Lcd_cmd_status, BitPos(__Lib_Lcd_cmd_status+0) 
;__Lib_Lcd.c,198 :: 		
0x061A	0x6A21      	CLRF        Lcd_Out_i_L0 
;__Lib_Lcd.c,199 :: 		
L_Lcd_Out18:
0x061C	0x5021      	MOVF        Lcd_Out_i_L0, 0 
0x061E	0x241F      	ADDWF       FARG_Lcd_Out_text, 0 
0x0620	0x6EE9      	MOVWF       FSR0L 
0x0622	0x0E00      	MOVLW       0
0x0624	0x2020      	ADDWFC      FARG_Lcd_Out_text+1, 0 
0x0626	0x6EEA      	MOVWF       FSR0L+1 
0x0628	0x52EE      	MOVF        POSTINC0, 1 
0x062A	0xE00B      	BZ          L_Lcd_Out19
;__Lib_Lcd.c,200 :: 		
0x062C	0x5021      	MOVF        Lcd_Out_i_L0, 0 
0x062E	0x241F      	ADDWF       FARG_Lcd_Out_text, 0 
0x0630	0x6EE9      	MOVWF       FSR0L 
0x0632	0x0E00      	MOVLW       0
0x0634	0x2020      	ADDWFC      FARG_Lcd_Out_text+1, 0 
0x0636	0x6EEA      	MOVWF       FSR0L+1 
0x0638	0xF024CFEE  	MOVFF       POSTINC0, FARG_Lcd_Chr_CP_out_char
0x063C	0xDDBA      	RCALL       _Lcd_Chr_CP
0x063E	0x2A21      	INCF        Lcd_Out_i_L0, 1 
0x0640	0xD7ED      	BRA         L_Lcd_Out18
L_Lcd_Out19:
;__Lib_Lcd.c,201 :: 		
0x0642	0x8016      	BSF         __Lib_Lcd_cmd_status, BitPos(__Lib_Lcd_cmd_status+0) 
;__Lib_Lcd.c,202 :: 		
L_end_Lcd_Out:
0x0644	0x0012      	RETURN      0
; end of _Lcd_Out
_main:
0x0646	0xF003EC6A  	CALL        1748, 0
;Exercicio7.c,21 :: 		void main() {
;Exercicio7.c,25 :: 		ADCON1 = 0b00001100;
0x064A	0x0E0C      	MOVLW       12
0x064C	0x6EC1      	MOVWF       ADCON1 
;Exercicio7.c,26 :: 		Lcd_Init();
0x064E	0xDE08      	RCALL       _Lcd_Init
;Exercicio7.c,28 :: 		while(1){
L_main0:
;Exercicio7.c,29 :: 		POT1 = ADC_Read(0) / 10.23;
0x0650	0x6A1D      	CLRF        FARG_ADC_Read_channel 
0x0652	0xDDE7      	RCALL       _ADC_Read
0x0654	0xDDD2      	RCALL       _word2double
0x0656	0x0E14      	MOVLW       20
0x0658	0x6E04      	MOVWF       R4 
0x065A	0x0EAE      	MOVLW       174
0x065C	0x6E05      	MOVWF       R5 
0x065E	0x0E23      	MOVLW       35
0x0660	0x6E06      	MOVWF       R6 
0x0662	0x0E82      	MOVLW       130
0x0664	0x6E07      	MOVWF       R7 
0x0666	0xDE8F      	RCALL       _Div_32x32_FP
0x0668	0xDF48      	RCALL       _double2int
;Exercicio7.c,30 :: 		WordtoStr(POT1,texto);
0x066A	0xF01DC000  	MOVFF       R0, FARG_WordToStr_input
0x066E	0xF01EC001  	MOVFF       R1, FARG_WordToStr_input+1
0x0672	0x0E17      	MOVLW       main_texto_L0
0x0674	0x6E1F      	MOVWF       FARG_WordToStr_output 
0x0676	0x0E00      	MOVLW       hi_addr(main_texto_L0)
0x0678	0x6E20      	MOVWF       FARG_WordToStr_output+1 
0x067A	0xDE3D      	RCALL       _WordToStr
;Exercicio7.c,31 :: 		Lcd_out(1,1, texto );
0x067C	0x0E01      	MOVLW       1
0x067E	0x6E1D      	MOVWF       FARG_Lcd_Out_row 
0x0680	0x0E01      	MOVLW       1
0x0682	0x6E1E      	MOVWF       FARG_Lcd_Out_column 
0x0684	0x0E17      	MOVLW       main_texto_L0
0x0686	0x6E1F      	MOVWF       FARG_Lcd_Out_text 
0x0688	0x0E00      	MOVLW       hi_addr(main_texto_L0)
0x068A	0x6E20      	MOVWF       FARG_Lcd_Out_text+1 
0x068C	0xDF9F      	RCALL       _Lcd_Out
;Exercicio7.c,34 :: 		POT2 = ADC_Read(1) / 10.23;
0x068E	0x0E01      	MOVLW       1
0x0690	0x6E1D      	MOVWF       FARG_ADC_Read_channel 
0x0692	0xDDC7      	RCALL       _ADC_Read
0x0694	0xDDB2      	RCALL       _word2double
0x0696	0x0E14      	MOVLW       20
0x0698	0x6E04      	MOVWF       R4 
0x069A	0x0EAE      	MOVLW       174
0x069C	0x6E05      	MOVWF       R5 
0x069E	0x0E23      	MOVLW       35
0x06A0	0x6E06      	MOVWF       R6 
0x06A2	0x0E82      	MOVLW       130
0x06A4	0x6E07      	MOVWF       R7 
0x06A6	0xDE6F      	RCALL       _Div_32x32_FP
0x06A8	0xDF28      	RCALL       _double2int
;Exercicio7.c,35 :: 		WordtoStr(POT2,texto);
0x06AA	0xF01DC000  	MOVFF       R0, FARG_WordToStr_input
0x06AE	0xF01EC001  	MOVFF       R1, FARG_WordToStr_input+1
0x06B2	0x0E17      	MOVLW       main_texto_L0
0x06B4	0x6E1F      	MOVWF       FARG_WordToStr_output 
0x06B6	0x0E00      	MOVLW       hi_addr(main_texto_L0)
0x06B8	0x6E20      	MOVWF       FARG_WordToStr_output+1 
0x06BA	0xDE1D      	RCALL       _WordToStr
;Exercicio7.c,36 :: 		Lcd_out(1,1, texto );
0x06BC	0x0E01      	MOVLW       1
0x06BE	0x6E1D      	MOVWF       FARG_Lcd_Out_row 
0x06C0	0x0E01      	MOVLW       1
0x06C2	0x6E1E      	MOVWF       FARG_Lcd_Out_column 
0x06C4	0x0E17      	MOVLW       main_texto_L0
0x06C6	0x6E1F      	MOVWF       FARG_Lcd_Out_text 
0x06C8	0x0E00      	MOVLW       hi_addr(main_texto_L0)
0x06CA	0x6E20      	MOVWF       FARG_Lcd_Out_text+1 
0x06CC	0xDF7F      	RCALL       _Lcd_Out
;Exercicio7.c,38 :: 		}
0x06CE	0xD7C0      	BRA         L_main0
;Exercicio7.c,39 :: 		}
L_end_main:
0x06D0	0xD7FF      	BRA         $+0
; end of _main
0x06D4	0xF015EE10  	LFSR        1, 21
0x06D8	0x0E01      	MOVLW       1
0x06DA	0x6E00      	MOVWF       R0 
0x06DC	0x0E01      	MOVLW       1
0x06DE	0x6E01      	MOVWF       R1 
0x06E0	0x0ED2      	MOVLW       210
0x06E2	0x6EF6      	MOVWF       TBLPTR 
0x06E4	0x0E06      	MOVLW       6
0x06E6	0x6EF7      	MOVWF       TBLPTRH 
0x06E8	0x0E00      	MOVLW       0
0x06EA	0x6EF8      	MOVWF       TBLPTRU 
0x06EC	0xF000ECF5  	CALL        490, 0
0x06F0	0x0012      	RETURN      0
;__Lib_ADC_A_D.c,0 :: ?ICS_vref_mask
0x06D2	0x30 ;?ICS_vref_mask+0
; end of ?ICS_vref_mask
Symbol List:
//** Routines locations **
//ADDRESS    SIZE    PROCEDURE
//----------------------------------------------
0x001C      [22]    _Delay_5500us
0x0032       [6]    _Delay_1us
0x0038      [10]    _Delay_50us
0x0042      [14]    _RES032
0x0050      [26]    _SETFUN32
0x006A       [8]    _FIXSIGN32
0x0072     [124]    _Lcd_Cmd
0x00EE      [28]    _SETIOV3224
0x010A     [114]    _NRM3232
0x017C      [54]    _Div_16X16_U
0x01B2      [12]    _Lcd_Chr_CP
0x01BE      [24]    _SETFOV32
0x01D6      [12]    _Delay_22us
0x01E2       [8]    _SETFDZ32
0x01EA      [16]    ___CC2DW
0x01FA      [40]    _word2double
0x0222      [62]    _ADC_Read
0x0260     [150]    _Lcd_Init
0x02F6     [144]    _WordToStr
0x0386     [372]    _Div_32x32_FP
0x04FA     [210]    _double2int
0x05CC     [122]    _Lcd_Out
0x0646     [140]    _main
//** Variables locations ** 
//ADDRESS    SIZE    VARIABLE
//----------------------------------------------
0x0000       [1]    R0
0x0001       [1]    __Lib_Conversions_Adjust_Hex_tmp_L0
0x0001       [1]    R1
0x0002       [2]    memchr_s_L0
0x0002       [2]    memset_pp_L0
0x0002       [1]    R2
0x0002       [2]    memcpy_dd_L0
0x0002       [2]    strlen_cp_L0
0x0003       [2]    Ltrim_original_L0
0x0003       [2]    memmove_tt_L0
0x0003       [1]    R3
0x0004       [2]    strncpy_cp_L0
0x0004       [2]    memcpy_ss_L0
0x0004       [2]    strncat_cp_L0
0x0004       [2]    strcpy_cp_L0
0x0004       [1]    R4
0x0004       [2]    strcat_cp_L0
0x0005       [1]    R5
0x0005       [2]    memmove_ff_L0
0x0005       [2]    Ltrim_p_L0
0x0005       [2]    LongIntToHex_input_half_L0
0x0005       [2]    LongWordToHex_input_half_L0
0x0006       [1]    R6
0x0007       [1]    R7
0x0008       [1]    R8
0x0009       [1]    R9
0x000A       [1]    R10
0x000B       [1]    R11
0x000C       [1]    R12
0x000D       [1]    R13
0x000E       [1]    R14
0x000F       [1]    R15
0x0010       [1]    R16
0x0011       [1]    R17
0x0012       [1]    R18
0x0013       [1]    R19
0x0014       [1]    R20
0x0015       [1]    _vref_mask
0x0016       [0]    __Lib_Lcd_cmd_status
0x0017       [6]    main_texto_L0
0x001D       [1]    FARG_ADC_Read_channel
0x001D       [2]    FARG_WordToStr_input
0x001D       [1]    FARG_Lcd_Out_row
0x001E       [1]    FARG_Lcd_Out_column
0x001F       [2]    FARG_Lcd_Out_text
0x001F       [2]    FARG_WordToStr_output
0x0021       [1]    Lcd_Out_i_L0
0x0021       [1]    WordToStr_len_L0
0x0022       [2]    FLOC__WordToStr
0x0024       [1]    FARG_Lcd_Chr_CP_out_char
0x0025       [1]    FARG_Lcd_Cmd_out_char
0x0F83       [0]    RD4_bit
0x0F83       [0]    RD5_bit
0x0F83       [0]    LCD_D4
0x0F83       [0]    LCD_D7
0x0F83       [0]    LCD_D6
0x0F83       [0]    LCD_D5
0x0F83       [0]    RD7_bit
0x0F83       [0]    RD6_bit
0x0F84       [0]    RE1_bit
0x0F84       [0]    RE2_bit
0x0F84       [0]    LCD_RS
0x0F84       [0]    LCD_EN
0x0F95       [0]    LCD_D7_Direction
0x0F95       [0]    LCD_D6_Direction
0x0F95       [0]    LCD_D5_Direction
0x0F95       [0]    TRISD7_bit
0x0F95       [0]    LCD_D4_Direction
0x0F95       [0]    TRISD4_bit
0x0F95       [0]    TRISD5_bit
0x0F95       [0]    TRISD6_bit
0x0F96       [0]    LCD_RS_Direction
0x0F96       [0]    LCD_EN_Direction
0x0F96       [0]    TRISE1_bit
0x0F96       [0]    TRISE2_bit
0x0FC0       [1]    ADCON2
0x0FC1       [1]    ADCON1
0x0FC2       [1]    ADCON0
0x0FC3       [1]    ADRESL
0x0FC4       [1]    ADRESH
0x0FD8       [1]    STATUS
0x0FD9       [1]    FSR2L
0x0FDA       [1]    FSR2H
0x0FDE       [1]    POSTINC2
0x0FE0       [1]    BSR
0x0FE1       [1]    FSR1L
0x0FE2       [1]    FSR1H
0x0FE4       [1]    PREINC1
0x0FE6       [1]    POSTINC1
0x0FE7       [1]    INDF1
0x0FE8       [1]    WREG
0x0FE9       [1]    FSR0L
0x0FEA       [1]    FSR0H
0x0FEE       [1]    POSTINC0
0x0FF3       [1]    PRODL
0x0FF4       [1]    PRODH
0x0FF5       [1]    TABLAT
0x0FF6       [1]    TBLPTRL
0x0FF6       [3]    TBLPTR
0x0FF7       [1]    TBLPTRH
0x0FF8       [1]    TBLPTRU
//** Constants locations ** 
//ADDRESS    SIZE    CONSTANT
//----------------------------------------------
0x06D2       [1]    ?ICS_vref_mask
