;  LST file generated by mikroListExporter - v.2.0 
; Date/Time: 15/08/2024 10:23:14
;----------------------------------------------

;Address Opcode 	ASM
0x0000	0xF001EFE4  	GOTO        968
0x0004	0x0000      	NOP
0x0006	0x0000      	NOP
0x0008	0xF000EF00  	GOTO        0
0x000C	0x0000      	NOP
0x000E	0x0000      	NOP
0x0010	0x0000      	NOP
0x0012	0x0000      	NOP
0x0014	0x0000      	NOP
0x0016	0x0000      	NOP
0x0018	0xD7F3      	BRA         0
_Delay_1us:
;__Lib_Delays.c,7 :: 		void Delay_1us() {
;__Lib_Delays.c,8 :: 		Delay_us(1);
0x001C	0x0000      	NOP
0x001E	0x0000      	NOP
;__Lib_Delays.c,9 :: 		}
L_end_Delay_1us:
0x0020	0x0012      	RETURN      0
; end of _Delay_1us
_Delay_5500us:
;__Lib_Delays.c,31 :: 		void Delay_5500us() {
;__Lib_Delays.c,32 :: 		Delay_us(5500);
0x0022	0x0E0F      	MOVLW       15
0x0024	0x6E0C      	MOVWF       R12, 0
0x0026	0x0E47      	MOVLW       71
0x0028	0x6E0D      	MOVWF       R13, 0
L_Delay_5500us5:
0x002A	0x2E0D      	DECFSZ      R13, 1, 0
0x002C	0xD7FE      	BRA         L_Delay_5500us5
0x002E	0x2E0C      	DECFSZ      R12, 1, 0
0x0030	0xD7FC      	BRA         L_Delay_5500us5
0x0032	0x0000      	NOP
0x0034	0x0000      	NOP
;__Lib_Delays.c,33 :: 		}
L_end_Delay_5500us:
0x0036	0x0012      	RETURN      0
; end of _Delay_5500us
_Delay_50us:
;__Lib_Delays.c,19 :: 		void Delay_50us() {
;__Lib_Delays.c,20 :: 		Delay_us(50);
0x0038	0x0E21      	MOVLW       33
0x003A	0x6E0D      	MOVWF       R13, 0
L_Delay_50us2:
0x003C	0x2E0D      	DECFSZ      R13, 1, 0
0x003E	0xD7FE      	BRA         L_Delay_50us2
;__Lib_Delays.c,21 :: 		}
L_end_Delay_50us:
0x0040	0x0012      	RETURN      0
; end of _Delay_50us
_Lcd_Cmd:
;__Lib_Lcd.c,18 :: 		
;__Lib_Lcd.c,20 :: 		
0x0042	0xBE35      	BTFSC       FARG_Lcd_Cmd_out_char, 7 
0x0044	0xD002      	BRA         L__Lcd_Cmd21
0x0046	0x9E83      	BCF         LCD_D7, BitPos(LCD_D7+0) 
0x0048	0xD001      	BRA         L__Lcd_Cmd22
L__Lcd_Cmd21:
0x004A	0x8E83      	BSF         LCD_D7, BitPos(LCD_D7+0) 
L__Lcd_Cmd22:
;__Lib_Lcd.c,21 :: 		
0x004C	0xBC35      	BTFSC       FARG_Lcd_Cmd_out_char, 6 
0x004E	0xD002      	BRA         L__Lcd_Cmd23
0x0050	0x9C83      	BCF         LCD_D6, BitPos(LCD_D6+0) 
0x0052	0xD001      	BRA         L__Lcd_Cmd24
L__Lcd_Cmd23:
0x0054	0x8C83      	BSF         LCD_D6, BitPos(LCD_D6+0) 
L__Lcd_Cmd24:
;__Lib_Lcd.c,22 :: 		
0x0056	0xBA35      	BTFSC       FARG_Lcd_Cmd_out_char, 5 
0x0058	0xD002      	BRA         L__Lcd_Cmd25
0x005A	0x9A83      	BCF         LCD_D5, BitPos(LCD_D5+0) 
0x005C	0xD001      	BRA         L__Lcd_Cmd26
L__Lcd_Cmd25:
0x005E	0x8A83      	BSF         LCD_D5, BitPos(LCD_D5+0) 
L__Lcd_Cmd26:
;__Lib_Lcd.c,23 :: 		
0x0060	0xB835      	BTFSC       FARG_Lcd_Cmd_out_char, 4 
0x0062	0xD002      	BRA         L__Lcd_Cmd27
0x0064	0x9883      	BCF         LCD_D4, BitPos(LCD_D4+0) 
0x0066	0xD001      	BRA         L__Lcd_Cmd28
L__Lcd_Cmd27:
0x0068	0x8883      	BSF         LCD_D4, BitPos(LCD_D4+0) 
L__Lcd_Cmd28:
;__Lib_Lcd.c,25 :: 		
0x006A	0xB024      	BTFSC       __Lib_Lcd_cmd_status, BitPos(__Lib_Lcd_cmd_status+0) 
0x006C	0xD002      	BRA         L__Lcd_Cmd29
0x006E	0x8484      	BSF         LCD_RS, BitPos(LCD_RS+0) 
0x0070	0xD001      	BRA         L__Lcd_Cmd30
L__Lcd_Cmd29:
0x0072	0x9484      	BCF         LCD_RS, BitPos(LCD_RS+0) 
L__Lcd_Cmd30:
;__Lib_Lcd.c,28 :: 		
0x0074	0x8284      	BSF         LCD_EN, BitPos(LCD_EN+0) 
;__Lib_Lcd.c,29 :: 		
0x0076	0xDFD2      	RCALL       _Delay_1us
;__Lib_Lcd.c,30 :: 		
0x0078	0x9284      	BCF         LCD_EN, BitPos(LCD_EN+0) 
;__Lib_Lcd.c,33 :: 		
0x007A	0xB635      	BTFSC       FARG_Lcd_Cmd_out_char, 3 
0x007C	0xD002      	BRA         L__Lcd_Cmd31
0x007E	0x9E83      	BCF         LCD_D7, BitPos(LCD_D7+0) 
0x0080	0xD001      	BRA         L__Lcd_Cmd32
L__Lcd_Cmd31:
0x0082	0x8E83      	BSF         LCD_D7, BitPos(LCD_D7+0) 
L__Lcd_Cmd32:
;__Lib_Lcd.c,34 :: 		
0x0084	0xB435      	BTFSC       FARG_Lcd_Cmd_out_char, 2 
0x0086	0xD002      	BRA         L__Lcd_Cmd33
0x0088	0x9C83      	BCF         LCD_D6, BitPos(LCD_D6+0) 
0x008A	0xD001      	BRA         L__Lcd_Cmd34
L__Lcd_Cmd33:
0x008C	0x8C83      	BSF         LCD_D6, BitPos(LCD_D6+0) 
L__Lcd_Cmd34:
;__Lib_Lcd.c,35 :: 		
0x008E	0xB235      	BTFSC       FARG_Lcd_Cmd_out_char, 1 
0x0090	0xD002      	BRA         L__Lcd_Cmd35
0x0092	0x9A83      	BCF         LCD_D5, BitPos(LCD_D5+0) 
0x0094	0xD001      	BRA         L__Lcd_Cmd36
L__Lcd_Cmd35:
0x0096	0x8A83      	BSF         LCD_D5, BitPos(LCD_D5+0) 
L__Lcd_Cmd36:
;__Lib_Lcd.c,36 :: 		
0x0098	0xB035      	BTFSC       FARG_Lcd_Cmd_out_char, 0 
0x009A	0xD002      	BRA         L__Lcd_Cmd37
0x009C	0x9883      	BCF         LCD_D4, BitPos(LCD_D4+0) 
0x009E	0xD001      	BRA         L__Lcd_Cmd38
L__Lcd_Cmd37:
0x00A0	0x8883      	BSF         LCD_D4, BitPos(LCD_D4+0) 
L__Lcd_Cmd38:
;__Lib_Lcd.c,38 :: 		
0x00A2	0xB024      	BTFSC       __Lib_Lcd_cmd_status, BitPos(__Lib_Lcd_cmd_status+0) 
0x00A4	0xD002      	BRA         L__Lcd_Cmd39
0x00A6	0x8484      	BSF         LCD_RS, BitPos(LCD_RS+0) 
0x00A8	0xD001      	BRA         L__Lcd_Cmd40
L__Lcd_Cmd39:
0x00AA	0x9484      	BCF         LCD_RS, BitPos(LCD_RS+0) 
L__Lcd_Cmd40:
;__Lib_Lcd.c,40 :: 		
0x00AC	0x8284      	BSF         LCD_EN, BitPos(LCD_EN+0) 
;__Lib_Lcd.c,41 :: 		
0x00AE	0xDFB6      	RCALL       _Delay_1us
;__Lib_Lcd.c,42 :: 		
0x00B0	0x9284      	BCF         LCD_EN, BitPos(LCD_EN+0) 
;__Lib_Lcd.c,44 :: 		
0x00B2	0xA024      	BTFSS       __Lib_Lcd_cmd_status, BitPos(__Lib_Lcd_cmd_status+0) 
0x00B4	0xD002      	BRA         L_Lcd_Cmd0
;__Lib_Lcd.c,45 :: 		
0x00B6	0xDFB5      	RCALL       _Delay_5500us
0x00B8	0xD001      	BRA         L_Lcd_Cmd1
L_Lcd_Cmd0:
;__Lib_Lcd.c,47 :: 		
0x00BA	0xDFBE      	RCALL       _Delay_50us
L_Lcd_Cmd1:
;__Lib_Lcd.c,48 :: 		
L_end_Lcd_Cmd:
0x00BC	0x0012      	RETURN      0
; end of _Lcd_Cmd
_Mul_16X16_U:
;__Lib_Math.c,440 :: 		
;__Lib_Math.c,447 :: 		
0x00BE	0x6A0B      	CLRF        R11, 0
;__Lib_Math.c,448 :: 		
0x00C0	0x6A0A      	CLRF        R10, 0
;__Lib_Math.c,449 :: 		
0x00C2	0x6A09      	CLRF        R9, 0
;__Lib_Math.c,450 :: 		
0x00C4	0x5000      	MOVF        R0, 0, 0
;__Lib_Math.c,451 :: 		
0x00C6	0x0204      	MULWF       R4, 0
;__Lib_Math.c,453 :: 		
0x00C8	0xF009CFF4  	MOVFF       PRODH, R9
;__Lib_Math.c,454 :: 		
0x00CC	0xF008CFF3  	MOVFF       PRODL, R8
;__Lib_Math.c,455 :: 		
0x00D0	0x5001      	MOVF        R1, 0, 0
;__Lib_Math.c,456 :: 		
0x00D2	0x0205      	MULWF       R5, 0
;__Lib_Math.c,458 :: 		
0x00D4	0xF00BCFF4  	MOVFF       PRODH, R11
;__Lib_Math.c,459 :: 		
0x00D8	0xF00ACFF3  	MOVFF       PRODL, R10
;__Lib_Math.c,460 :: 		
0x00DC	0x5000      	MOVF        R0, 0, 0
;__Lib_Math.c,461 :: 		
0x00DE	0x0205      	MULWF       R5, 0
;__Lib_Math.c,463 :: 		
0x00E0	0x50F3      	MOVF        PRODL, 0, 0
;__Lib_Math.c,464 :: 		
0x00E2	0x2609      	ADDWF       R9, 1, 0
;__Lib_Math.c,465 :: 		
0x00E4	0x50F4      	MOVF        PRODH, 0, 0
;__Lib_Math.c,466 :: 		
0x00E6	0x220A      	ADDWFC      R10, 1, 0
;__Lib_Math.c,467 :: 		
0x00E8	0x6AE8      	CLRF        WREG, 0
;__Lib_Math.c,468 :: 		
0x00EA	0x220B      	ADDWFC      R11, 1, 0
;__Lib_Math.c,469 :: 		
0x00EC	0x5001      	MOVF        R1, 0, 0
;__Lib_Math.c,470 :: 		
0x00EE	0x0204      	MULWF       R4, 0
;__Lib_Math.c,472 :: 		
0x00F0	0x50F3      	MOVF        PRODL, 0, 0
;__Lib_Math.c,473 :: 		
0x00F2	0x2609      	ADDWF       R9, 1, 0
;__Lib_Math.c,474 :: 		
0x00F4	0x50F4      	MOVF        PRODH, 0, 0
;__Lib_Math.c,475 :: 		
0x00F6	0x220A      	ADDWFC      R10, 1, 0
;__Lib_Math.c,476 :: 		
0x00F8	0x6AE8      	CLRF        WREG, 0
;__Lib_Math.c,477 :: 		
0x00FA	0x220B      	ADDWFC      R11, 1, 0
;__Lib_Math.c,479 :: 		
0x00FC	0xF000C008  	MOVFF       R8, R0
;__Lib_Math.c,480 :: 		
0x0100	0xF001C009  	MOVFF       R9, R1
;__Lib_Math.c,481 :: 		
0x0104	0xF002C00A  	MOVFF       R10, R2
;__Lib_Math.c,482 :: 		
0x0108	0xF003C00B  	MOVFF       R11, R3
;__Lib_Math.c,485 :: 		
L_end_Mul_16X16_U:
0x010C	0x0012      	RETURN      0
; end of _Mul_16X16_U
_Delay_22us:
;__Lib_Delays.c,15 :: 		void Delay_22us() {
;__Lib_Delays.c,16 :: 		Delay_us(22);
0x010E	0x0E0E      	MOVLW       14
0x0110	0x6E0D      	MOVWF       R13, 0
L_Delay_22us1:
0x0112	0x2E0D      	DECFSZ      R13, 1, 0
0x0114	0xD7FE      	BRA         L_Delay_22us1
0x0116	0x0000      	NOP
;__Lib_Delays.c,17 :: 		}
L_end_Delay_22us:
0x0118	0x0012      	RETURN      0
; end of _Delay_22us
_Div_16X16_U:
;__Lib_Math.c,102 :: 		
;__Lib_Math.c,109 :: 		
0x011A	0x6A08      	CLRF        R8, 0
;__Lib_Math.c,110 :: 		
0x011C	0x6A09      	CLRF        R9, 0
;__Lib_Math.c,111 :: 		
0x011E	0x0E10      	MOVLW       16
;__Lib_Math.c,112 :: 		
0x0120	0x6E0C      	MOVWF       R12, 0
;__Lib_Math.c,113 :: 		
0x0122	0x3401      	RLCF        R1, 0, 0
;__Lib_Math.c,114 :: 		
0x0124	0x3608      	RLCF        R8, 1, 0
;__Lib_Math.c,115 :: 		
0x0126	0x3609      	RLCF        R9, 1, 0
;__Lib_Math.c,116 :: 		
0x0128	0x5004      	MOVF        R4, 0, 0
;__Lib_Math.c,117 :: 		
0x012A	0x5E08      	SUBWF       R8, 1, 0
;__Lib_Math.c,118 :: 		
0x012C	0x5005      	MOVF        R5, 0, 0
;__Lib_Math.c,119 :: 		
0x012E	0xA0D8      	BTFSS       STATUS, 0, 0
;__Lib_Math.c,120 :: 		
0x0130	0x3C05      	INCFSZ      R5, 0, 0
;__Lib_Math.c,121 :: 		
0x0132	0x5E09      	SUBWF       R9, 1, 0
;__Lib_Math.c,122 :: 		
0x0134	0xB0D8      	BTFSC       STATUS, 0, 0
;__Lib_Math.c,123 :: 		
0x0136	0xD007      	BRA         $+16
;__Lib_Math.c,124 :: 		
0x0138	0x5004      	MOVF        R4, 0, 0
;__Lib_Math.c,125 :: 		
0x013A	0x2608      	ADDWF       R8, 1, 0
;__Lib_Math.c,126 :: 		
0x013C	0x5005      	MOVF        R5, 0, 0
;__Lib_Math.c,127 :: 		
0x013E	0xB0D8      	BTFSC       STATUS, 0, 0
;__Lib_Math.c,128 :: 		
0x0140	0x3C05      	INCFSZ      R5, 0, 0
;__Lib_Math.c,129 :: 		
0x0142	0x2609      	ADDWF       R9, 1, 0
;__Lib_Math.c,130 :: 		
0x0144	0x90D8      	BCF         STATUS, 0, 0
;__Lib_Math.c,131 :: 		
0x0146	0x3600      	RLCF        R0, 1, 0
;__Lib_Math.c,132 :: 		
0x0148	0x3601      	RLCF        R1, 1, 0
;__Lib_Math.c,133 :: 		
0x014A	0x2E0C      	DECFSZ      R12, 1, 0
;__Lib_Math.c,134 :: 		
0x014C	0xD7EA      	BRA         $-42
;__Lib_Math.c,136 :: 		
L_end_Div_16X16_U:
0x014E	0x0012      	RETURN      0
; end of _Div_16X16_U
_Lcd_Chr_CP:
;__Lib_Lcd.c,50 :: 		
;__Lib_Lcd.c,52 :: 		
0x0150	0x9024      	BCF         __Lib_Lcd_cmd_status, BitPos(__Lib_Lcd_cmd_status+0) 
;__Lib_Lcd.c,53 :: 		
0x0152	0xF035C034  	MOVFF       FARG_Lcd_Chr_CP_out_char, FARG_Lcd_Cmd_out_char
0x0156	0xDF75      	RCALL       _Lcd_Cmd
;__Lib_Lcd.c,54 :: 		
0x0158	0x8024      	BSF         __Lib_Lcd_cmd_status, BitPos(__Lib_Lcd_cmd_status+0) 
;__Lib_Lcd.c,55 :: 		
L_end_Lcd_Chr_CP:
0x015A	0x0012      	RETURN      0
; end of _Lcd_Chr_CP
_WordToStr:
;__Lib_Conversions.c,98 :: 		
;__Lib_Conversions.c,103 :: 		
0x015C	0x6A31      	CLRF        WordToStr_len_L0 
L_WordToStr11:
0x015E	0x0E05      	MOVLW       5
0x0160	0x5C31      	SUBWF       WordToStr_len_L0, 0 
0x0162	0xE20A      	BC          L_WordToStr12
;__Lib_Conversions.c,104 :: 		
0x0164	0x5031      	MOVF        WordToStr_len_L0, 0 
0x0166	0x242F      	ADDWF       FARG_WordToStr_output, 0 
0x0168	0x6EE1      	MOVWF       FSR1L 
0x016A	0x0E00      	MOVLW       0
0x016C	0x2030      	ADDWFC      FARG_WordToStr_output+1, 0 
0x016E	0x6EE2      	MOVWF       FSR1L+1 
0x0170	0x0E20      	MOVLW       32
0x0172	0x6EE6      	MOVWF       POSTINC1 
;__Lib_Conversions.c,103 :: 		
0x0174	0x2A31      	INCF        WordToStr_len_L0, 1 
;__Lib_Conversions.c,104 :: 		
0x0176	0xD7F3      	BRA         L_WordToStr11
L_WordToStr12:
;__Lib_Conversions.c,105 :: 		
0x0178	0x5031      	MOVF        WordToStr_len_L0, 0 
0x017A	0x242F      	ADDWF       FARG_WordToStr_output, 0 
0x017C	0x6EE1      	MOVWF       FSR1L 
0x017E	0x0E00      	MOVLW       0
0x0180	0x2030      	ADDWFC      FARG_WordToStr_output+1, 0 
0x0182	0x6EE2      	MOVWF       FSR1L+1 
0x0184	0x6AE6      	CLRF        POSTINC1 
0x0186	0x0631      	DECF        WordToStr_len_L0, 1 
;__Lib_Conversions.c,107 :: 		
L_WordToStr14:
;__Lib_Conversions.c,108 :: 		
0x0188	0x5031      	MOVF        WordToStr_len_L0, 0 
0x018A	0x242F      	ADDWF       FARG_WordToStr_output, 0 
0x018C	0x6E32      	MOVWF       FLOC__WordToStr 
0x018E	0x0E00      	MOVLW       0
0x0190	0x2030      	ADDWFC      FARG_WordToStr_output+1, 0 
0x0192	0x6E33      	MOVWF       FLOC__WordToStr+1 
0x0194	0x0E0A      	MOVLW       10
0x0196	0x6E04      	MOVWF       R4 
0x0198	0x0E00      	MOVLW       0
0x019A	0x6E05      	MOVWF       R5 
0x019C	0xF000C02D  	MOVFF       FARG_WordToStr_input, R0
0x01A0	0xF001C02E  	MOVFF       FARG_WordToStr_input+1, R1
0x01A4	0xDFBA      	RCALL       _Div_16X16_U
0x01A6	0xF000C008  	MOVFF       R8, R0
0x01AA	0xF001C009  	MOVFF       R9, R1
0x01AE	0x0E30      	MOVLW       48
0x01B0	0x2600      	ADDWF       R0, 1 
0x01B2	0xFFE1C032  	MOVFF       FLOC__WordToStr, FSR1L
0x01B6	0xFFE2C033  	MOVFF       FLOC__WordToStr+1, FSR1H
0x01BA	0xFFE6C000  	MOVFF       R0, POSTINC1
;__Lib_Conversions.c,109 :: 		
0x01BE	0x0E0A      	MOVLW       10
0x01C0	0x6E04      	MOVWF       R4 
0x01C2	0x0E00      	MOVLW       0
0x01C4	0x6E05      	MOVWF       R5 
0x01C6	0xF000C02D  	MOVFF       FARG_WordToStr_input, R0
0x01CA	0xF001C02E  	MOVFF       FARG_WordToStr_input+1, R1
0x01CE	0xDFA5      	RCALL       _Div_16X16_U
0x01D0	0xF02DC000  	MOVFF       R0, FARG_WordToStr_input
0x01D4	0xF02EC001  	MOVFF       R1, FARG_WordToStr_input+1
;__Lib_Conversions.c,110 :: 		
0x01D8	0x0E00      	MOVLW       0
0x01DA	0x1801      	XORWF       R1, 0 
0x01DC	0xE102      	BNZ         L__WordToStr379
0x01DE	0x0E00      	MOVLW       0
0x01E0	0x1800      	XORWF       R0, 0 
L__WordToStr379:
0x01E2	0xE101      	BNZ         L_WordToStr16
;__Lib_Conversions.c,111 :: 		
0x01E4	0xD002      	BRA         L_WordToStr15
L_WordToStr16:
;__Lib_Conversions.c,112 :: 		
0x01E6	0x0631      	DECF        WordToStr_len_L0, 1 
;__Lib_Conversions.c,113 :: 		
0x01E8	0xD7CF      	BRA         L_WordToStr14
L_WordToStr15:
;__Lib_Conversions.c,114 :: 		
L_end_WordToStr:
0x01EA	0x0012      	RETURN      0
; end of _WordToStr
_PWM1_Start:
;__Lib_PWM_c21.c,53 :: 		
;__Lib_PWM_c21.c,54 :: 		
0x01EC	0x9494      	BCF         TRISC2_bit, BitPos(TRISC2_bit+0) 
;__Lib_PWM_c21.c,55 :: 		
0x01EE	0x84CA      	BSF         T2CON, 2 
;__Lib_PWM_c21.c,56 :: 		
0x01F0	0x0E0C      	MOVLW       12
0x01F2	0x12BD      	IORWF       CCP1CON, 1 
;__Lib_PWM_c21.c,57 :: 		
L_end_PWM1_Start:
0x01F4	0x0012      	RETURN      0
; end of _PWM1_Start
_Lcd_Init:
;__Lib_Lcd.c,84 :: 		
;__Lib_Lcd.c,86 :: 		
0x01F6	0x9296      	BCF         LCD_EN_Direction, BitPos(LCD_EN_Direction+0) 
;__Lib_Lcd.c,87 :: 		
0x01F8	0x9496      	BCF         LCD_RS_Direction, BitPos(LCD_RS_Direction+0) 
;__Lib_Lcd.c,88 :: 		
0x01FA	0x9895      	BCF         LCD_D4_Direction, BitPos(LCD_D4_Direction+0) 
;__Lib_Lcd.c,89 :: 		
0x01FC	0x9A95      	BCF         LCD_D5_Direction, BitPos(LCD_D5_Direction+0) 
;__Lib_Lcd.c,90 :: 		
0x01FE	0x9C95      	BCF         LCD_D6_Direction, BitPos(LCD_D6_Direction+0) 
;__Lib_Lcd.c,91 :: 		
0x0200	0x9E95      	BCF         LCD_D7_Direction, BitPos(LCD_D7_Direction+0) 
;__Lib_Lcd.c,93 :: 		
0x0202	0x9284      	BCF         LCD_EN, BitPos(LCD_EN+0) 
;__Lib_Lcd.c,94 :: 		
0x0204	0x9484      	BCF         LCD_RS, BitPos(LCD_RS+0) 
;__Lib_Lcd.c,95 :: 		
0x0206	0x9E83      	BCF         LCD_D7, BitPos(LCD_D7+0) 
;__Lib_Lcd.c,96 :: 		
0x0208	0x9C83      	BCF         LCD_D6, BitPos(LCD_D6+0) 
;__Lib_Lcd.c,97 :: 		
0x020A	0x9A83      	BCF         LCD_D5, BitPos(LCD_D5+0) 
;__Lib_Lcd.c,98 :: 		
0x020C	0x9883      	BCF         LCD_D4, BitPos(LCD_D4+0) 
;__Lib_Lcd.c,100 :: 		
0x020E	0xDF09      	RCALL       _Delay_5500us
;__Lib_Lcd.c,101 :: 		
0x0210	0xDF08      	RCALL       _Delay_5500us
;__Lib_Lcd.c,102 :: 		
0x0212	0xDF07      	RCALL       _Delay_5500us
;__Lib_Lcd.c,105 :: 		
0x0214	0x8A83      	BSF         LCD_D5, BitPos(LCD_D5+0) 
;__Lib_Lcd.c,106 :: 		
0x0216	0x8883      	BSF         LCD_D4, BitPos(LCD_D4+0) 
;__Lib_Lcd.c,107 :: 		
0x0218	0x8284      	BSF         LCD_EN, BitPos(LCD_EN+0) 
;__Lib_Lcd.c,108 :: 		
0x021A	0xDF00      	RCALL       _Delay_1us
;__Lib_Lcd.c,109 :: 		
0x021C	0x9284      	BCF         LCD_EN, BitPos(LCD_EN+0) 
;__Lib_Lcd.c,110 :: 		
0x021E	0xDF01      	RCALL       _Delay_5500us
;__Lib_Lcd.c,112 :: 		
0x0220	0x8284      	BSF         LCD_EN, BitPos(LCD_EN+0) 
;__Lib_Lcd.c,113 :: 		
0x0222	0xDEFC      	RCALL       _Delay_1us
;__Lib_Lcd.c,114 :: 		
0x0224	0x9284      	BCF         LCD_EN, BitPos(LCD_EN+0) 
;__Lib_Lcd.c,115 :: 		
0x0226	0xDEFD      	RCALL       _Delay_5500us
;__Lib_Lcd.c,117 :: 		
0x0228	0x8284      	BSF         LCD_EN, BitPos(LCD_EN+0) 
;__Lib_Lcd.c,118 :: 		
0x022A	0xDEF8      	RCALL       _Delay_1us
;__Lib_Lcd.c,119 :: 		
0x022C	0x9284      	BCF         LCD_EN, BitPos(LCD_EN+0) 
;__Lib_Lcd.c,120 :: 		
0x022E	0xDEF9      	RCALL       _Delay_5500us
;__Lib_Lcd.c,123 :: 		
0x0230	0x9883      	BCF         LCD_D4, BitPos(LCD_D4+0) 
;__Lib_Lcd.c,124 :: 		
0x0232	0x8284      	BSF         LCD_EN, BitPos(LCD_EN+0) 
;__Lib_Lcd.c,125 :: 		
0x0234	0xDEF3      	RCALL       _Delay_1us
;__Lib_Lcd.c,126 :: 		
0x0236	0x9284      	BCF         LCD_EN, BitPos(LCD_EN+0) 
;__Lib_Lcd.c,127 :: 		
0x0238	0xDEF4      	RCALL       _Delay_5500us
;__Lib_Lcd.c,130 :: 		
0x023A	0x8284      	BSF         LCD_EN, BitPos(LCD_EN+0) 
;__Lib_Lcd.c,131 :: 		
0x023C	0xDEEF      	RCALL       _Delay_1us
;__Lib_Lcd.c,132 :: 		
0x023E	0x9284      	BCF         LCD_EN, BitPos(LCD_EN+0) 
;__Lib_Lcd.c,134 :: 		
0x0240	0x9A83      	BCF         LCD_D5, BitPos(LCD_D5+0) 
;__Lib_Lcd.c,135 :: 		
0x0242	0x8E83      	BSF         LCD_D7, BitPos(LCD_D7+0) 
;__Lib_Lcd.c,136 :: 		
0x0244	0x8284      	BSF         LCD_EN, BitPos(LCD_EN+0) 
;__Lib_Lcd.c,137 :: 		
0x0246	0xDEEA      	RCALL       _Delay_1us
;__Lib_Lcd.c,138 :: 		
0x0248	0x9284      	BCF         LCD_EN, BitPos(LCD_EN+0) 
;__Lib_Lcd.c,139 :: 		
0x024A	0xDEEB      	RCALL       _Delay_5500us
;__Lib_Lcd.c,142 :: 		
0x024C	0x9E83      	BCF         LCD_D7, BitPos(LCD_D7+0) 
;__Lib_Lcd.c,143 :: 		
0x024E	0x8883      	BSF         LCD_D4, BitPos(LCD_D4+0) 
;__Lib_Lcd.c,144 :: 		
0x0250	0x8284      	BSF         LCD_EN, BitPos(LCD_EN+0) 
;__Lib_Lcd.c,145 :: 		
0x0252	0xDEE4      	RCALL       _Delay_1us
;__Lib_Lcd.c,146 :: 		
0x0254	0x9284      	BCF         LCD_EN, BitPos(LCD_EN+0) 
;__Lib_Lcd.c,148 :: 		
0x0256	0x9883      	BCF         LCD_D4, BitPos(LCD_D4+0) 
;__Lib_Lcd.c,149 :: 		
0x0258	0x8284      	BSF         LCD_EN, BitPos(LCD_EN+0) 
;__Lib_Lcd.c,150 :: 		
0x025A	0xDEE0      	RCALL       _Delay_1us
;__Lib_Lcd.c,151 :: 		
0x025C	0x9284      	BCF         LCD_EN, BitPos(LCD_EN+0) 
;__Lib_Lcd.c,152 :: 		
0x025E	0xDEE1      	RCALL       _Delay_5500us
;__Lib_Lcd.c,155 :: 		
0x0260	0x8284      	BSF         LCD_EN, BitPos(LCD_EN+0) 
;__Lib_Lcd.c,156 :: 		
0x0262	0xDEDC      	RCALL       _Delay_1us
;__Lib_Lcd.c,157 :: 		
0x0264	0x9284      	BCF         LCD_EN, BitPos(LCD_EN+0) 
;__Lib_Lcd.c,159 :: 		
0x0266	0x8883      	BSF         LCD_D4, BitPos(LCD_D4+0) 
;__Lib_Lcd.c,160 :: 		
0x0268	0x8284      	BSF         LCD_EN, BitPos(LCD_EN+0) 
;__Lib_Lcd.c,161 :: 		
0x026A	0xDED8      	RCALL       _Delay_1us
;__Lib_Lcd.c,162 :: 		
0x026C	0x9284      	BCF         LCD_EN, BitPos(LCD_EN+0) 
;__Lib_Lcd.c,163 :: 		
0x026E	0xDED9      	RCALL       _Delay_5500us
;__Lib_Lcd.c,166 :: 		
0x0270	0x9883      	BCF         LCD_D4, BitPos(LCD_D4+0) 
;__Lib_Lcd.c,167 :: 		
0x0272	0x8284      	BSF         LCD_EN, BitPos(LCD_EN+0) 
;__Lib_Lcd.c,168 :: 		
0x0274	0xDED3      	RCALL       _Delay_1us
;__Lib_Lcd.c,169 :: 		
0x0276	0x9284      	BCF         LCD_EN, BitPos(LCD_EN+0) 
;__Lib_Lcd.c,171 :: 		
0x0278	0x8E83      	BSF         LCD_D7, BitPos(LCD_D7+0) 
;__Lib_Lcd.c,172 :: 		
0x027A	0x8C83      	BSF         LCD_D6, BitPos(LCD_D6+0) 
;__Lib_Lcd.c,173 :: 		
0x027C	0x8A83      	BSF         LCD_D5, BitPos(LCD_D5+0) 
;__Lib_Lcd.c,174 :: 		
0x027E	0x8883      	BSF         LCD_D4, BitPos(LCD_D4+0) 
;__Lib_Lcd.c,175 :: 		
0x0280	0x8284      	BSF         LCD_EN, BitPos(LCD_EN+0) 
;__Lib_Lcd.c,176 :: 		
0x0282	0xDECC      	RCALL       _Delay_1us
;__Lib_Lcd.c,177 :: 		
0x0284	0x9284      	BCF         LCD_EN, BitPos(LCD_EN+0) 
;__Lib_Lcd.c,179 :: 		
0x0286	0xDECD      	RCALL       _Delay_5500us
;__Lib_Lcd.c,181 :: 		
0x0288	0x8024      	BSF         __Lib_Lcd_cmd_status, BitPos(__Lib_Lcd_cmd_status+0) 
;__Lib_Lcd.c,182 :: 		
L_end_Lcd_Init:
0x028A	0x0012      	RETURN      0
; end of _Lcd_Init
___CC2DW:
;__Lib_System.c,21 :: 		
;__Lib_System.c,23 :: 		
_CC2DL_Loop1:
;__Lib_System.c,24 :: 		
0x028C	0x0009      	TBLRD*+
;__Lib_System.c,25 :: 		
0x028E	0xFFE6CFF5  	MOVFF       TABLAT, POSTINC1
;__Lib_System.c,26 :: 		
0x0292	0x0600      	DECF        R0, 1, 0
;__Lib_System.c,27 :: 		
0x0294	0xE1FB      	BNZ         _CC2DL_Loop1
;__Lib_System.c,28 :: 		
0x0296	0x0601      	DECF        R1, 1, 0
;__Lib_System.c,29 :: 		
0x0298	0xE1F9      	BNZ         _CC2DL_Loop1
;__Lib_System.c,31 :: 		
L_end___CC2DW:
0x029A	0x0012      	RETURN      0
; end of ___CC2DW
_PWM1_Init:
;__Lib_PWM_c21.c,35 :: 		
;__Lib_PWM_c21.c,36 :: 		
;__Lib_PWM_c21.c,37 :: 		
0x029C	0x6ABE      	CLRF        CCPR1L 
;__Lib_PWM_c21.c,38 :: 		
0x029E	0x98BD      	BCF         CCP1CON, 4 
;__Lib_PWM_c21.c,39 :: 		
0x02A0	0x9ABD      	BCF         CCP1CON, 5 
;__Lib_PWM_c21.c,40 :: 		
L_end_PWM1_Init:
0x02A2	0x0012      	RETURN      0
; end of _PWM1_Init
_Lcd_Out:
;__Lib_Lcd.c,184 :: 		
;__Lib_Lcd.c,187 :: 		
0x02A4	0xD00F      	BRA         L_Lcd_Out11
;__Lib_Lcd.c,188 :: 		
L_Lcd_Out13:
0x02A6	0x0E80      	MOVLW       128
0x02A8	0x6E2D      	MOVWF       FARG_Lcd_Out_row 
0x02AA	0xD019      	BRA         L_Lcd_Out12
;__Lib_Lcd.c,189 :: 		
L_Lcd_Out14:
0x02AC	0x0EC0      	MOVLW       192
0x02AE	0x6E2D      	MOVWF       FARG_Lcd_Out_row 
0x02B0	0xD016      	BRA         L_Lcd_Out12
;__Lib_Lcd.c,190 :: 		
L_Lcd_Out15:
0x02B2	0x0E94      	MOVLW       148
0x02B4	0x6E2D      	MOVWF       FARG_Lcd_Out_row 
0x02B6	0xD013      	BRA         L_Lcd_Out12
;__Lib_Lcd.c,191 :: 		
L_Lcd_Out16:
0x02B8	0x0ED4      	MOVLW       212
0x02BA	0x6E2D      	MOVWF       FARG_Lcd_Out_row 
0x02BC	0xD010      	BRA         L_Lcd_Out12
;__Lib_Lcd.c,192 :: 		
L_Lcd_Out17:
0x02BE	0x0E80      	MOVLW       128
0x02C0	0x6E2D      	MOVWF       FARG_Lcd_Out_row 
;__Lib_Lcd.c,193 :: 		
0x02C2	0xD00D      	BRA         L_Lcd_Out12
L_Lcd_Out11:
0x02C4	0x502D      	MOVF        FARG_Lcd_Out_row, 0 
0x02C6	0x0A01      	XORLW       1
0x02C8	0xE0EE      	BZ          L_Lcd_Out13
0x02CA	0x502D      	MOVF        FARG_Lcd_Out_row, 0 
0x02CC	0x0A02      	XORLW       2
0x02CE	0xE0EE      	BZ          L_Lcd_Out14
0x02D0	0x502D      	MOVF        FARG_Lcd_Out_row, 0 
0x02D2	0x0A03      	XORLW       3
0x02D4	0xE0EE      	BZ          L_Lcd_Out15
0x02D6	0x502D      	MOVF        FARG_Lcd_Out_row, 0 
0x02D8	0x0A04      	XORLW       4
0x02DA	0xE0EE      	BZ          L_Lcd_Out16
0x02DC	0xD7F0      	BRA         L_Lcd_Out17
L_Lcd_Out12:
;__Lib_Lcd.c,194 :: 		
0x02DE	0x042E      	DECF        FARG_Lcd_Out_column, 0 
0x02E0	0x6E00      	MOVWF       R0 
0x02E2	0x502D      	MOVF        FARG_Lcd_Out_row, 0 
0x02E4	0x2600      	ADDWF       R0, 1 
0x02E6	0xF02DC000  	MOVFF       R0, FARG_Lcd_Out_row
;__Lib_Lcd.c,196 :: 		
0x02EA	0xF035C000  	MOVFF       R0, FARG_Lcd_Cmd_out_char
0x02EE	0xDEA9      	RCALL       _Lcd_Cmd
;__Lib_Lcd.c,197 :: 		
0x02F0	0x9024      	BCF         __Lib_Lcd_cmd_status, BitPos(__Lib_Lcd_cmd_status+0) 
;__Lib_Lcd.c,198 :: 		
0x02F2	0x6A31      	CLRF        Lcd_Out_i_L0 
;__Lib_Lcd.c,199 :: 		
L_Lcd_Out18:
0x02F4	0x5031      	MOVF        Lcd_Out_i_L0, 0 
0x02F6	0x242F      	ADDWF       FARG_Lcd_Out_text, 0 
0x02F8	0x6EE9      	MOVWF       FSR0L 
0x02FA	0x0E00      	MOVLW       0
0x02FC	0x2030      	ADDWFC      FARG_Lcd_Out_text+1, 0 
0x02FE	0x6EEA      	MOVWF       FSR0L+1 
0x0300	0x52EE      	MOVF        POSTINC0, 1 
0x0302	0xE00B      	BZ          L_Lcd_Out19
;__Lib_Lcd.c,200 :: 		
0x0304	0x5031      	MOVF        Lcd_Out_i_L0, 0 
0x0306	0x242F      	ADDWF       FARG_Lcd_Out_text, 0 
0x0308	0x6EE9      	MOVWF       FSR0L 
0x030A	0x0E00      	MOVLW       0
0x030C	0x2030      	ADDWFC      FARG_Lcd_Out_text+1, 0 
0x030E	0x6EEA      	MOVWF       FSR0L+1 
0x0310	0xF034CFEE  	MOVFF       POSTINC0, FARG_Lcd_Chr_CP_out_char
0x0314	0xDF1D      	RCALL       _Lcd_Chr_CP
0x0316	0x2A31      	INCF        Lcd_Out_i_L0, 1 
0x0318	0xD7ED      	BRA         L_Lcd_Out18
L_Lcd_Out19:
;__Lib_Lcd.c,201 :: 		
0x031A	0x8024      	BSF         __Lib_Lcd_cmd_status, BitPos(__Lib_Lcd_cmd_status+0) 
;__Lib_Lcd.c,202 :: 		
L_end_Lcd_Out:
0x031C	0x0012      	RETURN      0
; end of _Lcd_Out
_PWM1_Set_Duty:
;__Lib_PWM_c21.c,42 :: 		
;__Lib_PWM_c21.c,46 :: 		
0x031E	0x50CB      	MOVF        PR2, 0 
0x0320	0x0F01      	ADDLW       1
0x0322	0x6E00      	MOVWF       R0 
0x0324	0x6A01      	CLRF        R1 
0x0326	0x0E00      	MOVLW       0
0x0328	0x2201      	ADDWFC      R1, 1 
0x032A	0xF004C02D  	MOVFF       FARG_PWM1_Set_Duty_new_duty, R4
0x032E	0x0E00      	MOVLW       0
0x0330	0x6E05      	MOVWF       R5 
0x0332	0xDEC5      	RCALL       _Mul_16X16_U
0x0334	0x0E06      	MOVLW       6
0x0336	0x6E02      	MOVWF       R2 
0x0338	0xF004C000  	MOVFF       R0, R4
0x033C	0xF005C001  	MOVFF       R1, R5
0x0340	0x5002      	MOVF        R2, 0 
L__PWM1_Set_Duty10:
0x0342	0xE005      	BZ          L__PWM1_Set_Duty11
0x0344	0x3205      	RRCF        R5, 1 
0x0346	0x3204      	RRCF        R4, 1 
0x0348	0x9E05      	BCF         R5, 7 
0x034A	0x0FFF      	ADDLW       255
0x034C	0xD7FA      	BRA         L__PWM1_Set_Duty10
L__PWM1_Set_Duty11:
;__Lib_PWM_c21.c,47 :: 		
0x034E	0x0E04      	MOVLW       4
0x0350	0x6E01      	MOVWF       R1 
0x0352	0xF000C004  	MOVFF       R4, R0
0x0356	0x5001      	MOVF        R1, 0 
L__PWM1_Set_Duty12:
0x0358	0xE004      	BZ          L__PWM1_Set_Duty13
0x035A	0x3600      	RLCF        R0, 1 
0x035C	0x9000      	BCF         R0, 0 
0x035E	0x0FFF      	ADDLW       255
0x0360	0xD7FB      	BRA         L__PWM1_Set_Duty12
L__PWM1_Set_Duty13:
0x0362	0x0E30      	MOVLW       48
0x0364	0x1400      	ANDWF       R0, 0 
0x0366	0x6E03      	MOVWF       R3 
;__Lib_PWM_c21.c,48 :: 		
0x0368	0xF000C004  	MOVFF       R4, R0
0x036C	0xF001C005  	MOVFF       R5, R1
0x0370	0x3201      	RRCF        R1, 1 
0x0372	0x3200      	RRCF        R0, 1 
0x0374	0x9E01      	BCF         R1, 7 
0x0376	0x3201      	RRCF        R1, 1 
0x0378	0x3200      	RRCF        R0, 1 
0x037A	0x9E01      	BCF         R1, 7 
0x037C	0xFFBEC000  	MOVFF       R0, CCPR1L
;__Lib_PWM_c21.c,49 :: 		
0x0380	0x0E0F      	MOVLW       15
0x0382	0x16BD      	ANDWF       CCP1CON, 1 
;__Lib_PWM_c21.c,50 :: 		
0x0384	0x5003      	MOVF        R3, 0 
0x0386	0x12BD      	IORWF       CCP1CON, 1 
;__Lib_PWM_c21.c,51 :: 		
L_end_PWM1_Set_Duty:
0x0388	0x0012      	RETURN      0
; end of _PWM1_Set_Duty
_ADC_Read:
;__Lib_ADC_A_D.c,51 :: 		
;__Lib_ADC_A_D.c,54 :: 		
0x038A	0x6AC2      	CLRF        ADCON0 
;__Lib_ADC_A_D.c,55 :: 		
0x038C	0x1C23      	COMF        _vref_mask, 0 
0x038E	0x6E00      	MOVWF       R0 
0x0390	0x5000      	MOVF        R0, 0 
0x0392	0x16C1      	ANDWF       ADCON1, 1 
;__Lib_ADC_A_D.c,56 :: 		
0x0394	0x0E07      	MOVLW       7
0x0396	0x12C0      	IORWF       ADCON2, 1 
;__Lib_ADC_A_D.c,57 :: 		
0x0398	0x8EC0      	BSF         ADCON2, 7 
;__Lib_ADC_A_D.c,58 :: 		
0x039A	0xF000C02D  	MOVFF       FARG_ADC_Read_channel, R0
0x039E	0x3600      	RLCF        R0, 1 
0x03A0	0x9000      	BCF         R0, 0 
0x03A2	0x3600      	RLCF        R0, 1 
0x03A4	0x9000      	BCF         R0, 0 
0x03A6	0x5000      	MOVF        R0, 0 
0x03A8	0x12C2      	IORWF       ADCON0, 1 
;__Lib_ADC_A_D.c,59 :: 		
0x03AA	0x80C2      	BSF         ADCON0, 0 
;__Lib_ADC_A_D.c,60 :: 		
0x03AC	0xDEB0      	RCALL       _Delay_22us
;__Lib_ADC_A_D.c,61 :: 		
0x03AE	0x82C2      	BSF         ADCON0, 1 
;__Lib_ADC_A_D.c,62 :: 		
L_ADC_Read2:
0x03B0	0xA2C2      	BTFSS       ADCON0, 1 
0x03B2	0xD001      	BRA         L_ADC_Read3
;__Lib_ADC_A_D.c,63 :: 		
0x03B4	0xD7FD      	BRA         L_ADC_Read2
L_ADC_Read3:
;__Lib_ADC_A_D.c,64 :: 		
0x03B6	0xF001CFC4  	MOVFF       ADRESH, R1
0x03BA	0x6A00      	CLRF        R0 
;__Lib_ADC_A_D.c,65 :: 		
0x03BC	0x50C3      	MOVF        ADRESL, 0 
0x03BE	0x1200      	IORWF       R0, 1 
0x03C0	0x0E00      	MOVLW       0
0x03C2	0x1201      	IORWF       R1, 1 
;__Lib_ADC_A_D.c,66 :: 		
0x03C4	0x90C2      	BCF         ADCON0, 0 
;__Lib_ADC_A_D.c,68 :: 		
;__Lib_ADC_A_D.c,69 :: 		
L_end_ADC_Read:
0x03C6	0x0012      	RETURN      0
; end of _ADC_Read
_main:
0x03C8	0xF002EC1D  	CALL        1082, 0
;Exercicio1.c,22 :: 		void main() {
;Exercicio1.c,25 :: 		ADCON1 = 0b00001110;
0x03CC	0x0E0E      	MOVLW       14
0x03CE	0x6EC1      	MOVWF       ADCON1 
;Exercicio1.c,26 :: 		Lcd_Init();
0x03D0	0xDF12      	RCALL       _Lcd_Init
;Exercicio1.c,27 :: 		Pwm1_init(5000);
0x03D2	0x80CA      	BSF         T2CON, 0, 0
0x03D4	0x92CA      	BCF         T2CON, 1, 0
0x03D6	0x0E63      	MOVLW       99
0x03D8	0x6ECB      	MOVWF       PR2, 0
0x03DA	0xDF60      	RCALL       _PWM1_Init
;Exercicio1.c,28 :: 		PWM1_Start();
0x03DC	0xDF07      	RCALL       _PWM1_Start
;Exercicio1.c,30 :: 		while(1){
L_main0:
;Exercicio1.c,31 :: 		POT1 = ADC_Read(0);
0x03DE	0x6A2D      	CLRF        FARG_ADC_Read_channel 
0x03E0	0xDFD4      	RCALL       _ADC_Read
0x03E2	0xF025C000  	MOVFF       R0, main_POT1_L0
0x03E6	0xF026C001  	MOVFF       R1, main_POT1_L0+1
;Exercicio1.c,32 :: 		PWM1_Set_Duty(POT1);
0x03EA	0xF02DC000  	MOVFF       R0, FARG_PWM1_Set_Duty_new_duty
0x03EE	0xDF97      	RCALL       _PWM1_Set_Duty
;Exercicio1.c,33 :: 		WordtoStr(POT1, texto);
0x03F0	0xF02DC025  	MOVFF       main_POT1_L0, FARG_WordToStr_input
0x03F4	0xF02EC026  	MOVFF       main_POT1_L0+1, FARG_WordToStr_input+1
0x03F8	0x0E27      	MOVLW       main_texto_L0
0x03FA	0x6E2F      	MOVWF       FARG_WordToStr_output 
0x03FC	0x0E00      	MOVLW       hi_addr(main_texto_L0)
0x03FE	0x6E30      	MOVWF       FARG_WordToStr_output+1 
0x0400	0xDEAD      	RCALL       _WordToStr
;Exercicio1.c,34 :: 		Lcd_out(1,1,"Potênciometro" );
0x0402	0x0E01      	MOVLW       1
0x0404	0x6E2D      	MOVWF       FARG_Lcd_Out_row 
0x0406	0x0E01      	MOVLW       1
0x0408	0x6E2E      	MOVWF       FARG_Lcd_Out_column 
0x040A	0x0E15      	MOVLW       ?lstr1_Exercicio1
0x040C	0x6E2F      	MOVWF       FARG_Lcd_Out_text 
0x040E	0x0E00      	MOVLW       hi_addr(?lstr1_Exercicio1)
0x0410	0x6E30      	MOVWF       FARG_Lcd_Out_text+1 
0x0412	0xDF48      	RCALL       _Lcd_Out
;Exercicio1.c,35 :: 		Lcd_out(2,1,texto);
0x0414	0x0E02      	MOVLW       2
0x0416	0x6E2D      	MOVWF       FARG_Lcd_Out_row 
0x0418	0x0E01      	MOVLW       1
0x041A	0x6E2E      	MOVWF       FARG_Lcd_Out_column 
0x041C	0x0E27      	MOVLW       main_texto_L0
0x041E	0x6E2F      	MOVWF       FARG_Lcd_Out_text 
0x0420	0x0E00      	MOVLW       hi_addr(main_texto_L0)
0x0422	0x6E30      	MOVWF       FARG_Lcd_Out_text+1 
0x0424	0xDF3F      	RCALL       _Lcd_Out
;Exercicio1.c,38 :: 		}
0x0426	0xD7DB      	BRA         L_main0
;Exercicio1.c,39 :: 		}
L_end_main:
0x0428	0xD7FF      	BRA         $+0
; end of _main
0x043A	0xF015EE10  	LFSR        1, 21
0x043E	0x0E0F      	MOVLW       15
0x0440	0x6E00      	MOVWF       R0 
0x0442	0x0E01      	MOVLW       1
0x0444	0x6E01      	MOVWF       R1 
0x0446	0x0E2A      	MOVLW       42
0x0448	0x6EF6      	MOVWF       TBLPTR 
0x044A	0x0E04      	MOVLW       4
0x044C	0x6EF7      	MOVWF       TBLPTRH 
0x044E	0x0E00      	MOVLW       0
0x0450	0x6EF8      	MOVWF       TBLPTRU 
0x0452	0xF001EC46  	CALL        652, 0
0x0456	0x0012      	RETURN      0
;Exercicio1.c,0 :: ?ICS?lstr1_Exercicio1
0x042A	0x6F50 ;?ICS?lstr1_Exercicio1+0
0x042C	0xEA74 ;?ICS?lstr1_Exercicio1+2
0x042E	0x636E ;?ICS?lstr1_Exercicio1+4
0x0430	0x6F69 ;?ICS?lstr1_Exercicio1+6
0x0432	0x656D ;?ICS?lstr1_Exercicio1+8
0x0434	0x7274 ;?ICS?lstr1_Exercicio1+10
0x0436	0x006F ;?ICS?lstr1_Exercicio1+12
; end of ?ICS?lstr1_Exercicio1
;__Lib_ADC_A_D.c,0 :: ?ICS_vref_mask
0x0438	0x30 ;?ICS_vref_mask+0
; end of ?ICS_vref_mask
Symbol List:
//** Routines locations **
//ADDRESS    SIZE    PROCEDURE
//----------------------------------------------
0x001C       [6]    _Delay_1us
0x0022      [22]    _Delay_5500us
0x0038      [10]    _Delay_50us
0x0042     [124]    _Lcd_Cmd
0x00BE      [80]    _Mul_16X16_U
0x010E      [12]    _Delay_22us
0x011A      [54]    _Div_16X16_U
0x0150      [12]    _Lcd_Chr_CP
0x015C     [144]    _WordToStr
0x01EC      [10]    _PWM1_Start
0x01F6     [150]    _Lcd_Init
0x028C      [16]    ___CC2DW
0x029C       [8]    _PWM1_Init
0x02A4     [122]    _Lcd_Out
0x031E     [108]    _PWM1_Set_Duty
0x038A      [62]    _ADC_Read
0x03C8      [98]    _main
//** Variables locations ** 
//ADDRESS    SIZE    VARIABLE
//----------------------------------------------
0x0000       [1]    R0
0x0001       [1]    R1
0x0001       [1]    __Lib_Conversions_Adjust_Hex_tmp_L0
0x0002       [1]    R2
0x0002       [2]    memset_pp_L0
0x0002       [2]    memchr_s_L0
0x0002       [2]    strlen_cp_L0
0x0002       [2]    memcpy_dd_L0
0x0003       [2]    memmove_tt_L0
0x0003       [2]    Ltrim_original_L0
0x0003       [1]    R3
0x0004       [2]    strncpy_cp_L0
0x0004       [1]    R4
0x0004       [2]    strcat_cp_L0
0x0004       [2]    strncat_cp_L0
0x0004       [2]    strcpy_cp_L0
0x0004       [2]    memcpy_ss_L0
0x0005       [2]    LongWordToHex_input_half_L0
0x0005       [2]    memmove_ff_L0
0x0005       [2]    LongIntToHex_input_half_L0
0x0005       [2]    Ltrim_p_L0
0x0005       [1]    R5
0x0006       [1]    R6
0x0007       [1]    R7
0x0008       [1]    R8
0x0009       [1]    R9
0x000A       [1]    R10
0x000B       [1]    R11
0x000C       [1]    R12
0x000D       [1]    R13
0x000E       [1]    R14
0x000F       [1]    R15
0x0010       [1]    R16
0x0011       [1]    R17
0x0012       [1]    R18
0x0013       [1]    R19
0x0014       [1]    R20
0x0015      [14]    ?lstr1_Exercicio1
0x0023       [1]    _vref_mask
0x0024       [0]    __Lib_Lcd_cmd_status
0x0025       [2]    main_POT1_L0
0x0027       [6]    main_texto_L0
0x002D       [2]    FARG_WordToStr_input
0x002D       [4]    FARG_PWM1_Init_PWM_Freq
0x002D       [1]    FARG_PWM1_Set_Duty_new_duty
0x002D       [1]    FARG_Lcd_Out_row
0x002D       [1]    FARG_ADC_Read_channel
0x002E       [1]    FARG_Lcd_Out_column
0x002F       [2]    FARG_Lcd_Out_text
0x002F       [2]    FARG_WordToStr_output
0x0031       [1]    WordToStr_len_L0
0x0031       [1]    Lcd_Out_i_L0
0x0032       [2]    FLOC__WordToStr
0x0034       [1]    FARG_Lcd_Chr_CP_out_char
0x0035       [1]    FARG_Lcd_Cmd_out_char
0x0F83       [0]    RD6_bit
0x0F83       [0]    RD5_bit
0x0F83       [0]    RD4_bit
0x0F83       [0]    RD7_bit
0x0F83       [0]    LCD_D5
0x0F83       [0]    LCD_D6
0x0F83       [0]    LCD_D4
0x0F83       [0]    LCD_D7
0x0F84       [0]    RE1_bit
0x0F84       [0]    RE2_bit
0x0F84       [0]    LCD_RS
0x0F84       [0]    LCD_EN
0x0F94       [0]    TRISC2_bit
0x0F95       [0]    LCD_D5_Direction
0x0F95       [0]    LCD_D4_Direction
0x0F95       [0]    TRISD4_bit
0x0F95       [0]    TRISD5_bit
0x0F95       [0]    TRISD6_bit
0x0F95       [0]    TRISD7_bit
0x0F95       [0]    LCD_D7_Direction
0x0F95       [0]    LCD_D6_Direction
0x0F96       [0]    LCD_RS_Direction
0x0F96       [0]    LCD_EN_Direction
0x0F96       [0]    TRISE2_bit
0x0F96       [0]    TRISE1_bit
0x0FBD       [1]    CCP1CON
0x0FBE       [1]    CCPR1L
0x0FC0       [1]    ADCON2
0x0FC1       [1]    ADCON1
0x0FC2       [1]    ADCON0
0x0FC3       [1]    ADRESL
0x0FC4       [1]    ADRESH
0x0FCA       [1]    T2CON
0x0FCB       [1]    PR2
0x0FD8       [1]    STATUS
0x0FD9       [1]    FSR2L
0x0FDA       [1]    FSR2H
0x0FDE       [1]    POSTINC2
0x0FE0       [1]    BSR
0x0FE1       [1]    FSR1L
0x0FE2       [1]    FSR1H
0x0FE4       [1]    PREINC1
0x0FE6       [1]    POSTINC1
0x0FE7       [1]    INDF1
0x0FE8       [1]    WREG
0x0FE9       [1]    FSR0L
0x0FEA       [1]    FSR0H
0x0FEE       [1]    POSTINC0
0x0FF3       [1]    PRODL
0x0FF4       [1]    PRODH
0x0FF5       [1]    TABLAT
0x0FF6       [3]    TBLPTR
0x0FF6       [1]    TBLPTRL
0x0FF7       [1]    TBLPTRH
0x0FF8       [1]    TBLPTRU
//** Constants locations ** 
//ADDRESS    SIZE    CONSTANT
//----------------------------------------------
0x042A      [14]    ?ICS?lstr1_Exercicio1
0x0438       [1]    ?ICS_vref_mask
