;  LST file generated by mikroListExporter - v.2.0 
; Date/Time: 15/08/2024 10:37:53
;----------------------------------------------

;Address Opcode 	ASM
0x0000	0xF004EF89  	GOTO        2322
0x0004	0x0000      	NOP
0x0006	0x0000      	NOP
0x0008	0xF000EF00  	GOTO        0
0x000C	0x0000      	NOP
0x000E	0x0000      	NOP
0x0010	0x0000      	NOP
0x0012	0x0000      	NOP
0x0014	0x0000      	NOP
0x0016	0x0000      	NOP
0x0018	0xD7F3      	BRA         0
_Delay_1us:
;__Lib_Delays.c,7 :: 		void Delay_1us() {
;__Lib_Delays.c,8 :: 		Delay_us(1);
0x001C	0x0000      	NOP
0x001E	0x0000      	NOP
;__Lib_Delays.c,9 :: 		}
L_end_Delay_1us:
0x0020	0x0012      	RETURN      0
; end of _Delay_1us
_Delay_5500us:
;__Lib_Delays.c,31 :: 		void Delay_5500us() {
;__Lib_Delays.c,32 :: 		Delay_us(5500);
0x0022	0x0E0F      	MOVLW       15
0x0024	0x6E0C      	MOVWF       R12, 0
0x0026	0x0E47      	MOVLW       71
0x0028	0x6E0D      	MOVWF       R13, 0
L_Delay_5500us5:
0x002A	0x2E0D      	DECFSZ      R13, 1, 0
0x002C	0xD7FE      	BRA         L_Delay_5500us5
0x002E	0x2E0C      	DECFSZ      R12, 1, 0
0x0030	0xD7FC      	BRA         L_Delay_5500us5
0x0032	0x0000      	NOP
0x0034	0x0000      	NOP
;__Lib_Delays.c,33 :: 		}
L_end_Delay_5500us:
0x0036	0x0012      	RETURN      0
; end of _Delay_5500us
_Delay_50us:
;__Lib_Delays.c,19 :: 		void Delay_50us() {
;__Lib_Delays.c,20 :: 		Delay_us(50);
0x0038	0x0E21      	MOVLW       33
0x003A	0x6E0D      	MOVWF       R13, 0
L_Delay_50us2:
0x003C	0x2E0D      	DECFSZ      R13, 1, 0
0x003E	0xD7FE      	BRA         L_Delay_50us2
;__Lib_Delays.c,21 :: 		}
L_end_Delay_50us:
0x0040	0x0012      	RETURN      0
; end of _Delay_50us
_RES032:
;__Lib_MathDouble.c,128 :: 		
;__Lib_MathDouble.c,134 :: 		
0x0042	0x6A02      	CLRF        R2, 0
;__Lib_MathDouble.c,135 :: 		
0x0044	0x6A01      	CLRF        R1, 0
;__Lib_MathDouble.c,136 :: 		
0x0046	0x6A00      	CLRF        R0, 0
;__Lib_MathDouble.c,137 :: 		
0x0048	0x6A08      	CLRF        R8, 0
;__Lib_MathDouble.c,138 :: 		
0x004A	0x6A03      	CLRF        R3, 0
;__Lib_MathDouble.c,139 :: 		
0x004C	0x0E00      	MOVLW       0
;__Lib_MathDouble.c,141 :: 		
L_end_RES032:
0x004E	0x0012      	RETURN      0
; end of _RES032
_SETFUN32:
;__Lib_MathDouble.c,144 :: 		
;__Lib_MathDouble.c,152 :: 		
0x0050	0x840B      	BSF         R11, 2, 0
;__Lib_MathDouble.c,153 :: 		
0x0052	0xAE0B      	BTFSS       R11, 7, 0
;__Lib_MathDouble.c,154 :: 		
0x0054	0xF000EF33  	GOTO        SETFUN32EEE
;__Lib_MathDouble.c,156 :: 		
0x0058	0x0E01      	MOVLW       1
;__Lib_MathDouble.c,157 :: 		
0x005A	0x6E03      	MOVWF       R3, 0
;__Lib_MathDouble.c,158 :: 		
0x005C	0x6A02      	CLRF        R2, 0
;__Lib_MathDouble.c,159 :: 		
0x005E	0x6A01      	CLRF        R1, 0
;__Lib_MathDouble.c,160 :: 		
0x0060	0x6A00      	CLRF        R0, 0
;__Lib_MathDouble.c,161 :: 		
0x0062	0x360A      	RLCF        R10, 1, 0
;__Lib_MathDouble.c,162 :: 		
0x0064	0x3202      	RRCF        R2, 1, 0
;__Lib_MathDouble.c,163 :: 		
SETFUN32EEE:
;__Lib_MathDouble.c,164 :: 		
0x0066	0x0EFF      	MOVLW       255
;__Lib_MathDouble.c,166 :: 		
L_end_SETFUN32:
0x0068	0x0012      	RETURN      0
; end of _SETFUN32
_FIXSIGN32:
;__Lib_MathDouble.c,117 :: 		
;__Lib_MathDouble.c,121 :: 		
0x006A	0xAE0A      	BTFSS       R10, 7, 0
;__Lib_MathDouble.c,122 :: 		
0x006C	0x9E02      	BCF         R2, 7, 0
;__Lib_MathDouble.c,123 :: 		
0x006E	0x0E00      	MOVLW       0
;__Lib_MathDouble.c,125 :: 		
L_end_FIXSIGN32:
0x0070	0x0012      	RETURN      0
; end of _FIXSIGN32
_Lcd_Cmd:
;__Lib_Lcd.c,18 :: 		
;__Lib_Lcd.c,20 :: 		
0x0072	0xBE35      	BTFSC       FARG_Lcd_Cmd_out_char, 7 
0x0074	0xD002      	BRA         L__Lcd_Cmd21
0x0076	0x9E83      	BCF         LCD_D7, BitPos(LCD_D7+0) 
0x0078	0xD001      	BRA         L__Lcd_Cmd22
L__Lcd_Cmd21:
0x007A	0x8E83      	BSF         LCD_D7, BitPos(LCD_D7+0) 
L__Lcd_Cmd22:
;__Lib_Lcd.c,21 :: 		
0x007C	0xBC35      	BTFSC       FARG_Lcd_Cmd_out_char, 6 
0x007E	0xD002      	BRA         L__Lcd_Cmd23
0x0080	0x9C83      	BCF         LCD_D6, BitPos(LCD_D6+0) 
0x0082	0xD001      	BRA         L__Lcd_Cmd24
L__Lcd_Cmd23:
0x0084	0x8C83      	BSF         LCD_D6, BitPos(LCD_D6+0) 
L__Lcd_Cmd24:
;__Lib_Lcd.c,22 :: 		
0x0086	0xBA35      	BTFSC       FARG_Lcd_Cmd_out_char, 5 
0x0088	0xD002      	BRA         L__Lcd_Cmd25
0x008A	0x9A83      	BCF         LCD_D5, BitPos(LCD_D5+0) 
0x008C	0xD001      	BRA         L__Lcd_Cmd26
L__Lcd_Cmd25:
0x008E	0x8A83      	BSF         LCD_D5, BitPos(LCD_D5+0) 
L__Lcd_Cmd26:
;__Lib_Lcd.c,23 :: 		
0x0090	0xB835      	BTFSC       FARG_Lcd_Cmd_out_char, 4 
0x0092	0xD002      	BRA         L__Lcd_Cmd27
0x0094	0x9883      	BCF         LCD_D4, BitPos(LCD_D4+0) 
0x0096	0xD001      	BRA         L__Lcd_Cmd28
L__Lcd_Cmd27:
0x0098	0x8883      	BSF         LCD_D4, BitPos(LCD_D4+0) 
L__Lcd_Cmd28:
;__Lib_Lcd.c,25 :: 		
0x009A	0xB024      	BTFSC       __Lib_Lcd_cmd_status, BitPos(__Lib_Lcd_cmd_status+0) 
0x009C	0xD002      	BRA         L__Lcd_Cmd29
0x009E	0x8484      	BSF         LCD_RS, BitPos(LCD_RS+0) 
0x00A0	0xD001      	BRA         L__Lcd_Cmd30
L__Lcd_Cmd29:
0x00A2	0x9484      	BCF         LCD_RS, BitPos(LCD_RS+0) 
L__Lcd_Cmd30:
;__Lib_Lcd.c,28 :: 		
0x00A4	0x8284      	BSF         LCD_EN, BitPos(LCD_EN+0) 
;__Lib_Lcd.c,29 :: 		
0x00A6	0xDFBA      	RCALL       _Delay_1us
;__Lib_Lcd.c,30 :: 		
0x00A8	0x9284      	BCF         LCD_EN, BitPos(LCD_EN+0) 
;__Lib_Lcd.c,33 :: 		
0x00AA	0xB635      	BTFSC       FARG_Lcd_Cmd_out_char, 3 
0x00AC	0xD002      	BRA         L__Lcd_Cmd31
0x00AE	0x9E83      	BCF         LCD_D7, BitPos(LCD_D7+0) 
0x00B0	0xD001      	BRA         L__Lcd_Cmd32
L__Lcd_Cmd31:
0x00B2	0x8E83      	BSF         LCD_D7, BitPos(LCD_D7+0) 
L__Lcd_Cmd32:
;__Lib_Lcd.c,34 :: 		
0x00B4	0xB435      	BTFSC       FARG_Lcd_Cmd_out_char, 2 
0x00B6	0xD002      	BRA         L__Lcd_Cmd33
0x00B8	0x9C83      	BCF         LCD_D6, BitPos(LCD_D6+0) 
0x00BA	0xD001      	BRA         L__Lcd_Cmd34
L__Lcd_Cmd33:
0x00BC	0x8C83      	BSF         LCD_D6, BitPos(LCD_D6+0) 
L__Lcd_Cmd34:
;__Lib_Lcd.c,35 :: 		
0x00BE	0xB235      	BTFSC       FARG_Lcd_Cmd_out_char, 1 
0x00C0	0xD002      	BRA         L__Lcd_Cmd35
0x00C2	0x9A83      	BCF         LCD_D5, BitPos(LCD_D5+0) 
0x00C4	0xD001      	BRA         L__Lcd_Cmd36
L__Lcd_Cmd35:
0x00C6	0x8A83      	BSF         LCD_D5, BitPos(LCD_D5+0) 
L__Lcd_Cmd36:
;__Lib_Lcd.c,36 :: 		
0x00C8	0xB035      	BTFSC       FARG_Lcd_Cmd_out_char, 0 
0x00CA	0xD002      	BRA         L__Lcd_Cmd37
0x00CC	0x9883      	BCF         LCD_D4, BitPos(LCD_D4+0) 
0x00CE	0xD001      	BRA         L__Lcd_Cmd38
L__Lcd_Cmd37:
0x00D0	0x8883      	BSF         LCD_D4, BitPos(LCD_D4+0) 
L__Lcd_Cmd38:
;__Lib_Lcd.c,38 :: 		
0x00D2	0xB024      	BTFSC       __Lib_Lcd_cmd_status, BitPos(__Lib_Lcd_cmd_status+0) 
0x00D4	0xD002      	BRA         L__Lcd_Cmd39
0x00D6	0x8484      	BSF         LCD_RS, BitPos(LCD_RS+0) 
0x00D8	0xD001      	BRA         L__Lcd_Cmd40
L__Lcd_Cmd39:
0x00DA	0x9484      	BCF         LCD_RS, BitPos(LCD_RS+0) 
L__Lcd_Cmd40:
;__Lib_Lcd.c,40 :: 		
0x00DC	0x8284      	BSF         LCD_EN, BitPos(LCD_EN+0) 
;__Lib_Lcd.c,41 :: 		
0x00DE	0xDF9E      	RCALL       _Delay_1us
;__Lib_Lcd.c,42 :: 		
0x00E0	0x9284      	BCF         LCD_EN, BitPos(LCD_EN+0) 
;__Lib_Lcd.c,44 :: 		
0x00E2	0xA024      	BTFSS       __Lib_Lcd_cmd_status, BitPos(__Lib_Lcd_cmd_status+0) 
0x00E4	0xD002      	BRA         L_Lcd_Cmd0
;__Lib_Lcd.c,45 :: 		
0x00E6	0xDF9D      	RCALL       _Delay_5500us
0x00E8	0xD001      	BRA         L_Lcd_Cmd1
L_Lcd_Cmd0:
;__Lib_Lcd.c,47 :: 		
0x00EA	0xDFA6      	RCALL       _Delay_50us
L_Lcd_Cmd1:
;__Lib_Lcd.c,48 :: 		
L_end_Lcd_Cmd:
0x00EC	0x0012      	RETURN      0
; end of _Lcd_Cmd
_SETFOV32:
;__Lib_MathDouble.c,82 :: 		
;__Lib_MathDouble.c,90 :: 		
0x00EE	0x820B      	BSF         R11, 1, 0
;__Lib_MathDouble.c,91 :: 		
0x00F0	0xAE0B      	BTFSS       R11, 7, 0
;__Lib_MathDouble.c,92 :: 		
0x00F2	0xF000EF81  	GOTO        SETFOV32EEE
;__Lib_MathDouble.c,94 :: 		
0x00F6	0x6803      	SETF        R3, 0
;__Lib_MathDouble.c,95 :: 		
0x00F8	0x6802      	SETF        R2, 0
;__Lib_MathDouble.c,96 :: 		
0x00FA	0x6801      	SETF        R1, 0
;__Lib_MathDouble.c,97 :: 		
0x00FC	0x6800      	SETF        R0, 0
;__Lib_MathDouble.c,98 :: 		
0x00FE	0x360A      	RLCF        R10, 1, 0
;__Lib_MathDouble.c,99 :: 		
0x0100	0x3202      	RRCF        R2, 1, 0
;__Lib_MathDouble.c,100 :: 		
SETFOV32EEE:
;__Lib_MathDouble.c,101 :: 		
0x0102	0x0EFF      	MOVLW       255
;__Lib_MathDouble.c,103 :: 		
L_end_SETFOV32:
0x0104	0x0012      	RETURN      0
; end of _SETFOV32
_SETIOV3224:
;__Lib_MathDouble.c,530 :: 		
;__Lib_MathDouble.c,537 :: 		
0x0106	0x800B      	BSF         R11, 0, 0
;__Lib_MathDouble.c,538 :: 		
0x0108	0xAE0B      	BTFSS       R11, 7, 0
;__Lib_MathDouble.c,539 :: 		
0x010A	0xF000EF8F  	GOTO        SETIOV3224EEE
;__Lib_MathDouble.c,541 :: 		
0x010E	0x6A02      	CLRF        R2, 0
;__Lib_MathDouble.c,542 :: 		
0x0110	0xAE0A      	BTFSS       R10, 7, 0
;__Lib_MathDouble.c,543 :: 		
0x0112	0x0EFF      	MOVLW       255
;__Lib_MathDouble.c,544 :: 		
0x0114	0x6E02      	MOVWF       R2, 0
;__Lib_MathDouble.c,545 :: 		
0x0116	0x6E01      	MOVWF       R1, 0
;__Lib_MathDouble.c,546 :: 		
0x0118	0x6E00      	MOVWF       R0, 0
;__Lib_MathDouble.c,547 :: 		
0x011A	0x360A      	RLCF        R10, 1, 0
;__Lib_MathDouble.c,548 :: 		
0x011C	0x3202      	RRCF        R2, 1, 0
;__Lib_MathDouble.c,549 :: 		
SETIOV3224EEE:
;__Lib_MathDouble.c,550 :: 		
0x011E	0x0EFF      	MOVLW       255
;__Lib_MathDouble.c,552 :: 		
L_end_SETIOV3224:
0x0120	0x0012      	RETURN      0
; end of _SETIOV3224
_SETFDZ32:
;__Lib_MathDouble.c,106 :: 		
;__Lib_MathDouble.c,110 :: 		
0x0122	0x6A0B      	CLRF        R11, 0
;__Lib_MathDouble.c,111 :: 		
0x0124	0x860B      	BSF         R11, 3, 0
;__Lib_MathDouble.c,112 :: 		
0x0126	0x0EFF      	MOVLW       255
;__Lib_MathDouble.c,114 :: 		
L_end_SETFDZ32:
0x0128	0x0012      	RETURN      0
; end of _SETFDZ32
_NRM3232:
;__Lib_MathDouble.c,455 :: 		
;__Lib_MathDouble.c,463 :: 		
0x012A	0x6A0C      	CLRF        R12, 0
;__Lib_MathDouble.c,464 :: 		
0x012C	0x6A0E      	CLRF        R14, 0
;__Lib_MathDouble.c,465 :: 		
0x012E	0x5002      	MOVF        R2, 0, 0
;__Lib_MathDouble.c,466 :: 		
0x0130	0xA4D8      	BTFSS       STATUS, 2, 0
;__Lib_MathDouble.c,467 :: 		
0x0132	0xF000EFAE  	GOTO        NORM3232
;__Lib_MathDouble.c,468 :: 		
0x0136	0xF002C001  	MOVFF       R1, R2
;__Lib_MathDouble.c,469 :: 		
0x013A	0xF001C000  	MOVFF       R0, R1
;__Lib_MathDouble.c,470 :: 		
0x013E	0x6A00      	CLRF        R0, 0
;__Lib_MathDouble.c,471 :: 		
0x0140	0x860E      	BSF         R14, 3, 0
;__Lib_MathDouble.c,473 :: 		
0x0142	0x5002      	MOVF        R2, 0, 0
;__Lib_MathDouble.c,474 :: 		
0x0144	0xA4D8      	BTFSS       STATUS, 2, 0
;__Lib_MathDouble.c,475 :: 		
0x0146	0xF000EFAE  	GOTO        NORM3232
;__Lib_MathDouble.c,476 :: 		
0x014A	0xF002C001  	MOVFF       R1, R2
;__Lib_MathDouble.c,477 :: 		
0x014E	0x6A01      	CLRF        R1, 0
;__Lib_MathDouble.c,478 :: 		
0x0150	0x960E      	BCF         R14, 3, 0
;__Lib_MathDouble.c,479 :: 		
0x0152	0x880E      	BSF         R14, 4, 0
;__Lib_MathDouble.c,481 :: 		
0x0154	0x5002      	MOVF        R2, 0, 0
;__Lib_MathDouble.c,482 :: 		
0x0156	0xB4D8      	BTFSC       STATUS, 2, 0
;__Lib_MathDouble.c,483 :: 		
0x0158	0xF000EFC0  	GOTO        JPNRES032
;__Lib_MathDouble.c,484 :: 		
NORM3232:
;__Lib_MathDouble.c,485 :: 		
0x015C	0x500E      	MOVF        R14, 0, 0
;__Lib_MathDouble.c,486 :: 		
0x015E	0x5E03      	SUBWF       R3, 1, 0
;__Lib_MathDouble.c,487 :: 		
0x0160	0xA4D8      	BTFSS       STATUS, 2, 0
;__Lib_MathDouble.c,488 :: 		
0x0162	0xA0D8      	BTFSS       STATUS, 0, 0
;__Lib_MathDouble.c,489 :: 		
0x0164	0xF000EFC5  	GOTO        JPNSETFUN32
;__Lib_MathDouble.c,490 :: 		
0x0168	0x90D8      	BCF         STATUS, 0, 0
;__Lib_MathDouble.c,491 :: 		
NORM3232A:
;__Lib_MathDouble.c,492 :: 		
0x016A	0xBE02      	BTFSC       R2, 7, 0
;__Lib_MathDouble.c,493 :: 		
0x016C	0xF000EFCA  	GOTO        JMPNFIXSIGN32
;__Lib_MathDouble.c,494 :: 		
0x0170	0x3600      	RLCF        R0, 1, 0
;__Lib_MathDouble.c,495 :: 		
0x0172	0x3601      	RLCF        R1, 1, 0
;__Lib_MathDouble.c,496 :: 		
0x0174	0x3602      	RLCF        R2, 1, 0
;__Lib_MathDouble.c,497 :: 		
0x0176	0x2E03      	DECFSZ      R3, 1, 0
;__Lib_MathDouble.c,498 :: 		
0x0178	0xF000EFB5  	GOTO        NORM3232A
;__Lib_MathDouble.c,499 :: 		
0x017C	0xF000EFC5  	GOTO        JPNSETFUN32
;__Lib_MathDouble.c,500 :: 		
JPNRES032:
;__Lib_MathDouble.c,501 :: 		
0x0180	0x0E01      	MOVLW       1
;__Lib_MathDouble.c,502 :: 		
0x0182	0x6E0C      	MOVWF       R12, 0
;__Lib_MathDouble.c,504 :: 		
0x0184	0xDF5E      	RCALL       _RES032
;__Lib_MathDouble.c,506 :: 		
0x0186	0xF000EFCD  	GOTO        NORM32EEE
;__Lib_MathDouble.c,507 :: 		
JPNSETFUN32:
;__Lib_MathDouble.c,508 :: 		
0x018A	0x0E02      	MOVLW       2
;__Lib_MathDouble.c,509 :: 		
0x018C	0x6E0C      	MOVWF       R12, 0
;__Lib_MathDouble.c,511 :: 		
0x018E	0xDF60      	RCALL       _SETFUN32
;__Lib_MathDouble.c,513 :: 		
0x0190	0xF000EFCD  	GOTO        NORM32EEE
;__Lib_MathDouble.c,514 :: 		
JMPNFIXSIGN32:
;__Lib_MathDouble.c,515 :: 		
0x0194	0x0E04      	MOVLW       4
;__Lib_MathDouble.c,516 :: 		
0x0196	0x6E0C      	MOVWF       R12, 0
;__Lib_MathDouble.c,518 :: 		
0x0198	0xDF68      	RCALL       _FIXSIGN32
;__Lib_MathDouble.c,520 :: 		
NORM32EEE:
;__Lib_MathDouble.c,527 :: 		
L_end_NRM3232:
0x019A	0x0012      	RETURN      0
; end of _NRM3232
_Delay_22us:
;__Lib_Delays.c,15 :: 		void Delay_22us() {
;__Lib_Delays.c,16 :: 		Delay_us(22);
0x019C	0x0E0E      	MOVLW       14
0x019E	0x6E0D      	MOVWF       R13, 0
L_Delay_22us1:
0x01A0	0x2E0D      	DECFSZ      R13, 1, 0
0x01A2	0xD7FE      	BRA         L_Delay_22us1
0x01A4	0x0000      	NOP
;__Lib_Delays.c,17 :: 		}
L_end_Delay_22us:
0x01A6	0x0012      	RETURN      0
; end of _Delay_22us
_Mul_16X16_U:
;__Lib_Math.c,440 :: 		
;__Lib_Math.c,447 :: 		
0x01A8	0x6A0B      	CLRF        R11, 0
;__Lib_Math.c,448 :: 		
0x01AA	0x6A0A      	CLRF        R10, 0
;__Lib_Math.c,449 :: 		
0x01AC	0x6A09      	CLRF        R9, 0
;__Lib_Math.c,450 :: 		
0x01AE	0x5000      	MOVF        R0, 0, 0
;__Lib_Math.c,451 :: 		
0x01B0	0x0204      	MULWF       R4, 0
;__Lib_Math.c,453 :: 		
0x01B2	0xF009CFF4  	MOVFF       PRODH, R9
;__Lib_Math.c,454 :: 		
0x01B6	0xF008CFF3  	MOVFF       PRODL, R8
;__Lib_Math.c,455 :: 		
0x01BA	0x5001      	MOVF        R1, 0, 0
;__Lib_Math.c,456 :: 		
0x01BC	0x0205      	MULWF       R5, 0
;__Lib_Math.c,458 :: 		
0x01BE	0xF00BCFF4  	MOVFF       PRODH, R11
;__Lib_Math.c,459 :: 		
0x01C2	0xF00ACFF3  	MOVFF       PRODL, R10
;__Lib_Math.c,460 :: 		
0x01C6	0x5000      	MOVF        R0, 0, 0
;__Lib_Math.c,461 :: 		
0x01C8	0x0205      	MULWF       R5, 0
;__Lib_Math.c,463 :: 		
0x01CA	0x50F3      	MOVF        PRODL, 0, 0
;__Lib_Math.c,464 :: 		
0x01CC	0x2609      	ADDWF       R9, 1, 0
;__Lib_Math.c,465 :: 		
0x01CE	0x50F4      	MOVF        PRODH, 0, 0
;__Lib_Math.c,466 :: 		
0x01D0	0x220A      	ADDWFC      R10, 1, 0
;__Lib_Math.c,467 :: 		
0x01D2	0x6AE8      	CLRF        WREG, 0
;__Lib_Math.c,468 :: 		
0x01D4	0x220B      	ADDWFC      R11, 1, 0
;__Lib_Math.c,469 :: 		
0x01D6	0x5001      	MOVF        R1, 0, 0
;__Lib_Math.c,470 :: 		
0x01D8	0x0204      	MULWF       R4, 0
;__Lib_Math.c,472 :: 		
0x01DA	0x50F3      	MOVF        PRODL, 0, 0
;__Lib_Math.c,473 :: 		
0x01DC	0x2609      	ADDWF       R9, 1, 0
;__Lib_Math.c,474 :: 		
0x01DE	0x50F4      	MOVF        PRODH, 0, 0
;__Lib_Math.c,475 :: 		
0x01E0	0x220A      	ADDWFC      R10, 1, 0
;__Lib_Math.c,476 :: 		
0x01E2	0x6AE8      	CLRF        WREG, 0
;__Lib_Math.c,477 :: 		
0x01E4	0x220B      	ADDWFC      R11, 1, 0
;__Lib_Math.c,479 :: 		
0x01E6	0xF000C008  	MOVFF       R8, R0
;__Lib_Math.c,480 :: 		
0x01EA	0xF001C009  	MOVFF       R9, R1
;__Lib_Math.c,481 :: 		
0x01EE	0xF002C00A  	MOVFF       R10, R2
;__Lib_Math.c,482 :: 		
0x01F2	0xF003C00B  	MOVFF       R11, R3
;__Lib_Math.c,485 :: 		
L_end_Mul_16X16_U:
0x01F6	0x0012      	RETURN      0
; end of _Mul_16X16_U
_Lcd_Chr_CP:
;__Lib_Lcd.c,50 :: 		
;__Lib_Lcd.c,52 :: 		
0x01F8	0x9024      	BCF         __Lib_Lcd_cmd_status, BitPos(__Lib_Lcd_cmd_status+0) 
;__Lib_Lcd.c,53 :: 		
0x01FA	0xF035C034  	MOVFF       FARG_Lcd_Chr_CP_out_char, FARG_Lcd_Cmd_out_char
0x01FE	0xDF39      	RCALL       _Lcd_Cmd
;__Lib_Lcd.c,54 :: 		
0x0200	0x8024      	BSF         __Lib_Lcd_cmd_status, BitPos(__Lib_Lcd_cmd_status+0) 
;__Lib_Lcd.c,55 :: 		
L_end_Lcd_Chr_CP:
0x0202	0x0012      	RETURN      0
; end of _Lcd_Chr_CP
_Div_16X16_U:
;__Lib_Math.c,102 :: 		
;__Lib_Math.c,109 :: 		
0x0204	0x6A08      	CLRF        R8, 0
;__Lib_Math.c,110 :: 		
0x0206	0x6A09      	CLRF        R9, 0
;__Lib_Math.c,111 :: 		
0x0208	0x0E10      	MOVLW       16
;__Lib_Math.c,112 :: 		
0x020A	0x6E0C      	MOVWF       R12, 0
;__Lib_Math.c,113 :: 		
0x020C	0x3401      	RLCF        R1, 0, 0
;__Lib_Math.c,114 :: 		
0x020E	0x3608      	RLCF        R8, 1, 0
;__Lib_Math.c,115 :: 		
0x0210	0x3609      	RLCF        R9, 1, 0
;__Lib_Math.c,116 :: 		
0x0212	0x5004      	MOVF        R4, 0, 0
;__Lib_Math.c,117 :: 		
0x0214	0x5E08      	SUBWF       R8, 1, 0
;__Lib_Math.c,118 :: 		
0x0216	0x5005      	MOVF        R5, 0, 0
;__Lib_Math.c,119 :: 		
0x0218	0xA0D8      	BTFSS       STATUS, 0, 0
;__Lib_Math.c,120 :: 		
0x021A	0x3C05      	INCFSZ      R5, 0, 0
;__Lib_Math.c,121 :: 		
0x021C	0x5E09      	SUBWF       R9, 1, 0
;__Lib_Math.c,122 :: 		
0x021E	0xB0D8      	BTFSC       STATUS, 0, 0
;__Lib_Math.c,123 :: 		
0x0220	0xD007      	BRA         $+16
;__Lib_Math.c,124 :: 		
0x0222	0x5004      	MOVF        R4, 0, 0
;__Lib_Math.c,125 :: 		
0x0224	0x2608      	ADDWF       R8, 1, 0
;__Lib_Math.c,126 :: 		
0x0226	0x5005      	MOVF        R5, 0, 0
;__Lib_Math.c,127 :: 		
0x0228	0xB0D8      	BTFSC       STATUS, 0, 0
;__Lib_Math.c,128 :: 		
0x022A	0x3C05      	INCFSZ      R5, 0, 0
;__Lib_Math.c,129 :: 		
0x022C	0x2609      	ADDWF       R9, 1, 0
;__Lib_Math.c,130 :: 		
0x022E	0x90D8      	BCF         STATUS, 0, 0
;__Lib_Math.c,131 :: 		
0x0230	0x3600      	RLCF        R0, 1, 0
;__Lib_Math.c,132 :: 		
0x0232	0x3601      	RLCF        R1, 1, 0
;__Lib_Math.c,133 :: 		
0x0234	0x2E0C      	DECFSZ      R12, 1, 0
;__Lib_Math.c,134 :: 		
0x0236	0xD7EA      	BRA         $-42
;__Lib_Math.c,136 :: 		
L_end_Div_16X16_U:
0x0238	0x0012      	RETURN      0
; end of _Div_16X16_U
_word2double:
;__Lib_MathDouble.c,2335 :: 		
;__Lib_MathDouble.c,2344 :: 		
0x023A	0x5000      	MOVF        R0, 0, 0
;__Lib_MathDouble.c,2345 :: 		
0x023C	0x6E08      	MOVWF       R8, 0
;__Lib_MathDouble.c,2346 :: 		
0x023E	0x5001      	MOVF        R1, 0, 0
;__Lib_MathDouble.c,2347 :: 		
0x0240	0x6E00      	MOVWF       R0, 0
;__Lib_MathDouble.c,2348 :: 		
0x0242	0x6A01      	CLRF        R1, 0
;__Lib_MathDouble.c,2349 :: 		
0x0244	0x6A02      	CLRF        R2, 0
;__Lib_MathDouble.c,2350 :: 		
0x0246	0x6A03      	CLRF        R3, 0
;__Lib_MathDouble.c,2353 :: 		
0x0248	0x6A0B      	CLRF        R11, 0
;__Lib_MathDouble.c,2354 :: 		
0x024A	0x6A0C      	CLRF        R12, 0
;__Lib_MathDouble.c,2356 :: 		
0x024C	0x0E96      	MOVLW       150
;__Lib_MathDouble.c,2357 :: 		
0x024E	0x6E03      	MOVWF       R3, 0
;__Lib_MathDouble.c,2358 :: 		
0x0250	0x6A0A      	CLRF        R10, 0
;__Lib_MathDouble.c,2360 :: 		
0x0252	0xF001C000  	MOVFF       R0, R1
;__Lib_MathDouble.c,2361 :: 		
0x0256	0xF000C008  	MOVFF       R8, R0
;__Lib_MathDouble.c,2362 :: 		
0x025A	0x6A08      	CLRF        R8, 0
;__Lib_MathDouble.c,2363 :: 		
0x025C	0x6A02      	CLRF        R2, 0
;__Lib_MathDouble.c,2365 :: 		
0x025E	0xDF65      	RCALL       _NRM3232
;__Lib_MathDouble.c,2366 :: 		
L_end_word2double:
0x0260	0x0012      	RETURN      0
; end of _word2double
_ADC_Read:
;__Lib_ADC_A_D.c,51 :: 		
;__Lib_ADC_A_D.c,54 :: 		
0x0262	0x6AC2      	CLRF        ADCON0 
;__Lib_ADC_A_D.c,55 :: 		
0x0264	0x1C23      	COMF        _vref_mask, 0 
0x0266	0x6E00      	MOVWF       R0 
0x0268	0x5000      	MOVF        R0, 0 
0x026A	0x16C1      	ANDWF       ADCON1, 1 
;__Lib_ADC_A_D.c,56 :: 		
0x026C	0x0E07      	MOVLW       7
0x026E	0x12C0      	IORWF       ADCON2, 1 
;__Lib_ADC_A_D.c,57 :: 		
0x0270	0x8EC0      	BSF         ADCON2, 7 
;__Lib_ADC_A_D.c,58 :: 		
0x0272	0xF000C02D  	MOVFF       FARG_ADC_Read_channel, R0
0x0276	0x3600      	RLCF        R0, 1 
0x0278	0x9000      	BCF         R0, 0 
0x027A	0x3600      	RLCF        R0, 1 
0x027C	0x9000      	BCF         R0, 0 
0x027E	0x5000      	MOVF        R0, 0 
0x0280	0x12C2      	IORWF       ADCON0, 1 
;__Lib_ADC_A_D.c,59 :: 		
0x0282	0x80C2      	BSF         ADCON0, 0 
;__Lib_ADC_A_D.c,60 :: 		
0x0284	0xDF8B      	RCALL       _Delay_22us
;__Lib_ADC_A_D.c,61 :: 		
0x0286	0x82C2      	BSF         ADCON0, 1 
;__Lib_ADC_A_D.c,62 :: 		
L_ADC_Read2:
0x0288	0xA2C2      	BTFSS       ADCON0, 1 
0x028A	0xD001      	BRA         L_ADC_Read3
;__Lib_ADC_A_D.c,63 :: 		
0x028C	0xD7FD      	BRA         L_ADC_Read2
L_ADC_Read3:
;__Lib_ADC_A_D.c,64 :: 		
0x028E	0xF001CFC4  	MOVFF       ADRESH, R1
0x0292	0x6A00      	CLRF        R0 
;__Lib_ADC_A_D.c,65 :: 		
0x0294	0x50C3      	MOVF        ADRESL, 0 
0x0296	0x1200      	IORWF       R0, 1 
0x0298	0x0E00      	MOVLW       0
0x029A	0x1201      	IORWF       R1, 1 
;__Lib_ADC_A_D.c,66 :: 		
0x029C	0x90C2      	BCF         ADCON0, 0 
;__Lib_ADC_A_D.c,68 :: 		
;__Lib_ADC_A_D.c,69 :: 		
L_end_ADC_Read:
0x029E	0x0012      	RETURN      0
; end of _ADC_Read
_PWM1_Init:
;__Lib_PWM_c21.c,35 :: 		
;__Lib_PWM_c21.c,36 :: 		
;__Lib_PWM_c21.c,37 :: 		
0x02A0	0x6ABE      	CLRF        CCPR1L 
;__Lib_PWM_c21.c,38 :: 		
0x02A2	0x98BD      	BCF         CCP1CON, 4 
;__Lib_PWM_c21.c,39 :: 		
0x02A4	0x9ABD      	BCF         CCP1CON, 5 
;__Lib_PWM_c21.c,40 :: 		
L_end_PWM1_Init:
0x02A6	0x0012      	RETURN      0
; end of _PWM1_Init
___CC2DW:
;__Lib_System.c,21 :: 		
;__Lib_System.c,23 :: 		
_CC2DL_Loop1:
;__Lib_System.c,24 :: 		
0x02A8	0x0009      	TBLRD*+
;__Lib_System.c,25 :: 		
0x02AA	0xFFE6CFF5  	MOVFF       TABLAT, POSTINC1
;__Lib_System.c,26 :: 		
0x02AE	0x0600      	DECF        R0, 1, 0
;__Lib_System.c,27 :: 		
0x02B0	0xE1FB      	BNZ         _CC2DL_Loop1
;__Lib_System.c,28 :: 		
0x02B2	0x0601      	DECF        R1, 1, 0
;__Lib_System.c,29 :: 		
0x02B4	0xE1F9      	BNZ         _CC2DL_Loop1
;__Lib_System.c,31 :: 		
L_end___CC2DW:
0x02B6	0x0012      	RETURN      0
; end of ___CC2DW
_PWM1_Start:
;__Lib_PWM_c21.c,53 :: 		
;__Lib_PWM_c21.c,54 :: 		
0x02B8	0x9494      	BCF         TRISC2_bit, BitPos(TRISC2_bit+0) 
;__Lib_PWM_c21.c,55 :: 		
0x02BA	0x84CA      	BSF         T2CON, 2 
;__Lib_PWM_c21.c,56 :: 		
0x02BC	0x0E0C      	MOVLW       12
0x02BE	0x12BD      	IORWF       CCP1CON, 1 
;__Lib_PWM_c21.c,57 :: 		
L_end_PWM1_Start:
0x02C0	0x0012      	RETURN      0
; end of _PWM1_Start
_Lcd_Init:
;__Lib_Lcd.c,84 :: 		
;__Lib_Lcd.c,86 :: 		
0x02C2	0x9296      	BCF         LCD_EN_Direction, BitPos(LCD_EN_Direction+0) 
;__Lib_Lcd.c,87 :: 		
0x02C4	0x9496      	BCF         LCD_RS_Direction, BitPos(LCD_RS_Direction+0) 
;__Lib_Lcd.c,88 :: 		
0x02C6	0x9895      	BCF         LCD_D4_Direction, BitPos(LCD_D4_Direction+0) 
;__Lib_Lcd.c,89 :: 		
0x02C8	0x9A95      	BCF         LCD_D5_Direction, BitPos(LCD_D5_Direction+0) 
;__Lib_Lcd.c,90 :: 		
0x02CA	0x9C95      	BCF         LCD_D6_Direction, BitPos(LCD_D6_Direction+0) 
;__Lib_Lcd.c,91 :: 		
0x02CC	0x9E95      	BCF         LCD_D7_Direction, BitPos(LCD_D7_Direction+0) 
;__Lib_Lcd.c,93 :: 		
0x02CE	0x9284      	BCF         LCD_EN, BitPos(LCD_EN+0) 
;__Lib_Lcd.c,94 :: 		
0x02D0	0x9484      	BCF         LCD_RS, BitPos(LCD_RS+0) 
;__Lib_Lcd.c,95 :: 		
0x02D2	0x9E83      	BCF         LCD_D7, BitPos(LCD_D7+0) 
;__Lib_Lcd.c,96 :: 		
0x02D4	0x9C83      	BCF         LCD_D6, BitPos(LCD_D6+0) 
;__Lib_Lcd.c,97 :: 		
0x02D6	0x9A83      	BCF         LCD_D5, BitPos(LCD_D5+0) 
;__Lib_Lcd.c,98 :: 		
0x02D8	0x9883      	BCF         LCD_D4, BitPos(LCD_D4+0) 
;__Lib_Lcd.c,100 :: 		
0x02DA	0xDEA3      	RCALL       _Delay_5500us
;__Lib_Lcd.c,101 :: 		
0x02DC	0xDEA2      	RCALL       _Delay_5500us
;__Lib_Lcd.c,102 :: 		
0x02DE	0xDEA1      	RCALL       _Delay_5500us
;__Lib_Lcd.c,105 :: 		
0x02E0	0x8A83      	BSF         LCD_D5, BitPos(LCD_D5+0) 
;__Lib_Lcd.c,106 :: 		
0x02E2	0x8883      	BSF         LCD_D4, BitPos(LCD_D4+0) 
;__Lib_Lcd.c,107 :: 		
0x02E4	0x8284      	BSF         LCD_EN, BitPos(LCD_EN+0) 
;__Lib_Lcd.c,108 :: 		
0x02E6	0xDE9A      	RCALL       _Delay_1us
;__Lib_Lcd.c,109 :: 		
0x02E8	0x9284      	BCF         LCD_EN, BitPos(LCD_EN+0) 
;__Lib_Lcd.c,110 :: 		
0x02EA	0xDE9B      	RCALL       _Delay_5500us
;__Lib_Lcd.c,112 :: 		
0x02EC	0x8284      	BSF         LCD_EN, BitPos(LCD_EN+0) 
;__Lib_Lcd.c,113 :: 		
0x02EE	0xDE96      	RCALL       _Delay_1us
;__Lib_Lcd.c,114 :: 		
0x02F0	0x9284      	BCF         LCD_EN, BitPos(LCD_EN+0) 
;__Lib_Lcd.c,115 :: 		
0x02F2	0xDE97      	RCALL       _Delay_5500us
;__Lib_Lcd.c,117 :: 		
0x02F4	0x8284      	BSF         LCD_EN, BitPos(LCD_EN+0) 
;__Lib_Lcd.c,118 :: 		
0x02F6	0xDE92      	RCALL       _Delay_1us
;__Lib_Lcd.c,119 :: 		
0x02F8	0x9284      	BCF         LCD_EN, BitPos(LCD_EN+0) 
;__Lib_Lcd.c,120 :: 		
0x02FA	0xDE93      	RCALL       _Delay_5500us
;__Lib_Lcd.c,123 :: 		
0x02FC	0x9883      	BCF         LCD_D4, BitPos(LCD_D4+0) 
;__Lib_Lcd.c,124 :: 		
0x02FE	0x8284      	BSF         LCD_EN, BitPos(LCD_EN+0) 
;__Lib_Lcd.c,125 :: 		
0x0300	0xDE8D      	RCALL       _Delay_1us
;__Lib_Lcd.c,126 :: 		
0x0302	0x9284      	BCF         LCD_EN, BitPos(LCD_EN+0) 
;__Lib_Lcd.c,127 :: 		
0x0304	0xDE8E      	RCALL       _Delay_5500us
;__Lib_Lcd.c,130 :: 		
0x0306	0x8284      	BSF         LCD_EN, BitPos(LCD_EN+0) 
;__Lib_Lcd.c,131 :: 		
0x0308	0xDE89      	RCALL       _Delay_1us
;__Lib_Lcd.c,132 :: 		
0x030A	0x9284      	BCF         LCD_EN, BitPos(LCD_EN+0) 
;__Lib_Lcd.c,134 :: 		
0x030C	0x9A83      	BCF         LCD_D5, BitPos(LCD_D5+0) 
;__Lib_Lcd.c,135 :: 		
0x030E	0x8E83      	BSF         LCD_D7, BitPos(LCD_D7+0) 
;__Lib_Lcd.c,136 :: 		
0x0310	0x8284      	BSF         LCD_EN, BitPos(LCD_EN+0) 
;__Lib_Lcd.c,137 :: 		
0x0312	0xDE84      	RCALL       _Delay_1us
;__Lib_Lcd.c,138 :: 		
0x0314	0x9284      	BCF         LCD_EN, BitPos(LCD_EN+0) 
;__Lib_Lcd.c,139 :: 		
0x0316	0xDE85      	RCALL       _Delay_5500us
;__Lib_Lcd.c,142 :: 		
0x0318	0x9E83      	BCF         LCD_D7, BitPos(LCD_D7+0) 
;__Lib_Lcd.c,143 :: 		
0x031A	0x8883      	BSF         LCD_D4, BitPos(LCD_D4+0) 
;__Lib_Lcd.c,144 :: 		
0x031C	0x8284      	BSF         LCD_EN, BitPos(LCD_EN+0) 
;__Lib_Lcd.c,145 :: 		
0x031E	0xDE7E      	RCALL       _Delay_1us
;__Lib_Lcd.c,146 :: 		
0x0320	0x9284      	BCF         LCD_EN, BitPos(LCD_EN+0) 
;__Lib_Lcd.c,148 :: 		
0x0322	0x9883      	BCF         LCD_D4, BitPos(LCD_D4+0) 
;__Lib_Lcd.c,149 :: 		
0x0324	0x8284      	BSF         LCD_EN, BitPos(LCD_EN+0) 
;__Lib_Lcd.c,150 :: 		
0x0326	0xDE7A      	RCALL       _Delay_1us
;__Lib_Lcd.c,151 :: 		
0x0328	0x9284      	BCF         LCD_EN, BitPos(LCD_EN+0) 
;__Lib_Lcd.c,152 :: 		
0x032A	0xDE7B      	RCALL       _Delay_5500us
;__Lib_Lcd.c,155 :: 		
0x032C	0x8284      	BSF         LCD_EN, BitPos(LCD_EN+0) 
;__Lib_Lcd.c,156 :: 		
0x032E	0xDE76      	RCALL       _Delay_1us
;__Lib_Lcd.c,157 :: 		
0x0330	0x9284      	BCF         LCD_EN, BitPos(LCD_EN+0) 
;__Lib_Lcd.c,159 :: 		
0x0332	0x8883      	BSF         LCD_D4, BitPos(LCD_D4+0) 
;__Lib_Lcd.c,160 :: 		
0x0334	0x8284      	BSF         LCD_EN, BitPos(LCD_EN+0) 
;__Lib_Lcd.c,161 :: 		
0x0336	0xDE72      	RCALL       _Delay_1us
;__Lib_Lcd.c,162 :: 		
0x0338	0x9284      	BCF         LCD_EN, BitPos(LCD_EN+0) 
;__Lib_Lcd.c,163 :: 		
0x033A	0xDE73      	RCALL       _Delay_5500us
;__Lib_Lcd.c,166 :: 		
0x033C	0x9883      	BCF         LCD_D4, BitPos(LCD_D4+0) 
;__Lib_Lcd.c,167 :: 		
0x033E	0x8284      	BSF         LCD_EN, BitPos(LCD_EN+0) 
;__Lib_Lcd.c,168 :: 		
0x0340	0xDE6D      	RCALL       _Delay_1us
;__Lib_Lcd.c,169 :: 		
0x0342	0x9284      	BCF         LCD_EN, BitPos(LCD_EN+0) 
;__Lib_Lcd.c,171 :: 		
0x0344	0x8E83      	BSF         LCD_D7, BitPos(LCD_D7+0) 
;__Lib_Lcd.c,172 :: 		
0x0346	0x8C83      	BSF         LCD_D6, BitPos(LCD_D6+0) 
;__Lib_Lcd.c,173 :: 		
0x0348	0x8A83      	BSF         LCD_D5, BitPos(LCD_D5+0) 
;__Lib_Lcd.c,174 :: 		
0x034A	0x8883      	BSF         LCD_D4, BitPos(LCD_D4+0) 
;__Lib_Lcd.c,175 :: 		
0x034C	0x8284      	BSF         LCD_EN, BitPos(LCD_EN+0) 
;__Lib_Lcd.c,176 :: 		
0x034E	0xDE66      	RCALL       _Delay_1us
;__Lib_Lcd.c,177 :: 		
0x0350	0x9284      	BCF         LCD_EN, BitPos(LCD_EN+0) 
;__Lib_Lcd.c,179 :: 		
0x0352	0xDE67      	RCALL       _Delay_5500us
;__Lib_Lcd.c,181 :: 		
0x0354	0x8024      	BSF         __Lib_Lcd_cmd_status, BitPos(__Lib_Lcd_cmd_status+0) 
;__Lib_Lcd.c,182 :: 		
L_end_Lcd_Init:
0x0356	0x0012      	RETURN      0
; end of _Lcd_Init
_Lcd_Out:
;__Lib_Lcd.c,184 :: 		
;__Lib_Lcd.c,187 :: 		
0x0358	0xD00F      	BRA         L_Lcd_Out11
;__Lib_Lcd.c,188 :: 		
L_Lcd_Out13:
0x035A	0x0E80      	MOVLW       128
0x035C	0x6E2D      	MOVWF       FARG_Lcd_Out_row 
0x035E	0xD019      	BRA         L_Lcd_Out12
;__Lib_Lcd.c,189 :: 		
L_Lcd_Out14:
0x0360	0x0EC0      	MOVLW       192
0x0362	0x6E2D      	MOVWF       FARG_Lcd_Out_row 
0x0364	0xD016      	BRA         L_Lcd_Out12
;__Lib_Lcd.c,190 :: 		
L_Lcd_Out15:
0x0366	0x0E94      	MOVLW       148
0x0368	0x6E2D      	MOVWF       FARG_Lcd_Out_row 
0x036A	0xD013      	BRA         L_Lcd_Out12
;__Lib_Lcd.c,191 :: 		
L_Lcd_Out16:
0x036C	0x0ED4      	MOVLW       212
0x036E	0x6E2D      	MOVWF       FARG_Lcd_Out_row 
0x0370	0xD010      	BRA         L_Lcd_Out12
;__Lib_Lcd.c,192 :: 		
L_Lcd_Out17:
0x0372	0x0E80      	MOVLW       128
0x0374	0x6E2D      	MOVWF       FARG_Lcd_Out_row 
;__Lib_Lcd.c,193 :: 		
0x0376	0xD00D      	BRA         L_Lcd_Out12
L_Lcd_Out11:
0x0378	0x502D      	MOVF        FARG_Lcd_Out_row, 0 
0x037A	0x0A01      	XORLW       1
0x037C	0xE0EE      	BZ          L_Lcd_Out13
0x037E	0x502D      	MOVF        FARG_Lcd_Out_row, 0 
0x0380	0x0A02      	XORLW       2
0x0382	0xE0EE      	BZ          L_Lcd_Out14
0x0384	0x502D      	MOVF        FARG_Lcd_Out_row, 0 
0x0386	0x0A03      	XORLW       3
0x0388	0xE0EE      	BZ          L_Lcd_Out15
0x038A	0x502D      	MOVF        FARG_Lcd_Out_row, 0 
0x038C	0x0A04      	XORLW       4
0x038E	0xE0EE      	BZ          L_Lcd_Out16
0x0390	0xD7F0      	BRA         L_Lcd_Out17
L_Lcd_Out12:
;__Lib_Lcd.c,194 :: 		
0x0392	0x042E      	DECF        FARG_Lcd_Out_column, 0 
0x0394	0x6E00      	MOVWF       R0 
0x0396	0x502D      	MOVF        FARG_Lcd_Out_row, 0 
0x0398	0x2600      	ADDWF       R0, 1 
0x039A	0xF02DC000  	MOVFF       R0, FARG_Lcd_Out_row
;__Lib_Lcd.c,196 :: 		
0x039E	0xF035C000  	MOVFF       R0, FARG_Lcd_Cmd_out_char
0x03A2	0xDE67      	RCALL       _Lcd_Cmd
;__Lib_Lcd.c,197 :: 		
0x03A4	0x9024      	BCF         __Lib_Lcd_cmd_status, BitPos(__Lib_Lcd_cmd_status+0) 
;__Lib_Lcd.c,198 :: 		
0x03A6	0x6A31      	CLRF        Lcd_Out_i_L0 
;__Lib_Lcd.c,199 :: 		
L_Lcd_Out18:
0x03A8	0x5031      	MOVF        Lcd_Out_i_L0, 0 
0x03AA	0x242F      	ADDWF       FARG_Lcd_Out_text, 0 
0x03AC	0x6EE9      	MOVWF       FSR0L 
0x03AE	0x0E00      	MOVLW       0
0x03B0	0x2030      	ADDWFC      FARG_Lcd_Out_text+1, 0 
0x03B2	0x6EEA      	MOVWF       FSR0L+1 
0x03B4	0x52EE      	MOVF        POSTINC0, 1 
0x03B6	0xE00B      	BZ          L_Lcd_Out19
;__Lib_Lcd.c,200 :: 		
0x03B8	0x5031      	MOVF        Lcd_Out_i_L0, 0 
0x03BA	0x242F      	ADDWF       FARG_Lcd_Out_text, 0 
0x03BC	0x6EE9      	MOVWF       FSR0L 
0x03BE	0x0E00      	MOVLW       0
0x03C0	0x2030      	ADDWFC      FARG_Lcd_Out_text+1, 0 
0x03C2	0x6EEA      	MOVWF       FSR0L+1 
0x03C4	0xF034CFEE  	MOVFF       POSTINC0, FARG_Lcd_Chr_CP_out_char
0x03C8	0xDF17      	RCALL       _Lcd_Chr_CP
0x03CA	0x2A31      	INCF        Lcd_Out_i_L0, 1 
0x03CC	0xD7ED      	BRA         L_Lcd_Out18
L_Lcd_Out19:
;__Lib_Lcd.c,201 :: 		
0x03CE	0x8024      	BSF         __Lib_Lcd_cmd_status, BitPos(__Lib_Lcd_cmd_status+0) 
;__Lib_Lcd.c,202 :: 		
L_end_Lcd_Out:
0x03D0	0x0012      	RETURN      0
; end of _Lcd_Out
_double2int:
;__Lib_MathDouble.c,1897 :: 		
;__Lib_MathDouble.c,1906 :: 		
0x03D2	0x6A0B      	CLRF        R11, 0
;__Lib_MathDouble.c,1907 :: 		
0x03D4	0x5003      	MOVF        R3, 0, 0
;__Lib_MathDouble.c,1908 :: 		
0x03D6	0xB4D8      	BTFSC       STATUS, 2, 0
;__Lib_MathDouble.c,1909 :: 		
0x03D8	0xF002EF2F  	GOTO        IRES016
;__Lib_MathDouble.c,1910 :: 		
0x03DC	0x5002      	MOVF        R2, 0, 0
;__Lib_MathDouble.c,1911 :: 		
0x03DE	0x6E0A      	MOVWF       R10, 0
;__Lib_MathDouble.c,1912 :: 		
0x03E0	0x8E02      	BSF         R2, 7, 0
;__Lib_MathDouble.c,1914 :: 		
0x03E2	0x0E8E      	MOVLW       142
;__Lib_MathDouble.c,1915 :: 		
0x03E4	0x5E03      	SUBWF       R3, 1, 0
;__Lib_MathDouble.c,1916 :: 		
0x03E6	0xAE03      	BTFSS       R3, 7, 0
;__Lib_MathDouble.c,1917 :: 		
0x03E8	0xF002EF33  	GOTO        SETIOV16
;__Lib_MathDouble.c,1918 :: 		
0x03EC	0x6C03      	NEGF        R3, 0
;__Lib_MathDouble.c,1920 :: 		
0x03EE	0x0E08      	MOVLW       8
;__Lib_MathDouble.c,1921 :: 		
0x03F0	0x5C03      	SUBWF       R3, 0, 0
;__Lib_MathDouble.c,1922 :: 		
0x03F2	0xA0D8      	BTFSS       STATUS, 0, 0
;__Lib_MathDouble.c,1923 :: 		
0x03F4	0xF002EF0E  	GOTO        TSHIFT3216
;__Lib_MathDouble.c,1924 :: 		
0x03F8	0x6E03      	MOVWF       R3, 0
;__Lib_MathDouble.c,1925 :: 		
0x03FA	0x3601      	RLCF        R1, 1, 0
;__Lib_MathDouble.c,1926 :: 		
0x03FC	0xF001C002  	MOVFF       R2, R1
;__Lib_MathDouble.c,1927 :: 		
0x0400	0x6A02      	CLRF        R2, 0
;__Lib_MathDouble.c,1929 :: 		
0x0402	0x0E08      	MOVLW       8
;__Lib_MathDouble.c,1930 :: 		
0x0404	0x5C03      	SUBWF       R3, 0, 0
;__Lib_MathDouble.c,1931 :: 		
0x0406	0xA0D8      	BTFSS       STATUS, 0, 0
;__Lib_MathDouble.c,1932 :: 		
0x0408	0xF002EF0E  	GOTO        TSHIFT3216
;__Lib_MathDouble.c,1933 :: 		
0x040C	0x6E03      	MOVWF       R3, 0
;__Lib_MathDouble.c,1934 :: 		
0x040E	0x3601      	RLCF        R1, 1, 0
;__Lib_MathDouble.c,1935 :: 		
0x0410	0x6A01      	CLRF        R1, 0
;__Lib_MathDouble.c,1937 :: 		
0x0412	0x5003      	MOVF        R3, 0, 0
;__Lib_MathDouble.c,1938 :: 		
0x0414	0xA4D8      	BTFSS       STATUS, 2, 0
;__Lib_MathDouble.c,1939 :: 		
0x0416	0x90D8      	BCF         STATUS, 0, 0
;__Lib_MathDouble.c,1940 :: 		
0x0418	0xF002EF18  	GOTO        SHIFT3216OK
;__Lib_MathDouble.c,1941 :: 		
TSHIFT3216:
;__Lib_MathDouble.c,1942 :: 		
0x041C	0x5003      	MOVF        R3, 0, 0
;__Lib_MathDouble.c,1943 :: 		
0x041E	0xB4D8      	BTFSC       STATUS, 2, 0
;__Lib_MathDouble.c,1944 :: 		
0x0420	0xF002EF18  	GOTO        SHIFT3216OK
;__Lib_MathDouble.c,1945 :: 		
SHIFT3216:
;__Lib_MathDouble.c,1946 :: 		
0x0424	0x90D8      	BCF         STATUS, 0, 0
;__Lib_MathDouble.c,1947 :: 		
0x0426	0x3202      	RRCF        R2, 1, 0
;__Lib_MathDouble.c,1948 :: 		
0x0428	0x3201      	RRCF        R1, 1, 0
;__Lib_MathDouble.c,1949 :: 		
0x042A	0x2E03      	DECFSZ      R3, 1, 0
;__Lib_MathDouble.c,1950 :: 		
0x042C	0xF002EF12  	GOTO        SHIFT3216
;__Lib_MathDouble.c,1951 :: 		
SHIFT3216OK:
;__Lib_MathDouble.c,1952 :: 		
0x0430	0xBC0B      	BTFSC       R11, 6, 0
;__Lib_MathDouble.c,1953 :: 		
0x0432	0xA001      	BTFSS       R1, 0, 0
;__Lib_MathDouble.c,1954 :: 		
0x0434	0xF002EF25  	GOTO        INT3216OK
;__Lib_MathDouble.c,1955 :: 		
0x0438	0xA0D8      	BTFSS       STATUS, 0, 0
;__Lib_MathDouble.c,1956 :: 		
0x043A	0xF002EF25  	GOTO        INT3216OK
;__Lib_MathDouble.c,1957 :: 		
0x043E	0x2A01      	INCF        R1, 1, 0
;__Lib_MathDouble.c,1958 :: 		
0x0440	0xB4D8      	BTFSC       STATUS, 2, 0
;__Lib_MathDouble.c,1959 :: 		
0x0442	0x2A02      	INCF        R2, 1, 0
;__Lib_MathDouble.c,1960 :: 		
0x0444	0xBE02      	BTFSC       R2, 7, 0
;__Lib_MathDouble.c,1961 :: 		
0x0446	0xF002EF42  	GOTO        JPJSETIOV3224
;__Lib_MathDouble.c,1962 :: 		
INT3216OK:
;__Lib_MathDouble.c,1963 :: 		
0x044A	0xAE0A      	BTFSS       R10, 7, 0
;__Lib_MathDouble.c,1964 :: 		
0x044C	0xF002EF47  	GOTO        INT3216EOK
;__Lib_MathDouble.c,1966 :: 		
0x0450	0x1E02      	COMF        R2, 1, 0
;__Lib_MathDouble.c,1967 :: 		
0x0452	0x1E01      	COMF        R1, 1, 0
;__Lib_MathDouble.c,1968 :: 		
0x0454	0x2A01      	INCF        R1, 1, 0
;__Lib_MathDouble.c,1969 :: 		
0x0456	0xB4D8      	BTFSC       STATUS, 2, 0
;__Lib_MathDouble.c,1970 :: 		
0x0458	0x2A02      	INCF        R2, 1, 0
;__Lib_MathDouble.c,1971 :: 		
0x045A	0xF002EF47  	GOTO        INT3216EOK
;__Lib_MathDouble.c,1973 :: 		
IRES016:
;__Lib_MathDouble.c,1974 :: 		
0x045E	0x6A02      	CLRF        R2, 0
;__Lib_MathDouble.c,1975 :: 		
0x0460	0x6A01      	CLRF        R1, 0
;__Lib_MathDouble.c,1976 :: 		
0x0462	0xF002EF47  	GOTO        INT3216EOK
;__Lib_MathDouble.c,1977 :: 		
SETIOV16:
;__Lib_MathDouble.c,1978 :: 		
0x0466	0x800B      	BSF         R11, 0, 0
;__Lib_MathDouble.c,1979 :: 		
0x0468	0xAE0B      	BTFSS       R11, 7, 0
;__Lib_MathDouble.c,1980 :: 		
0x046A	0xF002EF4B  	GOTO        INT3216EER
;__Lib_MathDouble.c,1982 :: 		
0x046E	0x6A02      	CLRF        R2, 0
;__Lib_MathDouble.c,1983 :: 		
0x0470	0xAE0A      	BTFSS       R10, 7, 0
;__Lib_MathDouble.c,1984 :: 		
0x0472	0xF002EF4B  	GOTO        INT3216EER
;__Lib_MathDouble.c,1985 :: 		
0x0476	0x0EFF      	MOVLW       255
;__Lib_MathDouble.c,1986 :: 		
0x0478	0x6E02      	MOVWF       R2, 0
;__Lib_MathDouble.c,1987 :: 		
0x047A	0x6E01      	MOVWF       R1, 0
;__Lib_MathDouble.c,1988 :: 		
0x047C	0x360A      	RLCF        R10, 1, 0
;__Lib_MathDouble.c,1989 :: 		
0x047E	0x3202      	RRCF        R2, 1, 0
;__Lib_MathDouble.c,1990 :: 		
0x0480	0xF002EF4B  	GOTO        INT3216EER
;__Lib_MathDouble.c,1992 :: 		
JPJSETIOV3224:
;__Lib_MathDouble.c,1993 :: 		
0x0484	0x0E01      	MOVLW       1
;__Lib_MathDouble.c,1994 :: 		
0x0486	0x6E0C      	MOVWF       R12, 0
;__Lib_MathDouble.c,1996 :: 		
0x0488	0xDE3E      	RCALL       _SETIOV3224
;__Lib_MathDouble.c,1998 :: 		
0x048A	0xF002EF4D  	GOTO        INT3216EEE
;__Lib_MathDouble.c,1999 :: 		
INT3216EOK:
;__Lib_MathDouble.c,2000 :: 		
0x048E	0x0E00      	MOVLW       0
;__Lib_MathDouble.c,2001 :: 		
0x0490	0x6E0C      	MOVWF       R12, 0
;__Lib_MathDouble.c,2002 :: 		
0x0492	0xF002EF4D  	GOTO        INT3216EEE
;__Lib_MathDouble.c,2003 :: 		
INT3216EER:
;__Lib_MathDouble.c,2004 :: 		
0x0496	0x0EFF      	MOVLW       255
;__Lib_MathDouble.c,2005 :: 		
0x0498	0x6E0C      	MOVWF       R12, 0
;__Lib_MathDouble.c,2006 :: 		
INT3216EEE:
;__Lib_MathDouble.c,2007 :: 		
0x049A	0x5001      	MOVF        R1, 0, 0
;__Lib_MathDouble.c,2008 :: 		
0x049C	0x6E00      	MOVWF       R0, 0
;__Lib_MathDouble.c,2009 :: 		
0x049E	0x5002      	MOVF        R2, 0, 0
;__Lib_MathDouble.c,2010 :: 		
0x04A0	0x6E01      	MOVWF       R1, 0
;__Lib_MathDouble.c,2015 :: 		
L_end_double2int:
0x04A2	0x0012      	RETURN      0
; end of _double2int
_Mul_32x32_FP:
;__Lib_MathDouble.c,1130 :: 		
;__Lib_MathDouble.c,1148 :: 		
0x04A4	0x6A08      	CLRF        R8, 0
;__Lib_MathDouble.c,1149 :: 		
0x04A6	0x6A09      	CLRF        R9, 0
;__Lib_MathDouble.c,1151 :: 		
0x04A8	0x0E00      	MOVLW       0
;__Lib_MathDouble.c,1152 :: 		
0x04AA	0x6207      	CPFSEQ      R7, 0
;__Lib_MathDouble.c,1153 :: 		
0x04AC	0x6403      	CPFSGT      R3, 0
;__Lib_MathDouble.c,1154 :: 		
0x04AE	0xF002EFD7  	GOTO        MULJPRES032
;__Lib_MathDouble.c,1157 :: 		
0x04B2	0x5002      	MOVF        R2, 0, 0
;__Lib_MathDouble.c,1158 :: 		
0x04B4	0x1806      	XORWF       R6, 0, 0
;__Lib_MathDouble.c,1159 :: 		
0x04B6	0x6E0A      	MOVWF       R10, 0
;__Lib_MathDouble.c,1161 :: 		
0x04B8	0x5007      	MOVF        R7, 0, 0
;__Lib_MathDouble.c,1162 :: 		
0x04BA	0x2603      	ADDWF       R3, 1, 0
;__Lib_MathDouble.c,1163 :: 		
0x04BC	0x0E7E      	MOVLW       126
;__Lib_MathDouble.c,1164 :: 		
0x04BE	0xA0D8      	BTFSS       STATUS, 0, 0
;__Lib_MathDouble.c,1165 :: 		
0x04C0	0xF002EF68  	GOTO        MTUN32
;__Lib_MathDouble.c,1167 :: 		
0x04C4	0x5E03      	SUBWF       R3, 1, 0
;__Lib_MathDouble.c,1168 :: 		
0x04C6	0xB0D8      	BTFSC       STATUS, 0, 0
;__Lib_MathDouble.c,1169 :: 		
0x04C8	0xF002EFDB  	GOTO        MULJPSETFOV32
;__Lib_MathDouble.c,1170 :: 		
0x04CC	0xF002EF6C  	GOTO        MOK32
;__Lib_MathDouble.c,1172 :: 		
MTUN32:
;__Lib_MathDouble.c,1173 :: 		
0x04D0	0x5E03      	SUBWF       R3, 1, 0
;__Lib_MathDouble.c,1174 :: 		
0x04D2	0xA0D8      	BTFSS       STATUS, 0, 0
;__Lib_MathDouble.c,1175 :: 		
0x04D4	0xF002EFDF  	GOTO        MULJPSETFUN32
;__Lib_MathDouble.c,1177 :: 		
MOK32:
;__Lib_MathDouble.c,1178 :: 		
0x04D8	0x8E02      	BSF         R2, 7, 0
;__Lib_MathDouble.c,1179 :: 		
0x04DA	0x8E06      	BSF         R6, 7, 0
;__Lib_MathDouble.c,1181 :: 		
0x04DC	0xF00EC002  	MOVFF       R2, R14
;__Lib_MathDouble.c,1182 :: 		
0x04E0	0xF00BC001  	MOVFF       R1, R11
;__Lib_MathDouble.c,1183 :: 		
0x04E4	0xF00DC000  	MOVFF       R0, R13
;__Lib_MathDouble.c,1185 :: 		
0x04E8	0x5000      	MOVF        R0, 0, 0
;__Lib_MathDouble.c,1186 :: 		
0x04EA	0x0204      	MULWF       R4, 0
;__Lib_MathDouble.c,1187 :: 		
0x04EC	0xF00CCFF4  	MOVFF       PRODH, R12
;__Lib_MathDouble.c,1189 :: 		
0x04F0	0x5001      	MOVF        R1, 0, 0
;__Lib_MathDouble.c,1190 :: 		
0x04F2	0x0205      	MULWF       R5, 0
;__Lib_MathDouble.c,1191 :: 		
0x04F4	0xF000CFF4  	MOVFF       PRODH, R0
;__Lib_MathDouble.c,1192 :: 		
0x04F8	0xF008CFF3  	MOVFF       PRODL, R8
;__Lib_MathDouble.c,1194 :: 		
0x04FC	0x0204      	MULWF       R4, 0
;__Lib_MathDouble.c,1195 :: 		
0x04FE	0x50F3      	MOVF        PRODL, 0, 0
;__Lib_MathDouble.c,1196 :: 		
0x0500	0x260C      	ADDWF       R12, 1, 0
;__Lib_MathDouble.c,1197 :: 		
0x0502	0x50F4      	MOVF        PRODH, 0, 0
;__Lib_MathDouble.c,1198 :: 		
0x0504	0x2208      	ADDWFC      R8, 1, 0
;__Lib_MathDouble.c,1199 :: 		
0x0506	0x0E00      	MOVLW       0
;__Lib_MathDouble.c,1200 :: 		
0x0508	0x2200      	ADDWFC      R0, 1, 0
;__Lib_MathDouble.c,1202 :: 		
0x050A	0x500D      	MOVF        R13, 0, 0
;__Lib_MathDouble.c,1203 :: 		
0x050C	0x0205      	MULWF       R5, 0
;__Lib_MathDouble.c,1204 :: 		
0x050E	0x50F3      	MOVF        PRODL, 0, 0
;__Lib_MathDouble.c,1205 :: 		
0x0510	0x260C      	ADDWF       R12, 1, 0
;__Lib_MathDouble.c,1206 :: 		
0x0512	0x50F4      	MOVF        PRODH, 0, 0
;__Lib_MathDouble.c,1207 :: 		
0x0514	0x2208      	ADDWFC      R8, 1, 0
;__Lib_MathDouble.c,1208 :: 		
0x0516	0x0E00      	MOVLW       0
;__Lib_MathDouble.c,1209 :: 		
0x0518	0x2200      	ADDWFC      R0, 1, 0
;__Lib_MathDouble.c,1211 :: 		
0x051A	0x5002      	MOVF        R2, 0, 0
;__Lib_MathDouble.c,1212 :: 		
0x051C	0x0204      	MULWF       R4, 0
;__Lib_MathDouble.c,1213 :: 		
0x051E	0x50F3      	MOVF        PRODL, 0, 0
;__Lib_MathDouble.c,1214 :: 		
0x0520	0x2608      	ADDWF       R8, 1, 0
;__Lib_MathDouble.c,1215 :: 		
0x0522	0x50F4      	MOVF        PRODH, 0, 0
;__Lib_MathDouble.c,1216 :: 		
0x0524	0x2200      	ADDWFC      R0, 1, 0
;__Lib_MathDouble.c,1217 :: 		
0x0526	0x5002      	MOVF        R2, 0, 0
;__Lib_MathDouble.c,1218 :: 		
0x0528	0x0205      	MULWF       R5, 0
;__Lib_MathDouble.c,1219 :: 		
0x052A	0x6A01      	CLRF        R1, 0
;__Lib_MathDouble.c,1220 :: 		
0x052C	0x0E00      	MOVLW       0
;__Lib_MathDouble.c,1221 :: 		
0x052E	0x2201      	ADDWFC      R1, 1, 0
;__Lib_MathDouble.c,1222 :: 		
0x0530	0x50F3      	MOVF        PRODL, 0, 0
;__Lib_MathDouble.c,1223 :: 		
0x0532	0x2600      	ADDWF       R0, 1, 0
;__Lib_MathDouble.c,1224 :: 		
0x0534	0x50F4      	MOVF        PRODH, 0, 0
;__Lib_MathDouble.c,1225 :: 		
0x0536	0x2201      	ADDWFC      R1, 1, 0
;__Lib_MathDouble.c,1227 :: 		
0x0538	0x500D      	MOVF        R13, 0, 0
;__Lib_MathDouble.c,1228 :: 		
0x053A	0x0206      	MULWF       R6, 0
;__Lib_MathDouble.c,1229 :: 		
0x053C	0x50F3      	MOVF        PRODL, 0, 0
;__Lib_MathDouble.c,1230 :: 		
0x053E	0x2608      	ADDWF       R8, 1, 0
;__Lib_MathDouble.c,1231 :: 		
0x0540	0x50F4      	MOVF        PRODH, 0, 0
;__Lib_MathDouble.c,1232 :: 		
0x0542	0x2200      	ADDWFC      R0, 1, 0
;__Lib_MathDouble.c,1233 :: 		
0x0544	0x6A02      	CLRF        R2, 0
;__Lib_MathDouble.c,1234 :: 		
0x0546	0x0E00      	MOVLW       0
;__Lib_MathDouble.c,1235 :: 		
0x0548	0x2201      	ADDWFC      R1, 1, 0
;__Lib_MathDouble.c,1236 :: 		
0x054A	0x2202      	ADDWFC      R2, 1, 0
;__Lib_MathDouble.c,1238 :: 		
0x054C	0x500B      	MOVF        R11, 0, 0
;__Lib_MathDouble.c,1239 :: 		
0x054E	0x0206      	MULWF       R6, 0
;__Lib_MathDouble.c,1240 :: 		
0x0550	0x50F3      	MOVF        PRODL, 0, 0
;__Lib_MathDouble.c,1241 :: 		
0x0552	0x2600      	ADDWF       R0, 1, 0
;__Lib_MathDouble.c,1242 :: 		
0x0554	0x50F4      	MOVF        PRODH, 0, 0
;__Lib_MathDouble.c,1243 :: 		
0x0556	0x2201      	ADDWFC      R1, 1, 0
;__Lib_MathDouble.c,1244 :: 		
0x0558	0x0E00      	MOVLW       0
;__Lib_MathDouble.c,1245 :: 		
0x055A	0x2202      	ADDWFC      R2, 1, 0
;__Lib_MathDouble.c,1247 :: 		
0x055C	0x500E      	MOVF        R14, 0, 0
;__Lib_MathDouble.c,1248 :: 		
0x055E	0x0206      	MULWF       R6, 0
;__Lib_MathDouble.c,1249 :: 		
0x0560	0x50F3      	MOVF        PRODL, 0, 0
;__Lib_MathDouble.c,1250 :: 		
0x0562	0x2601      	ADDWF       R1, 1, 0
;__Lib_MathDouble.c,1251 :: 		
0x0564	0x50F4      	MOVF        PRODH, 0, 0
;__Lib_MathDouble.c,1252 :: 		
0x0566	0x2202      	ADDWFC      R2, 1, 0
;__Lib_MathDouble.c,1254 :: 		
0x0568	0xBE02      	BTFSC       R2, 7, 0
;__Lib_MathDouble.c,1255 :: 		
0x056A	0xF002EFBF  	GOTO        MROUND32
;__Lib_MathDouble.c,1256 :: 		
0x056E	0x3608      	RLCF        R8, 1, 0
;__Lib_MathDouble.c,1257 :: 		
0x0570	0x3600      	RLCF        R0, 1, 0
;__Lib_MathDouble.c,1258 :: 		
0x0572	0x3601      	RLCF        R1, 1, 0
;__Lib_MathDouble.c,1259 :: 		
0x0574	0x3602      	RLCF        R2, 1, 0
;__Lib_MathDouble.c,1260 :: 		
0x0576	0x0603      	DECF        R3, 1, 0
;__Lib_MathDouble.c,1261 :: 		
0x0578	0xB4D8      	BTFSC       STATUS, 2, 0
;__Lib_MathDouble.c,1262 :: 		
0x057A	0xF002EFDF  	GOTO        MULJPSETFUN32
;__Lib_MathDouble.c,1264 :: 		
MROUND32:
;__Lib_MathDouble.c,1267 :: 		
0x057E	0xF002EFD2  	GOTO        MUL32OK
;__Lib_MathDouble.c,1268 :: 		
0x0582	0x80D8      	BSF         STATUS, 0, 0
;__Lib_MathDouble.c,1269 :: 		
0x0584	0x0E80      	MOVLW       128
;__Lib_MathDouble.c,1270 :: 		
0x0586	0x6408      	CPFSGT      R8, 0
;__Lib_MathDouble.c,1271 :: 		
0x0588	0x3000      	RRCF        R0, 0, 0
;__Lib_MathDouble.c,1272 :: 		
0x058A	0x0E00      	MOVLW       0
;__Lib_MathDouble.c,1273 :: 		
0x058C	0x2200      	ADDWFC      R0, 1, 0
;__Lib_MathDouble.c,1274 :: 		
0x058E	0x2201      	ADDWFC      R1, 1, 0
;__Lib_MathDouble.c,1275 :: 		
0x0590	0x2202      	ADDWFC      R2, 1, 0
;__Lib_MathDouble.c,1277 :: 		
0x0592	0xA0D8      	BTFSS       STATUS, 0, 0
;__Lib_MathDouble.c,1278 :: 		
0x0594	0xF002EFD2  	GOTO        MUL32OK
;__Lib_MathDouble.c,1279 :: 		
0x0598	0x3202      	RRCF        R2, 1, 0
;__Lib_MathDouble.c,1280 :: 		
0x059A	0x3201      	RRCF        R1, 1, 0
;__Lib_MathDouble.c,1281 :: 		
0x059C	0x3200      	RRCF        R0, 1, 0
;__Lib_MathDouble.c,1282 :: 		
0x059E	0x4A03      	INFSNZ      R3, 1, 0
;__Lib_MathDouble.c,1283 :: 		
0x05A0	0xF002EFDB  	GOTO        MULJPSETFOV32
;__Lib_MathDouble.c,1285 :: 		
MUL32OK:
;__Lib_MathDouble.c,1286 :: 		
0x05A4	0xAE0A      	BTFSS       R10, 7, 0
;__Lib_MathDouble.c,1287 :: 		
0x05A6	0x9E02      	BCF         R2, 7, 0
;__Lib_MathDouble.c,1289 :: 		
0x05A8	0x0E00      	MOVLW       0
;__Lib_MathDouble.c,1290 :: 		
0x05AA	0xF002EFE1  	GOTO        MULEEE
;__Lib_MathDouble.c,1291 :: 		
MULJPRES032:
;__Lib_MathDouble.c,1292 :: 		
0x05AE	0x0E01      	MOVLW       1
;__Lib_MathDouble.c,1295 :: 		
0x05B0	0xDD48      	RCALL       _RES032
;__Lib_MathDouble.c,1297 :: 		
0x05B2	0xF002EFE1  	GOTO        MULEEE
;__Lib_MathDouble.c,1298 :: 		
MULJPSETFOV32:
;__Lib_MathDouble.c,1299 :: 		
0x05B6	0x0E02      	MOVLW       2
;__Lib_MathDouble.c,1302 :: 		
0x05B8	0xDD9A      	RCALL       _SETFOV32
;__Lib_MathDouble.c,1304 :: 		
0x05BA	0xF002EFE1  	GOTO        MULEEE
;__Lib_MathDouble.c,1305 :: 		
MULJPSETFUN32:
;__Lib_MathDouble.c,1306 :: 		
0x05BE	0x0E04      	MOVLW       4
;__Lib_MathDouble.c,1309 :: 		
0x05C0	0xDD47      	RCALL       _SETFUN32
;__Lib_MathDouble.c,1311 :: 		
MULEEE:
;__Lib_MathDouble.c,1318 :: 		
L_end_Mul_32x32_FP:
0x05C2	0x0012      	RETURN      0
; end of _Mul_32x32_FP
_int2double:
;__Lib_MathDouble.c,2285 :: 		
;__Lib_MathDouble.c,2294 :: 		
0x05C4	0xF008C000  	MOVFF       R0, R8
;__Lib_MathDouble.c,2295 :: 		
0x05C8	0x5001      	MOVF        R1, 0, 0
;__Lib_MathDouble.c,2296 :: 		
0x05CA	0x6E00      	MOVWF       R0, 0
;__Lib_MathDouble.c,2297 :: 		
0x05CC	0x6A01      	CLRF        R1, 0
;__Lib_MathDouble.c,2298 :: 		
0x05CE	0x6A02      	CLRF        R2, 0
;__Lib_MathDouble.c,2299 :: 		
0x05D0	0x6A03      	CLRF        R3, 0
;__Lib_MathDouble.c,2302 :: 		
0x05D2	0x6A0B      	CLRF        R11, 0
;__Lib_MathDouble.c,2303 :: 		
0x05D4	0x6A0C      	CLRF        R12, 0
;__Lib_MathDouble.c,2304 :: 		
0x05D6	0x6A01      	CLRF        R1, 0
;__Lib_MathDouble.c,2305 :: 		
0x05D8	0x6A02      	CLRF        R2, 0
;__Lib_MathDouble.c,2306 :: 		
0x05DA	0x6A03      	CLRF        R3, 0
;__Lib_MathDouble.c,2308 :: 		
0x05DC	0x0E96      	MOVLW       150
;__Lib_MathDouble.c,2309 :: 		
0x05DE	0x6E03      	MOVWF       R3, 0
;__Lib_MathDouble.c,2310 :: 		
0x05E0	0x6A0A      	CLRF        R10, 0
;__Lib_MathDouble.c,2311 :: 		
0x05E2	0xAE00      	BTFSS       R0, 7, 0
;__Lib_MathDouble.c,2312 :: 		
0x05E4	0xF002EFFA  	GOTO        FLO1632EEE
;__Lib_MathDouble.c,2314 :: 		
0x05E8	0x1E08      	COMF        R8, 1, 0
;__Lib_MathDouble.c,2315 :: 		
0x05EA	0x1E00      	COMF        R0, 1, 0
;__Lib_MathDouble.c,2317 :: 		
0x05EC	0x2A08      	INCF        R8, 1, 0
;__Lib_MathDouble.c,2318 :: 		
0x05EE	0xB4D8      	BTFSC       STATUS, 2, 0
;__Lib_MathDouble.c,2319 :: 		
0x05F0	0x2A00      	INCF        R0, 1, 0
;__Lib_MathDouble.c,2321 :: 		
0x05F2	0x8E0A      	BSF         R10, 7, 0
;__Lib_MathDouble.c,2322 :: 		
FLO1632EEE:
;__Lib_MathDouble.c,2323 :: 		
0x05F4	0xF001C000  	MOVFF       R0, R1
;__Lib_MathDouble.c,2324 :: 		
0x05F8	0xF000C008  	MOVFF       R8, R0
;__Lib_MathDouble.c,2325 :: 		
0x05FC	0x6A08      	CLRF        R8, 0
;__Lib_MathDouble.c,2326 :: 		
0x05FE	0x6A02      	CLRF        R2, 0
;__Lib_MathDouble.c,2328 :: 		
0x0600	0xDD94      	RCALL       _NRM3232
;__Lib_MathDouble.c,2329 :: 		
L_end_int2double:
0x0602	0x0012      	RETURN      0
; end of _int2double
_double2byte:
;__Lib_MathDouble.c,2154 :: 		
;__Lib_MathDouble.c,2163 :: 		
0x0604	0x6A0B      	CLRF        R11, 0
;__Lib_MathDouble.c,2164 :: 		
0x0606	0x6A0C      	CLRF        R12, 0
;__Lib_MathDouble.c,2165 :: 		
0x0608	0x6A0A      	CLRF        R10, 0
;__Lib_MathDouble.c,2167 :: 		
0x060A	0x5003      	MOVF        R3, 0, 0
;__Lib_MathDouble.c,2168 :: 		
0x060C	0xB4D8      	BTFSC       STATUS, 2, 0
;__Lib_MathDouble.c,2169 :: 		
0x060E	0xF003EF37  	GOTO        IRES008
;__Lib_MathDouble.c,2171 :: 		
0x0612	0x9E0A      	BCF         R10, 7, 0
;__Lib_MathDouble.c,2172 :: 		
0x0614	0x8E02      	BSF         R2, 7, 0
;__Lib_MathDouble.c,2174 :: 		
0x0616	0x0E86      	MOVLW       134
;__Lib_MathDouble.c,2175 :: 		
0x0618	0x5E03      	SUBWF       R3, 1, 0
;__Lib_MathDouble.c,2176 :: 		
0x061A	0xBE03      	BTFSC       R3, 7, 0
;__Lib_MathDouble.c,2177 :: 		
0x061C	0xF003EF15  	GOTO        SETEXP08
;__Lib_MathDouble.c,2178 :: 		
0x0620	0xB4D8      	BTFSC       STATUS, 2, 0
;__Lib_MathDouble.c,2179 :: 		
0x0622	0xF003EF15  	GOTO        SETEXP08
;__Lib_MathDouble.c,2180 :: 		
0x0626	0xF003EF3A  	GOTO        SETIOV08
;__Lib_MathDouble.c,2181 :: 		
SETEXP08:
;__Lib_MathDouble.c,2182 :: 		
0x062A	0x6C03      	NEGF        R3, 0
;__Lib_MathDouble.c,2184 :: 		
0x062C	0x0E08      	MOVLW       8
;__Lib_MathDouble.c,2185 :: 		
0x062E	0x5C03      	SUBWF       R3, 0, 0
;__Lib_MathDouble.c,2186 :: 		
0x0630	0xA0D8      	BTFSS       STATUS, 0, 0
;__Lib_MathDouble.c,2187 :: 		
0x0632	0xF003EF23  	GOTO        TSHIFT3208
;__Lib_MathDouble.c,2188 :: 		
0x0636	0x6E03      	MOVWF       R3, 0
;__Lib_MathDouble.c,2189 :: 		
0x0638	0x3602      	RLCF        R2, 1, 0
;__Lib_MathDouble.c,2190 :: 		
0x063A	0x6A02      	CLRF        R2, 0
;__Lib_MathDouble.c,2192 :: 		
0x063C	0x5003      	MOVF        R3, 0, 0
;__Lib_MathDouble.c,2193 :: 		
0x063E	0xA4D8      	BTFSS       STATUS, 2, 0
;__Lib_MathDouble.c,2194 :: 		
0x0640	0x90D8      	BCF         STATUS, 0, 0
;__Lib_MathDouble.c,2195 :: 		
0x0642	0xF003EF2C  	GOTO        SHIFT3208OK
;__Lib_MathDouble.c,2196 :: 		
TSHIFT3208:
;__Lib_MathDouble.c,2197 :: 		
0x0646	0x5003      	MOVF        R3, 0, 0
;__Lib_MathDouble.c,2198 :: 		
0x0648	0xB4D8      	BTFSC       STATUS, 2, 0
;__Lib_MathDouble.c,2199 :: 		
0x064A	0xF003EF2C  	GOTO        SHIFT3208OK
;__Lib_MathDouble.c,2200 :: 		
SHIFT3208:
;__Lib_MathDouble.c,2201 :: 		
0x064E	0x90D8      	BCF         STATUS, 0, 0
;__Lib_MathDouble.c,2202 :: 		
0x0650	0x3202      	RRCF        R2, 1, 0
;__Lib_MathDouble.c,2203 :: 		
0x0652	0x2E03      	DECFSZ      R3, 1, 0
;__Lib_MathDouble.c,2204 :: 		
0x0654	0xF003EF27  	GOTO        SHIFT3208
;__Lib_MathDouble.c,2205 :: 		
SHIFT3208OK:
;__Lib_MathDouble.c,2206 :: 		
0x0658	0xBC0B      	BTFSC       R11, 6, 0
;__Lib_MathDouble.c,2207 :: 		
0x065A	0xA002      	BTFSS       R2, 0, 0
;__Lib_MathDouble.c,2208 :: 		
0x065C	0xF003EF37  	GOTO        INT3208OK
;__Lib_MathDouble.c,2209 :: 		
0x0660	0xA0D8      	BTFSS       STATUS, 0, 0
;__Lib_MathDouble.c,2210 :: 		
0x0662	0xF003EF37  	GOTO        INT3208OK
;__Lib_MathDouble.c,2211 :: 		
0x0666	0x2A02      	INCF        R2, 1, 0
;__Lib_MathDouble.c,2212 :: 		
0x0668	0xB4D8      	BTFSC       STATUS, 2, 0
;__Lib_MathDouble.c,2213 :: 		
0x066A	0xF003EF41  	GOTO        D2B_JPKSETIOV3224
;__Lib_MathDouble.c,2214 :: 		
INT3208OK:
;__Lib_MathDouble.c,2215 :: 		
IRES008:
;__Lib_MathDouble.c,2216 :: 		
0x066E	0x6A01      	CLRF        R1, 0
;__Lib_MathDouble.c,2217 :: 		
0x0670	0xF003EF46  	GOTO        INT3208EOK
;__Lib_MathDouble.c,2218 :: 		
SETIOV08:
;__Lib_MathDouble.c,2219 :: 		
0x0674	0x800B      	BSF         R11, 0, 0
;__Lib_MathDouble.c,2220 :: 		
0x0676	0xAE0B      	BTFSS       R11, 7, 0
;__Lib_MathDouble.c,2221 :: 		
0x0678	0xF003EF4A  	GOTO        INT3208EER
;__Lib_MathDouble.c,2223 :: 		
0x067C	0x6A01      	CLRF        R1, 0
;__Lib_MathDouble.c,2224 :: 		
0x067E	0xF003EF4A  	GOTO        INT3208EER
;__Lib_MathDouble.c,2225 :: 		
D2B_JPKSETIOV3224:
;__Lib_MathDouble.c,2226 :: 		
0x0682	0x0E01      	MOVLW       1
;__Lib_MathDouble.c,2227 :: 		
0x0684	0x6E0C      	MOVWF       R12, 0
;__Lib_MathDouble.c,2229 :: 		
0x0686	0xDD3F      	RCALL       _SETIOV3224
;__Lib_MathDouble.c,2231 :: 		
0x0688	0xF003EF4C  	GOTO        INT3208EEE
;__Lib_MathDouble.c,2232 :: 		
INT3208EOK:
;__Lib_MathDouble.c,2233 :: 		
0x068C	0x0E00      	MOVLW       0
;__Lib_MathDouble.c,2234 :: 		
0x068E	0x6E0C      	MOVWF       R12, 0
;__Lib_MathDouble.c,2235 :: 		
0x0690	0xF003EF4C  	GOTO        INT3208EEE
;__Lib_MathDouble.c,2236 :: 		
INT3208EER:
;__Lib_MathDouble.c,2237 :: 		
0x0694	0x0EFF      	MOVLW       255
;__Lib_MathDouble.c,2238 :: 		
0x0696	0x6E0C      	MOVWF       R12, 0
;__Lib_MathDouble.c,2239 :: 		
INT3208EEE:
;__Lib_MathDouble.c,2240 :: 		
0x0698	0x5002      	MOVF        R2, 0, 0
;__Lib_MathDouble.c,2241 :: 		
0x069A	0x6E00      	MOVWF       R0, 0
;__Lib_MathDouble.c,2246 :: 		
L_end_double2byte:
0x069C	0x0012      	RETURN      0
; end of _double2byte
_WordToStr:
;__Lib_Conversions.c,98 :: 		
;__Lib_Conversions.c,103 :: 		
0x069E	0x6A31      	CLRF        WordToStr_len_L0 
L_WordToStr11:
0x06A0	0x0E05      	MOVLW       5
0x06A2	0x5C31      	SUBWF       WordToStr_len_L0, 0 
0x06A4	0xE20A      	BC          L_WordToStr12
;__Lib_Conversions.c,104 :: 		
0x06A6	0x5031      	MOVF        WordToStr_len_L0, 0 
0x06A8	0x242F      	ADDWF       FARG_WordToStr_output, 0 
0x06AA	0x6EE1      	MOVWF       FSR1L 
0x06AC	0x0E00      	MOVLW       0
0x06AE	0x2030      	ADDWFC      FARG_WordToStr_output+1, 0 
0x06B0	0x6EE2      	MOVWF       FSR1L+1 
0x06B2	0x0E20      	MOVLW       32
0x06B4	0x6EE6      	MOVWF       POSTINC1 
;__Lib_Conversions.c,103 :: 		
0x06B6	0x2A31      	INCF        WordToStr_len_L0, 1 
;__Lib_Conversions.c,104 :: 		
0x06B8	0xD7F3      	BRA         L_WordToStr11
L_WordToStr12:
;__Lib_Conversions.c,105 :: 		
0x06BA	0x5031      	MOVF        WordToStr_len_L0, 0 
0x06BC	0x242F      	ADDWF       FARG_WordToStr_output, 0 
0x06BE	0x6EE1      	MOVWF       FSR1L 
0x06C0	0x0E00      	MOVLW       0
0x06C2	0x2030      	ADDWFC      FARG_WordToStr_output+1, 0 
0x06C4	0x6EE2      	MOVWF       FSR1L+1 
0x06C6	0x6AE6      	CLRF        POSTINC1 
0x06C8	0x0631      	DECF        WordToStr_len_L0, 1 
;__Lib_Conversions.c,107 :: 		
L_WordToStr14:
;__Lib_Conversions.c,108 :: 		
0x06CA	0x5031      	MOVF        WordToStr_len_L0, 0 
0x06CC	0x242F      	ADDWF       FARG_WordToStr_output, 0 
0x06CE	0x6E32      	MOVWF       FLOC__WordToStr 
0x06D0	0x0E00      	MOVLW       0
0x06D2	0x2030      	ADDWFC      FARG_WordToStr_output+1, 0 
0x06D4	0x6E33      	MOVWF       FLOC__WordToStr+1 
0x06D6	0x0E0A      	MOVLW       10
0x06D8	0x6E04      	MOVWF       R4 
0x06DA	0x0E00      	MOVLW       0
0x06DC	0x6E05      	MOVWF       R5 
0x06DE	0xF000C02D  	MOVFF       FARG_WordToStr_input, R0
0x06E2	0xF001C02E  	MOVFF       FARG_WordToStr_input+1, R1
0x06E6	0xDD8E      	RCALL       _Div_16X16_U
0x06E8	0xF000C008  	MOVFF       R8, R0
0x06EC	0xF001C009  	MOVFF       R9, R1
0x06F0	0x0E30      	MOVLW       48
0x06F2	0x2600      	ADDWF       R0, 1 
0x06F4	0xFFE1C032  	MOVFF       FLOC__WordToStr, FSR1L
0x06F8	0xFFE2C033  	MOVFF       FLOC__WordToStr+1, FSR1H
0x06FC	0xFFE6C000  	MOVFF       R0, POSTINC1
;__Lib_Conversions.c,109 :: 		
0x0700	0x0E0A      	MOVLW       10
0x0702	0x6E04      	MOVWF       R4 
0x0704	0x0E00      	MOVLW       0
0x0706	0x6E05      	MOVWF       R5 
0x0708	0xF000C02D  	MOVFF       FARG_WordToStr_input, R0
0x070C	0xF001C02E  	MOVFF       FARG_WordToStr_input+1, R1
0x0710	0xDD79      	RCALL       _Div_16X16_U
0x0712	0xF02DC000  	MOVFF       R0, FARG_WordToStr_input
0x0716	0xF02EC001  	MOVFF       R1, FARG_WordToStr_input+1
;__Lib_Conversions.c,110 :: 		
0x071A	0x0E00      	MOVLW       0
0x071C	0x1801      	XORWF       R1, 0 
0x071E	0xE102      	BNZ         L__WordToStr379
0x0720	0x0E00      	MOVLW       0
0x0722	0x1800      	XORWF       R0, 0 
L__WordToStr379:
0x0724	0xE101      	BNZ         L_WordToStr16
;__Lib_Conversions.c,111 :: 		
0x0726	0xD002      	BRA         L_WordToStr15
L_WordToStr16:
;__Lib_Conversions.c,112 :: 		
0x0728	0x0631      	DECF        WordToStr_len_L0, 1 
;__Lib_Conversions.c,113 :: 		
0x072A	0xD7CF      	BRA         L_WordToStr14
L_WordToStr15:
;__Lib_Conversions.c,114 :: 		
L_end_WordToStr:
0x072C	0x0012      	RETURN      0
; end of _WordToStr
_Div_32x32_FP:
;__Lib_MathDouble.c,1325 :: 		
;__Lib_MathDouble.c,1339 :: 		
0x072E	0x5004      	MOVF        R4, 0 
0x0730	0x0A00      	XORLW       0
0x0732	0xE112      	BNZ         L_Div_32x32_FP11
;__Lib_MathDouble.c,1340 :: 		
0x0734	0x5005      	MOVF        R5, 0 
0x0736	0x0A00      	XORLW       0
0x0738	0xE10F      	BNZ         L_Div_32x32_FP12
;__Lib_MathDouble.c,1341 :: 		
0x073A	0x5006      	MOVF        R6, 0 
0x073C	0x0A00      	XORLW       0
0x073E	0xE10C      	BNZ         L_Div_32x32_FP13
;__Lib_MathDouble.c,1342 :: 		
0x0740	0x5007      	MOVF        R7, 0 
0x0742	0x0A00      	XORLW       0
0x0744	0xE109      	BNZ         L_Div_32x32_FP14
;__Lib_MathDouble.c,1343 :: 		
0x0746	0x0EFF      	MOVLW       255
0x0748	0x6E00      	MOVWF       R0 
;__Lib_MathDouble.c,1344 :: 		
0x074A	0x0EFF      	MOVLW       255
0x074C	0x6E01      	MOVWF       R1 
;__Lib_MathDouble.c,1345 :: 		
0x074E	0x0E7F      	MOVLW       127
0x0750	0x6E02      	MOVWF       R2 
;__Lib_MathDouble.c,1346 :: 		
0x0752	0x0EFF      	MOVLW       255
0x0754	0x6E03      	MOVWF       R3 
;__Lib_MathDouble.c,1347 :: 		
0x0756	0xD0A6      	BRA         L_end_Div_32x32_FP
;__Lib_MathDouble.c,1348 :: 		
L_Div_32x32_FP14:
L_Div_32x32_FP13:
L_Div_32x32_FP12:
L_Div_32x32_FP11:
;__Lib_MathDouble.c,1353 :: 		
0x0758	0x6A08      	CLRF        R8, 0
;__Lib_MathDouble.c,1354 :: 		
0x075A	0x6A09      	CLRF        R9, 0
;__Lib_MathDouble.c,1356 :: 		
0x075C	0x5007      	MOVF        R7, 0, 0
;__Lib_MathDouble.c,1357 :: 		
0x075E	0xB4D8      	BTFSC       STATUS, 2, 0
;__Lib_MathDouble.c,1358 :: 		
0x0760	0xF004EF42  	GOTO        JPDSETFDZ32
;__Lib_MathDouble.c,1360 :: 		
0x0764	0x5003      	MOVF        R3, 0, 0
;__Lib_MathDouble.c,1361 :: 		
0x0766	0xB4D8      	BTFSC       STATUS, 2, 0
;__Lib_MathDouble.c,1362 :: 		
0x0768	0xF004EF46  	GOTO        JPDRES032
;__Lib_MathDouble.c,1364 :: 		
0x076C	0x5002      	MOVF        R2, 0, 0
;__Lib_MathDouble.c,1365 :: 		
0x076E	0x1806      	XORWF       R6, 0, 0
;__Lib_MathDouble.c,1366 :: 		
0x0770	0x6E0A      	MOVWF       R10, 0
;__Lib_MathDouble.c,1367 :: 		
0x0772	0x8E02      	BSF         R2, 7, 0
;__Lib_MathDouble.c,1368 :: 		
0x0774	0x8E06      	BSF         R6, 7, 0
;__Lib_MathDouble.c,1370 :: 		
0x0776	0x6A0E      	CLRF        R14, 0
;__Lib_MathDouble.c,1371 :: 		
0x0778	0xF008C002  	MOVFF       R2, R8
;__Lib_MathDouble.c,1372 :: 		
0x077C	0xF00CC001  	MOVFF       R1, R12
;__Lib_MathDouble.c,1373 :: 		
0x0780	0xF00DC000  	MOVFF       R0, R13
;__Lib_MathDouble.c,1375 :: 		
0x0784	0x5004      	MOVF        R4, 0, 0
;__Lib_MathDouble.c,1376 :: 		
0x0786	0x5E0D      	SUBWF       R13, 1, 0
;__Lib_MathDouble.c,1377 :: 		
0x0788	0x5005      	MOVF        R5, 0, 0
;__Lib_MathDouble.c,1378 :: 		
0x078A	0xA0D8      	BTFSS       STATUS, 0, 0
;__Lib_MathDouble.c,1379 :: 		
0x078C	0x3C05      	INCFSZ      R5, 0, 0
;__Lib_MathDouble.c,1381 :: 		
0x078E	0x5E0C      	SUBWF       R12, 1, 0
;__Lib_MathDouble.c,1382 :: 		
0x0790	0x5006      	MOVF        R6, 0, 0
;__Lib_MathDouble.c,1383 :: 		
0x0792	0xA0D8      	BTFSS       STATUS, 0, 0
;__Lib_MathDouble.c,1384 :: 		
0x0794	0x3C06      	INCFSZ      R6, 0, 0
;__Lib_MathDouble.c,1386 :: 		
0x0796	0x5E08      	SUBWF       R8, 1, 0
;__Lib_MathDouble.c,1387 :: 		
0x0798	0x6A08      	CLRF        R8, 0
;__Lib_MathDouble.c,1388 :: 		
0x079A	0x6A0C      	CLRF        R12, 0
;__Lib_MathDouble.c,1389 :: 		
0x079C	0x6A0D      	CLRF        R13, 0
;__Lib_MathDouble.c,1390 :: 		
0x079E	0xA0D8      	BTFSS       STATUS, 0, 0
;__Lib_MathDouble.c,1391 :: 		
0x07A0	0xF003EFD9  	GOTO        DALIGN32OK
;__Lib_MathDouble.c,1393 :: 		
0x07A4	0x90D8      	BCF         STATUS, 0, 0
;__Lib_MathDouble.c,1394 :: 		
0x07A6	0x3202      	RRCF        R2, 1, 0
;__Lib_MathDouble.c,1395 :: 		
0x07A8	0x3201      	RRCF        R1, 1, 0
;__Lib_MathDouble.c,1396 :: 		
0x07AA	0x3200      	RRCF        R0, 1, 0
;__Lib_MathDouble.c,1397 :: 		
0x07AC	0x3208      	RRCF        R8, 1, 0
;__Lib_MathDouble.c,1398 :: 		
0x07AE	0x0E01      	MOVLW       1
;__Lib_MathDouble.c,1399 :: 		
0x07B0	0x6E0E      	MOVWF       R14, 0
;__Lib_MathDouble.c,1400 :: 		
DALIGN32OK:
;__Lib_MathDouble.c,1401 :: 		
0x07B2	0x5007      	MOVF        R7, 0, 0
;__Lib_MathDouble.c,1402 :: 		
0x07B4	0x5E03      	SUBWF       R3, 1, 0
;__Lib_MathDouble.c,1403 :: 		
0x07B6	0xA0D8      	BTFSS       STATUS, 0, 0
;__Lib_MathDouble.c,1404 :: 		
0x07B8	0xF003EFE6  	GOTO        ALTB32
;__Lib_MathDouble.c,1406 :: 		
0x07BC	0x0E7E      	MOVLW       126
;__Lib_MathDouble.c,1407 :: 		
0x07BE	0x240E      	ADDWF       R14, 0, 0
;__Lib_MathDouble.c,1408 :: 		
0x07C0	0x2603      	ADDWF       R3, 1, 0
;__Lib_MathDouble.c,1409 :: 		
0x07C2	0xB0D8      	BTFSC       STATUS, 0, 0
;__Lib_MathDouble.c,1410 :: 		
0x07C4	0xF004EF4B  	GOTO        JPDSETFOV32
;__Lib_MathDouble.c,1411 :: 		
0x07C8	0xF003EFEC  	GOTO        DARGOK32
;__Lib_MathDouble.c,1412 :: 		
ALTB32:
;__Lib_MathDouble.c,1413 :: 		
0x07CC	0x0E7E      	MOVLW       126
;__Lib_MathDouble.c,1414 :: 		
0x07CE	0x240E      	ADDWF       R14, 0, 0
;__Lib_MathDouble.c,1415 :: 		
0x07D0	0x2603      	ADDWF       R3, 1, 0
;__Lib_MathDouble.c,1416 :: 		
0x07D2	0xA0D8      	BTFSS       STATUS, 0, 0
;__Lib_MathDouble.c,1417 :: 		
0x07D4	0xF004EF4F  	GOTO        JPDSETFUN32
;__Lib_MathDouble.c,1418 :: 		
DARGOK32:
;__Lib_MathDouble.c,1419 :: 		
0x07D8	0x0E18      	MOVLW       24
;__Lib_MathDouble.c,1420 :: 		
0x07DA	0x6E0B      	MOVWF       R11, 0
;__Lib_MathDouble.c,1421 :: 		
DLOOP32:
;__Lib_MathDouble.c,1422 :: 		
0x07DC	0x360D      	RLCF        R13, 1, 0
;__Lib_MathDouble.c,1423 :: 		
0x07DE	0x360C      	RLCF        R12, 1, 0
;__Lib_MathDouble.c,1424 :: 		
0x07E0	0x3608      	RLCF        R8, 1, 0
;__Lib_MathDouble.c,1425 :: 		
0x07E2	0x3600      	RLCF        R0, 1, 0
;__Lib_MathDouble.c,1426 :: 		
0x07E4	0x3601      	RLCF        R1, 1, 0
;__Lib_MathDouble.c,1427 :: 		
0x07E6	0x3602      	RLCF        R2, 1, 0
;__Lib_MathDouble.c,1428 :: 		
0x07E8	0x360E      	RLCF        R14, 1, 0
;__Lib_MathDouble.c,1430 :: 		
0x07EA	0x5004      	MOVF        R4, 0, 0
;__Lib_MathDouble.c,1431 :: 		
0x07EC	0x5E00      	SUBWF       R0, 1, 0
;__Lib_MathDouble.c,1432 :: 		
0x07EE	0x5005      	MOVF        R5, 0, 0
;__Lib_MathDouble.c,1433 :: 		
0x07F0	0xA0D8      	BTFSS       STATUS, 0, 0
;__Lib_MathDouble.c,1434 :: 		
0x07F2	0x3C05      	INCFSZ      R5, 0, 0
;__Lib_MathDouble.c,1436 :: 		
0x07F4	0x5E01      	SUBWF       R1, 1, 0
;__Lib_MathDouble.c,1437 :: 		
0x07F6	0x5006      	MOVF        R6, 0, 0
;__Lib_MathDouble.c,1438 :: 		
0x07F8	0xA0D8      	BTFSS       STATUS, 0, 0
;__Lib_MathDouble.c,1439 :: 		
0x07FA	0x3C06      	INCFSZ      R6, 0, 0
;__Lib_MathDouble.c,1441 :: 		
0x07FC	0x5E02      	SUBWF       R2, 1, 0
;__Lib_MathDouble.c,1442 :: 		
0x07FE	0x3406      	RLCF        R6, 0, 0
;__Lib_MathDouble.c,1443 :: 		
0x0800	0x120E      	IORWF       R14, 1, 0
;__Lib_MathDouble.c,1444 :: 		
0x0802	0xA00E      	BTFSS       R14, 0, 0
;__Lib_MathDouble.c,1445 :: 		
0x0804	0xF004EF07  	GOTO        DREST32
;__Lib_MathDouble.c,1446 :: 		
0x0808	0x800D      	BSF         R13, 0, 0
;__Lib_MathDouble.c,1447 :: 		
0x080A	0xF004EF12  	GOTO        DOK32
;__Lib_MathDouble.c,1448 :: 		
DREST32:
;__Lib_MathDouble.c,1449 :: 		
0x080E	0x5004      	MOVF        R4, 0, 0
;__Lib_MathDouble.c,1450 :: 		
0x0810	0x2600      	ADDWF       R0, 1, 0
;__Lib_MathDouble.c,1451 :: 		
0x0812	0x5005      	MOVF        R5, 0, 0
;__Lib_MathDouble.c,1452 :: 		
0x0814	0xB0D8      	BTFSC       STATUS, 0, 0
;__Lib_MathDouble.c,1453 :: 		
0x0816	0x3C05      	INCFSZ      R5, 0, 0
;__Lib_MathDouble.c,1455 :: 		
0x0818	0x2601      	ADDWF       R1, 1, 0
;__Lib_MathDouble.c,1456 :: 		
0x081A	0x5006      	MOVF        R6, 0, 0
;__Lib_MathDouble.c,1457 :: 		
0x081C	0xB0D8      	BTFSC       STATUS, 0, 0
;__Lib_MathDouble.c,1458 :: 		
0x081E	0x2806      	INCF        R6, 0, 0
;__Lib_MathDouble.c,1459 :: 		
0x0820	0x2602      	ADDWF       R2, 1, 0
;__Lib_MathDouble.c,1460 :: 		
0x0822	0x900D      	BCF         R13, 0, 0
;__Lib_MathDouble.c,1461 :: 		
DOK32:
;__Lib_MathDouble.c,1462 :: 		
0x0824	0x2E0B      	DECFSZ      R11, 1, 0
;__Lib_MathDouble.c,1463 :: 		
0x0826	0xF003EFEE  	GOTO        DLOOP32
;__Lib_MathDouble.c,1467 :: 		
0x082A	0xF004EF38  	GOTO        DIV32OK
;__Lib_MathDouble.c,1468 :: 		
0x082E	0x90D8      	BCF         STATUS, 0, 0
;__Lib_MathDouble.c,1469 :: 		
0x0830	0x3600      	RLCF        R0, 1, 0
;__Lib_MathDouble.c,1470 :: 		
0x0832	0x3601      	RLCF        R1, 1, 0
;__Lib_MathDouble.c,1471 :: 		
0x0834	0x3602      	RLCF        R2, 1, 0
;__Lib_MathDouble.c,1472 :: 		
0x0836	0x360E      	RLCF        R14, 1, 0
;__Lib_MathDouble.c,1474 :: 		
0x0838	0x5004      	MOVF        R4, 0, 0
;__Lib_MathDouble.c,1475 :: 		
0x083A	0x5E00      	SUBWF       R0, 1, 0
;__Lib_MathDouble.c,1476 :: 		
0x083C	0x5005      	MOVF        R5, 0, 0
;__Lib_MathDouble.c,1477 :: 		
0x083E	0xA0D8      	BTFSS       STATUS, 0, 0
;__Lib_MathDouble.c,1478 :: 		
0x0840	0x3C05      	INCFSZ      R5, 0, 0
;__Lib_MathDouble.c,1479 :: 		
0x0842	0x5E01      	SUBWF       R1, 1, 0
;__Lib_MathDouble.c,1480 :: 		
0x0844	0x5006      	MOVF        R6, 0, 0
;__Lib_MathDouble.c,1481 :: 		
0x0846	0xA0D8      	BTFSS       STATUS, 0, 0
;__Lib_MathDouble.c,1482 :: 		
0x0848	0x3C06      	INCFSZ      R6, 0, 0
;__Lib_MathDouble.c,1483 :: 		
0x084A	0x5E02      	SUBWF       R2, 1, 0
;__Lib_MathDouble.c,1484 :: 		
0x084C	0x3406      	RLCF        R6, 0, 0
;__Lib_MathDouble.c,1485 :: 		
0x084E	0x100E      	IORWF       R14, 0, 0
;__Lib_MathDouble.c,1486 :: 		
0x0850	0x0B01      	ANDLW       1
;__Lib_MathDouble.c,1487 :: 		
0x0852	0x260D      	ADDWF       R13, 1, 0
;__Lib_MathDouble.c,1488 :: 		
0x0854	0xB0D8      	BTFSC       STATUS, 0, 0
;__Lib_MathDouble.c,1489 :: 		
0x0856	0x2A0C      	INCF        R12, 1, 0
;__Lib_MathDouble.c,1490 :: 		
0x0858	0xB4D8      	BTFSC       STATUS, 2, 0
;__Lib_MathDouble.c,1491 :: 		
0x085A	0x2A08      	INCF        R8, 1, 0
;__Lib_MathDouble.c,1492 :: 		
0x085C	0xA4D8      	BTFSS       STATUS, 2, 0
;__Lib_MathDouble.c,1493 :: 		
0x085E	0xF004EF38  	GOTO        DIV32OK
;__Lib_MathDouble.c,1494 :: 		
0x0862	0x3208      	RRCF        R8, 1, 0
;__Lib_MathDouble.c,1495 :: 		
0x0864	0x320C      	RRCF        R12, 1, 0
;__Lib_MathDouble.c,1496 :: 		
0x0866	0x320D      	RRCF        R13, 1, 0
;__Lib_MathDouble.c,1497 :: 		
0x0868	0x2A03      	INCF        R3, 1, 0
;__Lib_MathDouble.c,1498 :: 		
0x086A	0xB4D8      	BTFSC       STATUS, 2, 0
;__Lib_MathDouble.c,1499 :: 		
0x086C	0xF004EF4B  	GOTO        JPDSETFOV32
;__Lib_MathDouble.c,1500 :: 		
DIV32OK:
;__Lib_MathDouble.c,1501 :: 		
0x0870	0xAE0A      	BTFSS       R10, 7, 0
;__Lib_MathDouble.c,1502 :: 		
0x0872	0x9E08      	BCF         R8, 7, 0
;__Lib_MathDouble.c,1503 :: 		
0x0874	0x5008      	MOVF        R8, 0, 0
;__Lib_MathDouble.c,1504 :: 		
0x0876	0x6E02      	MOVWF       R2, 0
;__Lib_MathDouble.c,1505 :: 		
0x0878	0x500C      	MOVF        R12, 0, 0
;__Lib_MathDouble.c,1506 :: 		
0x087A	0x6E01      	MOVWF       R1, 0
;__Lib_MathDouble.c,1507 :: 		
0x087C	0x500D      	MOVF        R13, 0, 0
;__Lib_MathDouble.c,1508 :: 		
0x087E	0x6E00      	MOVWF       R0, 0
;__Lib_MathDouble.c,1511 :: 		
0x0880	0xF004EF52  	GOTO        DIV32EEE
;__Lib_MathDouble.c,1512 :: 		
JPDSETFDZ32:
;__Lib_MathDouble.c,1513 :: 		
0x0884	0x0E01      	MOVLW       1
;__Lib_MathDouble.c,1516 :: 		
0x0886	0xDC4D      	RCALL       _SETFDZ32
;__Lib_MathDouble.c,1518 :: 		
0x0888	0xF004EF52  	GOTO        DIV32EEE
;__Lib_MathDouble.c,1519 :: 		
JPDRES032:
;__Lib_MathDouble.c,1520 :: 		
0x088C	0x0E02      	MOVLW       2
;__Lib_MathDouble.c,1523 :: 		
0x088E	0xF000EC21  	CALL        _RES032, 0
;__Lib_MathDouble.c,1525 :: 		
0x0892	0xF004EF52  	GOTO        DIV32EEE
;__Lib_MathDouble.c,1526 :: 		
JPDSETFOV32:
;__Lib_MathDouble.c,1527 :: 		
0x0896	0x0E04      	MOVLW       4
;__Lib_MathDouble.c,1530 :: 		
0x0898	0xDC2A      	RCALL       _SETFOV32
;__Lib_MathDouble.c,1532 :: 		
0x089A	0xF004EF52  	GOTO        DIV32EEE
;__Lib_MathDouble.c,1533 :: 		
JPDSETFUN32:
;__Lib_MathDouble.c,1534 :: 		
0x089E	0x0E08      	MOVLW       8
;__Lib_MathDouble.c,1537 :: 		
0x08A0	0xF000EC28  	CALL        _SETFUN32, 0
;__Lib_MathDouble.c,1539 :: 		
DIV32EEE:
;__Lib_MathDouble.c,1547 :: 		
L_end_Div_32x32_FP:
0x08A4	0x0012      	RETURN      0
; end of _Div_32x32_FP
_PWM1_Set_Duty:
;__Lib_PWM_c21.c,42 :: 		
;__Lib_PWM_c21.c,46 :: 		
0x08A6	0x50CB      	MOVF        PR2, 0 
0x08A8	0x0F01      	ADDLW       1
0x08AA	0x6E00      	MOVWF       R0 
0x08AC	0x6A01      	CLRF        R1 
0x08AE	0x0E00      	MOVLW       0
0x08B0	0x2201      	ADDWFC      R1, 1 
0x08B2	0xF004C02D  	MOVFF       FARG_PWM1_Set_Duty_new_duty, R4
0x08B6	0x0E00      	MOVLW       0
0x08B8	0x6E05      	MOVWF       R5 
0x08BA	0xDC76      	RCALL       _Mul_16X16_U
0x08BC	0x0E06      	MOVLW       6
0x08BE	0x6E02      	MOVWF       R2 
0x08C0	0xF004C000  	MOVFF       R0, R4
0x08C4	0xF005C001  	MOVFF       R1, R5
0x08C8	0x5002      	MOVF        R2, 0 
L__PWM1_Set_Duty10:
0x08CA	0xE005      	BZ          L__PWM1_Set_Duty11
0x08CC	0x3205      	RRCF        R5, 1 
0x08CE	0x3204      	RRCF        R4, 1 
0x08D0	0x9E05      	BCF         R5, 7 
0x08D2	0x0FFF      	ADDLW       255
0x08D4	0xD7FA      	BRA         L__PWM1_Set_Duty10
L__PWM1_Set_Duty11:
;__Lib_PWM_c21.c,47 :: 		
0x08D6	0x0E04      	MOVLW       4
0x08D8	0x6E01      	MOVWF       R1 
0x08DA	0xF000C004  	MOVFF       R4, R0
0x08DE	0x5001      	MOVF        R1, 0 
L__PWM1_Set_Duty12:
0x08E0	0xE004      	BZ          L__PWM1_Set_Duty13
0x08E2	0x3600      	RLCF        R0, 1 
0x08E4	0x9000      	BCF         R0, 0 
0x08E6	0x0FFF      	ADDLW       255
0x08E8	0xD7FB      	BRA         L__PWM1_Set_Duty12
L__PWM1_Set_Duty13:
0x08EA	0x0E30      	MOVLW       48
0x08EC	0x1400      	ANDWF       R0, 0 
0x08EE	0x6E03      	MOVWF       R3 
;__Lib_PWM_c21.c,48 :: 		
0x08F0	0xF000C004  	MOVFF       R4, R0
0x08F4	0xF001C005  	MOVFF       R5, R1
0x08F8	0x3201      	RRCF        R1, 1 
0x08FA	0x3200      	RRCF        R0, 1 
0x08FC	0x9E01      	BCF         R1, 7 
0x08FE	0x3201      	RRCF        R1, 1 
0x0900	0x3200      	RRCF        R0, 1 
0x0902	0x9E01      	BCF         R1, 7 
0x0904	0xFFBEC000  	MOVFF       R0, CCPR1L
;__Lib_PWM_c21.c,49 :: 		
0x0908	0x0E0F      	MOVLW       15
0x090A	0x16BD      	ANDWF       CCP1CON, 1 
;__Lib_PWM_c21.c,50 :: 		
0x090C	0x5003      	MOVF        R3, 0 
0x090E	0x12BD      	IORWF       CCP1CON, 1 
;__Lib_PWM_c21.c,51 :: 		
L_end_PWM1_Set_Duty:
0x0910	0x0012      	RETURN      0
; end of _PWM1_Set_Duty
_main:
0x0912	0xF004ECD8  	CALL        2480, 0
;Exercicio2.c,24 :: 		void main() {
;Exercicio2.c,27 :: 		ADCON1 = 0b00001110;
0x0916	0x0E0E      	MOVLW       14
0x0918	0x6EC1      	MOVWF       ADCON1 
;Exercicio2.c,28 :: 		PWM1_Init(5000);
0x091A	0x80CA      	BSF         T2CON, 0, 0
0x091C	0x92CA      	BCF         T2CON, 1, 0
0x091E	0x0E63      	MOVLW       99
0x0920	0x6ECB      	MOVWF       PR2, 0
0x0922	0xDCBE      	RCALL       _PWM1_Init
;Exercicio2.c,29 :: 		Lcd_Init();
0x0924	0xDCCE      	RCALL       _Lcd_Init
;Exercicio2.c,30 :: 		PWM1_Start();
0x0926	0xDCC8      	RCALL       _PWM1_Start
;Exercicio2.c,32 :: 		while(1){
L_main0:
;Exercicio2.c,33 :: 		POT1 = ADC_Read(0) / 10.23;
0x0928	0x6A2D      	CLRF        FARG_ADC_Read_channel 
0x092A	0xDC9B      	RCALL       _ADC_Read
0x092C	0xDC86      	RCALL       _word2double
0x092E	0x0E14      	MOVLW       20
0x0930	0x6E04      	MOVWF       R4 
0x0932	0x0EAE      	MOVLW       174
0x0934	0x6E05      	MOVWF       R5 
0x0936	0x0E23      	MOVLW       35
0x0938	0x6E06      	MOVWF       R6 
0x093A	0x0E82      	MOVLW       130
0x093C	0x6E07      	MOVWF       R7 
0x093E	0xDEF7      	RCALL       _Div_32x32_FP
0x0940	0xDD48      	RCALL       _double2int
0x0942	0xF025C000  	MOVFF       R0, main_POT1_L0
0x0946	0xF026C001  	MOVFF       R1, main_POT1_L0+1
;Exercicio2.c,34 :: 		PWM1_Set_Duty(POT1 * 2.55);
0x094A	0xDE3C      	RCALL       _int2double
0x094C	0x0E33      	MOVLW       51
0x094E	0x6E04      	MOVWF       R4 
0x0950	0x0E33      	MOVLW       51
0x0952	0x6E05      	MOVWF       R5 
0x0954	0x0E23      	MOVLW       35
0x0956	0x6E06      	MOVWF       R6 
0x0958	0x0E80      	MOVLW       128
0x095A	0x6E07      	MOVWF       R7 
0x095C	0xDDA3      	RCALL       _Mul_32x32_FP
0x095E	0xDE52      	RCALL       _double2byte
0x0960	0xF02DC000  	MOVFF       R0, FARG_PWM1_Set_Duty_new_duty
0x0964	0xDFA0      	RCALL       _PWM1_Set_Duty
;Exercicio2.c,35 :: 		WordtoStr(POT1, texto);
0x0966	0xF02DC025  	MOVFF       main_POT1_L0, FARG_WordToStr_input
0x096A	0xF02EC026  	MOVFF       main_POT1_L0+1, FARG_WordToStr_input+1
0x096E	0x0E27      	MOVLW       main_texto_L0
0x0970	0x6E2F      	MOVWF       FARG_WordToStr_output 
0x0972	0x0E00      	MOVLW       hi_addr(main_texto_L0)
0x0974	0x6E30      	MOVWF       FARG_WordToStr_output+1 
0x0976	0xDE93      	RCALL       _WordToStr
;Exercicio2.c,36 :: 		Lcd_out(1,1,"Potnciometro" );
0x0978	0x0E01      	MOVLW       1
0x097A	0x6E2D      	MOVWF       FARG_Lcd_Out_row 
0x097C	0x0E01      	MOVLW       1
0x097E	0x6E2E      	MOVWF       FARG_Lcd_Out_column 
0x0980	0x0E15      	MOVLW       ?lstr1_Exercicio2
0x0982	0x6E2F      	MOVWF       FARG_Lcd_Out_text 
0x0984	0x0E00      	MOVLW       hi_addr(?lstr1_Exercicio2)
0x0986	0x6E30      	MOVWF       FARG_Lcd_Out_text+1 
0x0988	0xDCE7      	RCALL       _Lcd_Out
;Exercicio2.c,37 :: 		Lcd_out(2,1,texto);
0x098A	0x0E02      	MOVLW       2
0x098C	0x6E2D      	MOVWF       FARG_Lcd_Out_row 
0x098E	0x0E01      	MOVLW       1
0x0990	0x6E2E      	MOVWF       FARG_Lcd_Out_column 
0x0992	0x0E27      	MOVLW       main_texto_L0
0x0994	0x6E2F      	MOVWF       FARG_Lcd_Out_text 
0x0996	0x0E00      	MOVLW       hi_addr(main_texto_L0)
0x0998	0x6E30      	MOVWF       FARG_Lcd_Out_text+1 
0x099A	0xDCDE      	RCALL       _Lcd_Out
;Exercicio2.c,39 :: 		}
0x099C	0xD7C5      	BRA         L_main0
;Exercicio2.c,40 :: 		}
L_end_main:
0x099E	0xD7FF      	BRA         $+0
; end of _main
0x09B0	0xF015EE10  	LFSR        1, 21
0x09B4	0x0E0F      	MOVLW       15
0x09B6	0x6E00      	MOVWF       R0 
0x09B8	0x0E01      	MOVLW       1
0x09BA	0x6E01      	MOVWF       R1 
0x09BC	0x0EA0      	MOVLW       160
0x09BE	0x6EF6      	MOVWF       TBLPTR 
0x09C0	0x0E09      	MOVLW       9
0x09C2	0x6EF7      	MOVWF       TBLPTRH 
0x09C4	0x0E00      	MOVLW       0
0x09C6	0x6EF8      	MOVWF       TBLPTRU 
0x09C8	0xF001EC54  	CALL        680, 0
0x09CC	0x0012      	RETURN      0
;Exercicio2.c,0 :: ?ICS?lstr1_Exercicio2
0x09A0	0x6F50 ;?ICS?lstr1_Exercicio2+0
0x09A2	0xEA74 ;?ICS?lstr1_Exercicio2+2
0x09A4	0x636E ;?ICS?lstr1_Exercicio2+4
0x09A6	0x6F69 ;?ICS?lstr1_Exercicio2+6
0x09A8	0x656D ;?ICS?lstr1_Exercicio2+8
0x09AA	0x7274 ;?ICS?lstr1_Exercicio2+10
0x09AC	0x006F ;?ICS?lstr1_Exercicio2+12
; end of ?ICS?lstr1_Exercicio2
;__Lib_ADC_A_D.c,0 :: ?ICS_vref_mask
0x09AE	0x30 ;?ICS_vref_mask+0
; end of ?ICS_vref_mask
Symbol List:
//** Routines locations **
//ADDRESS    SIZE    PROCEDURE
//----------------------------------------------
0x001C       [6]    _Delay_1us
0x0022      [22]    _Delay_5500us
0x0038      [10]    _Delay_50us
0x0042      [14]    _RES032
0x0050      [26]    _SETFUN32
0x006A       [8]    _FIXSIGN32
0x0072     [124]    _Lcd_Cmd
0x00EE      [24]    _SETFOV32
0x0106      [28]    _SETIOV3224
0x0122       [8]    _SETFDZ32
0x012A     [114]    _NRM3232
0x019C      [12]    _Delay_22us
0x01A8      [80]    _Mul_16X16_U
0x01F8      [12]    _Lcd_Chr_CP
0x0204      [54]    _Div_16X16_U
0x023A      [40]    _word2double
0x0262      [62]    _ADC_Read
0x02A0       [8]    _PWM1_Init
0x02A8      [16]    ___CC2DW
0x02B8      [10]    _PWM1_Start
0x02C2     [150]    _Lcd_Init
0x0358     [122]    _Lcd_Out
0x03D2     [210]    _double2int
0x04A4     [288]    _Mul_32x32_FP
0x05C4      [64]    _int2double
0x0604     [154]    _double2byte
0x069E     [144]    _WordToStr
0x072E     [376]    _Div_32x32_FP
0x08A6     [108]    _PWM1_Set_Duty
0x0912     [142]    _main
//** Variables locations ** 
//ADDRESS    SIZE    VARIABLE
//----------------------------------------------
0x0000       [1]    R0
0x0001       [1]    __Lib_Conversions_Adjust_Hex_tmp_L0
0x0001       [1]    R1
0x0002       [2]    memcpy_dd_L0
0x0002       [2]    memchr_s_L0
0x0002       [1]    R2
0x0002       [2]    strlen_cp_L0
0x0002       [2]    memset_pp_L0
0x0003       [2]    memmove_tt_L0
0x0003       [2]    Ltrim_original_L0
0x0003       [1]    R3
0x0004       [2]    strncpy_cp_L0
0x0004       [1]    R4
0x0004       [2]    strcat_cp_L0
0x0004       [2]    memcpy_ss_L0
0x0004       [2]    strcpy_cp_L0
0x0004       [2]    strncat_cp_L0
0x0005       [1]    R5
0x0005       [2]    LongWordToHex_input_half_L0
0x0005       [2]    Ltrim_p_L0
0x0005       [2]    memmove_ff_L0
0x0005       [2]    LongIntToHex_input_half_L0
0x0006       [1]    R6
0x0007       [1]    R7
0x0008       [1]    R8
0x0009       [1]    R9
0x000A       [1]    R10
0x000B       [1]    R11
0x000C       [1]    R12
0x000D       [1]    R13
0x000E       [1]    R14
0x000F       [1]    R15
0x0010       [1]    R16
0x0011       [1]    R17
0x0012       [1]    R18
0x0013       [1]    R19
0x0014       [1]    R20
0x0015      [14]    ?lstr1_Exercicio2
0x0023       [1]    _vref_mask
0x0024       [0]    __Lib_Lcd_cmd_status
0x0025       [2]    main_POT1_L0
0x0027       [6]    main_texto_L0
0x002D       [2]    FARG_WordToStr_input
0x002D       [1]    FARG_Lcd_Out_row
0x002D       [4]    FARG_PWM1_Init_PWM_Freq
0x002D       [1]    FARG_PWM1_Set_Duty_new_duty
0x002D       [1]    FARG_ADC_Read_channel
0x002E       [1]    FARG_Lcd_Out_column
0x002F       [2]    FARG_Lcd_Out_text
0x002F       [2]    FARG_WordToStr_output
0x0031       [1]    Lcd_Out_i_L0
0x0031       [1]    WordToStr_len_L0
0x0032       [2]    FLOC__WordToStr
0x0034       [1]    FARG_Lcd_Chr_CP_out_char
0x0035       [1]    FARG_Lcd_Cmd_out_char
0x0F83       [0]    LCD_D5
0x0F83       [0]    LCD_D4
0x0F83       [0]    LCD_D6
0x0F83       [0]    RD5_bit
0x0F83       [0]    RD6_bit
0x0F83       [0]    RD7_bit
0x0F83       [0]    LCD_D7
0x0F83       [0]    RD4_bit
0x0F84       [0]    LCD_RS
0x0F84       [0]    LCD_EN
0x0F84       [0]    RE1_bit
0x0F84       [0]    RE2_bit
0x0F94       [0]    TRISC2_bit
0x0F95       [0]    TRISD6_bit
0x0F95       [0]    LCD_D5_Direction
0x0F95       [0]    LCD_D7_Direction
0x0F95       [0]    TRISD7_bit
0x0F95       [0]    LCD_D6_Direction
0x0F95       [0]    TRISD5_bit
0x0F95       [0]    LCD_D4_Direction
0x0F95       [0]    TRISD4_bit
0x0F96       [0]    TRISE2_bit
0x0F96       [0]    TRISE1_bit
0x0F96       [0]    LCD_RS_Direction
0x0F96       [0]    LCD_EN_Direction
0x0FBD       [1]    CCP1CON
0x0FBE       [1]    CCPR1L
0x0FC0       [1]    ADCON2
0x0FC1       [1]    ADCON1
0x0FC2       [1]    ADCON0
0x0FC3       [1]    ADRESL
0x0FC4       [1]    ADRESH
0x0FCA       [1]    T2CON
0x0FCB       [1]    PR2
0x0FD8       [1]    STATUS
0x0FD9       [1]    FSR2L
0x0FDA       [1]    FSR2H
0x0FDE       [1]    POSTINC2
0x0FE0       [1]    BSR
0x0FE1       [1]    FSR1L
0x0FE2       [1]    FSR1H
0x0FE4       [1]    PREINC1
0x0FE6       [1]    POSTINC1
0x0FE7       [1]    INDF1
0x0FE8       [1]    WREG
0x0FE9       [1]    FSR0L
0x0FEA       [1]    FSR0H
0x0FEE       [1]    POSTINC0
0x0FF3       [1]    PRODL
0x0FF4       [1]    PRODH
0x0FF5       [1]    TABLAT
0x0FF6       [3]    TBLPTR
0x0FF6       [1]    TBLPTRL
0x0FF7       [1]    TBLPTRH
0x0FF8       [1]    TBLPTRU
//** Constants locations ** 
//ADDRESS    SIZE    CONSTANT
//----------------------------------------------
0x09A0      [14]    ?ICS?lstr1_Exercicio2
0x09AE       [1]    ?ICS_vref_mask
