;  LST file generated by mikroListExporter - v.2.0 
; Date/Time: 27/07/2024 18:36:22
;----------------------------------------------

;Address Opcode 	ASM
0x0000	0xF000EF1B  	GOTO        54
0x0004	0x0000      	NOP
0x0006	0x0000      	NOP
0x0008	0xF000EF00  	GOTO        0
0x000C	0x0000      	NOP
0x000E	0x0000      	NOP
0x0010	0x0000      	NOP
0x0012	0x0000      	NOP
0x0014	0x0000      	NOP
0x0016	0x0000      	NOP
0x0018	0xD7F3      	BRA         0
_cria_Lista:
;Exercicio.c,6 :: 		int* cria_Lista() {
;Exercicio.c,19 :: 		return lista;
0x001C	0x0E15      	MOVLW       cria_Lista_lista_L0
0x001E	0x6E00      	MOVWF       R0 
0x0020	0x0E00      	MOVLW       hi_addr(cria_Lista_lista_L0)
0x0022	0x6E01      	MOVWF       R1 
;Exercicio.c,20 :: 		}
L_end_cria_Lista:
0x0024	0x0012      	RETURN      0
; end of _cria_Lista
___CC2DW:
;__Lib_System.c,21 :: 		
;__Lib_System.c,23 :: 		
_CC2DL_Loop1:
;__Lib_System.c,24 :: 		
0x0026	0x0009      	TBLRD*+
;__Lib_System.c,25 :: 		
0x0028	0xFFE6CFF5  	MOVFF       TABLAT, POSTINC1
;__Lib_System.c,26 :: 		
0x002C	0x0600      	DECF        R0, 1, 0
;__Lib_System.c,27 :: 		
0x002E	0xE1FB      	BNZ         _CC2DL_Loop1
;__Lib_System.c,28 :: 		
0x0030	0x0601      	DECF        R1, 1, 0
;__Lib_System.c,29 :: 		
0x0032	0xE1F9      	BNZ         _CC2DL_Loop1
;__Lib_System.c,31 :: 		
L_end___CC2DW:
0x0034	0x0012      	RETURN      0
; end of ___CC2DW
_main:
0x0036	0xF000EC5F  	CALL        190, 0
;Exercicio.c,22 :: 		void main() {
;Exercicio.c,23 :: 		int i = 0;
0x003A	0x6A2B      	CLRF        main_i_L0 
0x003C	0x6A2C      	CLRF        main_i_L0+1 
;Exercicio.c,24 :: 		int* lista = cria_Lista();  // Obtenha o ponteiro para a lista
0x003E	0xDFEE      	RCALL       _cria_Lista
0x0040	0xF029C000  	MOVFF       R0, main_lista_L0
0x0044	0xF02AC001  	MOVFF       R1, main_lista_L0+1
;Exercicio.c,25 :: 		TRISD = 0;   // Configura a porta D como saída
0x0048	0x6A95      	CLRF        TRISD 
;Exercicio.c,26 :: 		TRISA = 0;   // Configura a porta A como saída
0x004A	0x6A92      	CLRF        TRISA 
;Exercicio.c,27 :: 		PORTA = 0b00111100;
0x004C	0x0E3C      	MOVLW       60
0x004E	0x6E80      	MOVWF       PORTA 
;Exercicio.c,30 :: 		while(1) {
L_main0:
;Exercicio.c,31 :: 		for (i = 0; i < 10; i++) {
0x0050	0x6A2B      	CLRF        main_i_L0 
0x0052	0x6A2C      	CLRF        main_i_L0+1 
L_main2:
0x0054	0x0E80      	MOVLW       128
0x0056	0x182C      	XORWF       main_i_L0+1, 0 
0x0058	0x6E00      	MOVWF       R0 
0x005A	0x0E80      	MOVLW       128
0x005C	0x5C00      	SUBWF       R0, 0 
0x005E	0xE102      	BNZ         L__main8
0x0060	0x0E0A      	MOVLW       10
0x0062	0x5C2B      	SUBWF       main_i_L0, 0 
L__main8:
0x0064	0xE220      	BC          L_main3
;Exercicio.c,32 :: 		PORTD = lista[i];  // Acessa o elemento i da lista e o atribui ao PORTD
0x0066	0xF000C02B  	MOVFF       main_i_L0, R0
0x006A	0xF001C02C  	MOVFF       main_i_L0+1, R1
0x006E	0x3600      	RLCF        R0, 1 
0x0070	0x9000      	BCF         R0, 0 
0x0072	0x3601      	RLCF        R1, 1 
0x0074	0x5000      	MOVF        R0, 0 
0x0076	0x2429      	ADDWF       main_lista_L0, 0 
0x0078	0x6EE9      	MOVWF       FSR0L 
0x007A	0x5001      	MOVF        R1, 0 
0x007C	0x202A      	ADDWFC      main_lista_L0+1, 0 
0x007E	0x6EEA      	MOVWF       FSR0L+1 
0x0080	0xFF83CFEE  	MOVFF       POSTINC0, PORTD
;Exercicio.c,33 :: 		delay_ms(1000);  // Espera 1 segundo
0x0084	0x0E0B      	MOVLW       11
0x0086	0x6E0B      	MOVWF       R11, 0
0x0088	0x0E26      	MOVLW       38
0x008A	0x6E0C      	MOVWF       R12, 0
0x008C	0x0E5D      	MOVLW       93
0x008E	0x6E0D      	MOVWF       R13, 0
L_main5:
0x0090	0x2E0D      	DECFSZ      R13, 1, 0
0x0092	0xD7FE      	BRA         L_main5
0x0094	0x2E0C      	DECFSZ      R12, 1, 0
0x0096	0xD7FC      	BRA         L_main5
0x0098	0x2E0B      	DECFSZ      R11, 1, 0
0x009A	0xD7FA      	BRA         L_main5
0x009C	0x0000      	NOP
0x009E	0x0000      	NOP
;Exercicio.c,31 :: 		for (i = 0; i < 10; i++) {
0x00A0	0x4A2B      	INFSNZ      main_i_L0, 1 
0x00A2	0x2A2C      	INCF        main_i_L0+1, 1 
;Exercicio.c,34 :: 		}
0x00A4	0xD7D7      	BRA         L_main2
L_main3:
;Exercicio.c,35 :: 		}
0x00A6	0xD7D4      	BRA         L_main0
;Exercicio.c,36 :: 		}
L_end_main:
0x00A8	0xD7FF      	BRA         $+0
; end of _main
0x00BE	0xF015EE10  	LFSR        1, 21
0x00C2	0x0E14      	MOVLW       20
0x00C4	0x6E00      	MOVWF       R0 
0x00C6	0x0E01      	MOVLW       1
0x00C8	0x6E01      	MOVWF       R1 
0x00CA	0x0EAA      	MOVLW       170
0x00CC	0x6EF6      	MOVWF       4086 
0x00CE	0x0E00      	MOVLW       0
0x00D0	0x6EF7      	MOVWF       TBLPTRH 
0x00D2	0x0E00      	MOVLW       0
0x00D4	0x6EF8      	MOVWF       TBLPTRU 
0x00D6	0xF000EC13  	CALL        38, 0
0x00DA	0x0012      	RETURN      0
;Exercicio.c,0 :: ?ICScria_Lista_lista_L0
0x00AA	0x003F ;?ICScria_Lista_lista_L0+0
0x00AC	0x0006 ;?ICScria_Lista_lista_L0+2
0x00AE	0x005B ;?ICScria_Lista_lista_L0+4
0x00B0	0x004F ;?ICScria_Lista_lista_L0+6
0x00B2	0x0066 ;?ICScria_Lista_lista_L0+8
0x00B4	0x006D ;?ICScria_Lista_lista_L0+10
0x00B6	0x007D ;?ICScria_Lista_lista_L0+12
0x00B8	0x0007 ;?ICScria_Lista_lista_L0+14
0x00BA	0x007F ;?ICScria_Lista_lista_L0+16
0x00BC	0x006F ;?ICScria_Lista_lista_L0+18
; end of ?ICScria_Lista_lista_L0
Symbol List:
//** Routines locations **
//ADDRESS    SIZE    PROCEDURE
//----------------------------------------------
0x001C      [10]    _cria_Lista
0x0026      [16]    ___CC2DW
0x0036     [116]    _main
//** Variables locations ** 
//ADDRESS    SIZE    VARIABLE
//----------------------------------------------
0x0000       [1]    R0
0x0001       [1]    R1
0x0002       [1]    R2
0x0003       [1]    R3
0x0004       [1]    R4
0x0005       [1]    R5
0x0006       [1]    R6
0x0007       [1]    R7
0x0008       [1]    R8
0x0009       [1]    R9
0x000A       [1]    R10
0x000B       [1]    R11
0x000C       [1]    R12
0x000D       [1]    R13
0x000E       [1]    R14
0x000F       [1]    R15
0x0010       [1]    R16
0x0011       [1]    R17
0x0012       [1]    R18
0x0013       [1]    R19
0x0014       [1]    R20
0x0015      [20]    cria_Lista_lista_L0
0x0029       [2]    main_lista_L0
0x002B       [2]    main_i_L0
0x0F80       [1]    PORTA
0x0F83       [1]    PORTD
0x0F92       [1]    TRISA
0x0F95       [1]    TRISD
0x0FD8       [1]    STATUS
0x0FD9       [1]    FSR2L
0x0FDA       [1]    FSR2H
0x0FDE       [1]    POSTINC2
0x0FE0       [1]    BSR
0x0FE1       [1]    FSR1L
0x0FE2       [1]    FSR1H
0x0FE4       [1]    PREINC1
0x0FE6       [1]    POSTINC1
0x0FE7       [1]    INDF1
0x0FE8       [1]    WREG
0x0FE9       [1]    FSR0L
0x0FEA       [1]    FSR0H
0x0FEE       [1]    POSTINC0
0x0FF3       [1]    PRODL
0x0FF4       [1]    PRODH
0x0FF5       [1]    TABLAT
0x0FF6       [1]    TBLPTRL
0x0FF7       [1]    TBLPTRH
0x0FF8       [1]    TBLPTRU
//** Constants locations ** 
//ADDRESS    SIZE    CONSTANT
//----------------------------------------------
0x00AA      [20]    ?ICScria_Lista_lista_L0
