;  LST file generated by mikroListExporter - v.2.0 
; Date/Time: 31/07/2024 12:44:09
;----------------------------------------------

;Address Opcode 	ASM
0x0000	0xF000EF5D  	GOTO        186
0x0004	0x0000      	NOP
0x0006	0x0000      	NOP
0x0008	0xF000EF00  	GOTO        0
0x000C	0x0000      	NOP
0x000E	0x0000      	NOP
0x0010	0x0000      	NOP
0x0012	0x0000      	NOP
0x0014	0x0000      	NOP
0x0016	0x0000      	NOP
0x0018	0xD7F3      	BRA         0
_Delay_500us:
;__Lib_Delays.c,27 :: 		void Delay_500us() {
;__Lib_Delays.c,28 :: 		Delay_us(498);
0x001C	0x0E02      	MOVLW       2
0x001E	0x6E0C      	MOVWF       R12, 0
0x0020	0x0E49      	MOVLW       73
0x0022	0x6E0D      	MOVWF       R13, 0
L_Delay_500us4:
0x0024	0x2E0D      	DECFSZ      R13, 1, 0
0x0026	0xD7FE      	BRA         L_Delay_500us4
0x0028	0x2E0C      	DECFSZ      R12, 1, 0
0x002A	0xD7FC      	BRA         L_Delay_500us4
0x002C	0x0000      	NOP
0x002E	0x0000      	NOP
;__Lib_Delays.c,29 :: 		}
L_end_Delay_500us:
0x0030	0x0012      	RETURN      0
; end of _Delay_500us
_Button:
;__Lib_Button.c,6 :: 		
;__Lib_Button.c,8 :: 		
0x0032	0x6A33      	CLRF        Button_rslt_L0 
;__Lib_Button.c,11 :: 		
0x0034	0xF001C02F  	MOVFF       FARG_Button_pin, R1
0x0038	0x0E01      	MOVLW       1
0x003A	0x6E00      	MOVWF       R0 
0x003C	0x5001      	MOVF        R1, 0 
L__Button5:
0x003E	0xE004      	BZ          L__Button6
0x0040	0x3600      	RLCF        R0, 1 
0x0042	0x9000      	BCF         R0, 0 
0x0044	0x0FFF      	ADDLW       255
0x0046	0xD7FB      	BRA         L__Button5
L__Button6:
0x0048	0xF032C000  	MOVFF       R0, Button_pMask_L0
;__Lib_Button.c,13 :: 		
0x004C	0xFFE9C02D  	MOVFF       FARG_Button_port, FSR0L
0x0050	0xFFEAC02E  	MOVFF       FARG_Button_port+1, FSR0H
0x0054	0x5000      	MOVF        R0, 0 
0x0056	0x14EE      	ANDWF       POSTINC0, 0 
0x0058	0x6E01      	MOVWF       R1 
0x005A	0x5201      	MOVF        R1, 1 
0x005C	0x0E01      	MOVLW       1
0x005E	0xA4D8      	BTFSS       STATUS, 2 
0x0060	0x0E00      	MOVLW       0
0x0062	0x6E00      	MOVWF       R0 
0x0064	0x5031      	MOVF        FARG_Button_active_state, 0 
0x0066	0x1A00      	XORWF       R0, 1 
0x0068	0xE018      	BZ          L_Button0
;__Lib_Button.c,15 :: 		
L_Button1:
0x006A	0x5030      	MOVF        FARG_Button_time_ms, 0 
0x006C	0x0800      	SUBLW       0
0x006E	0xE204      	BC          L_Button2
;__Lib_Button.c,16 :: 		
0x0070	0xDFD5      	RCALL       _Delay_500us
;__Lib_Button.c,17 :: 		
0x0072	0xDFD4      	RCALL       _Delay_500us
;__Lib_Button.c,18 :: 		
0x0074	0x0630      	DECF        FARG_Button_time_ms, 1 
;__Lib_Button.c,19 :: 		
0x0076	0xD7F9      	BRA         L_Button1
L_Button2:
;__Lib_Button.c,21 :: 		
0x0078	0xFFE9C02D  	MOVFF       FARG_Button_port, FSR0L
0x007C	0xFFEAC02E  	MOVFF       FARG_Button_port+1, FSR0H
0x0080	0x5032      	MOVF        Button_pMask_L0, 0 
0x0082	0x14EE      	ANDWF       POSTINC0, 0 
0x0084	0x6E01      	MOVWF       R1 
0x0086	0x5201      	MOVF        R1, 1 
0x0088	0x0E01      	MOVLW       1
0x008A	0xA4D8      	BTFSS       STATUS, 2 
0x008C	0x0E00      	MOVLW       0
0x008E	0x6E00      	MOVWF       R0 
0x0090	0x5031      	MOVF        FARG_Button_active_state, 0 
0x0092	0x1A00      	XORWF       R0, 1 
0x0094	0xE002      	BZ          L_Button3
;__Lib_Button.c,22 :: 		
0x0096	0x0EFF      	MOVLW       255
0x0098	0x6E33      	MOVWF       Button_rslt_L0 
L_Button3:
;__Lib_Button.c,23 :: 		
L_Button0:
;__Lib_Button.c,25 :: 		
0x009A	0xF000C033  	MOVFF       Button_rslt_L0, R0
;__Lib_Button.c,26 :: 		
L_end_Button:
0x009E	0x0012      	RETURN      0
; end of _Button
_criar_Lista:
;Exercicio.c,6 :: 		int* criar_Lista() {
;Exercicio.c,19 :: 		return Lista;
0x00A0	0x0E15      	MOVLW       criar_Lista_Lista_L0
0x00A2	0x6E00      	MOVWF       R0 
0x00A4	0x0E00      	MOVLW       hi_addr(criar_Lista_Lista_L0)
0x00A6	0x6E01      	MOVWF       R1 
;Exercicio.c,20 :: 		}
L_end_criar_Lista:
0x00A8	0x0012      	RETURN      0
; end of _criar_Lista
___CC2DW:
;__Lib_System.c,21 :: 		
;__Lib_System.c,23 :: 		
_CC2DL_Loop1:
;__Lib_System.c,24 :: 		
0x00AA	0x0009      	TBLRD*+
;__Lib_System.c,25 :: 		
0x00AC	0xFFE6CFF5  	MOVFF       TABLAT, POSTINC1
;__Lib_System.c,26 :: 		
0x00B0	0x0600      	DECF        R0, 1, 0
;__Lib_System.c,27 :: 		
0x00B2	0xE1FB      	BNZ         _CC2DL_Loop1
;__Lib_System.c,28 :: 		
0x00B4	0x0601      	DECF        R1, 1, 0
;__Lib_System.c,29 :: 		
0x00B6	0xE1F9      	BNZ         _CC2DL_Loop1
;__Lib_System.c,31 :: 		
L_end___CC2DW:
0x00B8	0x0012      	RETURN      0
; end of ___CC2DW
_main:
0x00BA	0xF001EC44  	CALL        648, 0
;Exercicio.c,22 :: 		void main() {
;Exercicio.c,24 :: 		int* Lista = criar_Lista();
0x00BE	0xDFF0      	RCALL       _criar_Lista
0x00C0	0xF02BC000  	MOVFF       R0, main_Lista_L0
0x00C4	0xF02CC001  	MOVFF       R1, main_Lista_L0+1
;Exercicio.c,26 :: 		TRISD = 0;  // Configura a porta D como saída para os LEDs
0x00C8	0x6A95      	CLRF        TRISD 
;Exercicio.c,27 :: 		TRISB = 0b00100111;  // Configura RB0, RB1, e RB2 como entrada
0x00CA	0x0E27      	MOVLW       39
0x00CC	0x6E93      	MOVWF       TRISB 
;Exercicio.c,28 :: 		TRISA = 0;  // Configura a porta A como saída para os displays
0x00CE	0x6A92      	CLRF        TRISA 
;Exercicio.c,29 :: 		PORTD = 0;  // Inicializa todos os LEDs apagados
0x00D0	0x6A83      	CLRF        PORTD 
;Exercicio.c,30 :: 		PORTA = 0;  // Inicializa todos os displays apagados
0x00D2	0x6A80      	CLRF        PORTA 
;Exercicio.c,32 :: 		while (1) {
L_main0:
;Exercicio.c,33 :: 		if (Button(&PORTB, 0, 1, 0) == 255) {
0x00D4	0x0E81      	MOVLW       PORTB
0x00D6	0x6E2D      	MOVWF       FARG_Button_port 
0x00D8	0x0E0F      	MOVLW       hi_addr(PORTB)
0x00DA	0x6E2E      	MOVWF       FARG_Button_port+1 
0x00DC	0x6A2F      	CLRF        FARG_Button_pin 
0x00DE	0x0E01      	MOVLW       1
0x00E0	0x6E30      	MOVWF       FARG_Button_time_ms 
0x00E2	0x6A31      	CLRF        FARG_Button_active_state 
0x00E4	0xDFA6      	RCALL       _Button
0x00E6	0x5000      	MOVF        R0, 0 
0x00E8	0x0AFF      	XORLW       255
0x00EA	0xE12D      	BNZ         L_main2
;Exercicio.c,34 :: 		PORTA = 0b00000100;
0x00EC	0x0E04      	MOVLW       4
0x00EE	0x6E80      	MOVWF       PORTA 
;Exercicio.c,35 :: 		for (i = 0; i <= 2; i++) {
0x00F0	0x6A29      	CLRF        main_i_L0 
0x00F2	0x6A2A      	CLRF        main_i_L0+1 
L_main3:
0x00F4	0x0E80      	MOVLW       128
0x00F6	0x6E00      	MOVWF       R0 
0x00F8	0x0E80      	MOVLW       128
0x00FA	0x182A      	XORWF       main_i_L0+1, 0 
0x00FC	0x5C00      	SUBWF       R0, 0 
0x00FE	0xE102      	BNZ         L__main24
0x0100	0x5029      	MOVF        main_i_L0, 0 
0x0102	0x0802      	SUBLW       2
L__main24:
0x0104	0xE320      	BNC         L_main4
;Exercicio.c,36 :: 		PORTD = Lista[i];
0x0106	0xF000C029  	MOVFF       main_i_L0, R0
0x010A	0xF001C02A  	MOVFF       main_i_L0+1, R1
0x010E	0x3600      	RLCF        R0, 1 
0x0110	0x9000      	BCF         R0, 0 
0x0112	0x3601      	RLCF        R1, 1 
0x0114	0x5000      	MOVF        R0, 0 
0x0116	0x242B      	ADDWF       main_Lista_L0, 0 
0x0118	0x6EE9      	MOVWF       FSR0L 
0x011A	0x5001      	MOVF        R1, 0 
0x011C	0x202C      	ADDWFC      main_Lista_L0+1, 0 
0x011E	0x6EEA      	MOVWF       FSR0L+1 
0x0120	0xFF83CFEE  	MOVFF       POSTINC0, PORTD
;Exercicio.c,37 :: 		delay_ms(500);  // Atraso de meio segundo
0x0124	0x0E06      	MOVLW       6
0x0126	0x6E0B      	MOVWF       R11, 0
0x0128	0x0E13      	MOVLW       19
0x012A	0x6E0C      	MOVWF       R12, 0
0x012C	0x0EAD      	MOVLW       173
0x012E	0x6E0D      	MOVWF       R13, 0
L_main6:
0x0130	0x2E0D      	DECFSZ      R13, 1, 0
0x0132	0xD7FE      	BRA         L_main6
0x0134	0x2E0C      	DECFSZ      R12, 1, 0
0x0136	0xD7FC      	BRA         L_main6
0x0138	0x2E0B      	DECFSZ      R11, 1, 0
0x013A	0xD7FA      	BRA         L_main6
0x013C	0x0000      	NOP
0x013E	0x0000      	NOP
;Exercicio.c,35 :: 		for (i = 0; i <= 2; i++) {
0x0140	0x4A29      	INFSNZ      main_i_L0, 1 
0x0142	0x2A2A      	INCF        main_i_L0+1, 1 
;Exercicio.c,38 :: 		}
0x0144	0xD7D7      	BRA         L_main3
L_main4:
;Exercicio.c,39 :: 		}
L_main2:
;Exercicio.c,40 :: 		if(Button(&PORTB, 1,1,0) == 255){
0x0146	0x0E81      	MOVLW       PORTB
0x0148	0x6E2D      	MOVWF       FARG_Button_port 
0x014A	0x0E0F      	MOVLW       hi_addr(PORTB)
0x014C	0x6E2E      	MOVWF       FARG_Button_port+1 
0x014E	0x0E01      	MOVLW       1
0x0150	0x6E2F      	MOVWF       FARG_Button_pin 
0x0152	0x0E01      	MOVLW       1
0x0154	0x6E30      	MOVWF       FARG_Button_time_ms 
0x0156	0x6A31      	CLRF        FARG_Button_active_state 
0x0158	0xDF6C      	RCALL       _Button
0x015A	0x5000      	MOVF        R0, 0 
0x015C	0x0AFF      	XORLW       255
0x015E	0xE152      	BNZ         L_main7
;Exercicio.c,42 :: 		for(i = 1; i <= 1; i++){
0x0160	0x0E01      	MOVLW       1
0x0162	0x6E29      	MOVWF       main_i_L0 
0x0164	0x0E00      	MOVLW       0
0x0166	0x6E2A      	MOVWF       main_i_L0+1 
L_main8:
0x0168	0x0E80      	MOVLW       128
0x016A	0x6E00      	MOVWF       R0 
0x016C	0x0E80      	MOVLW       128
0x016E	0x182A      	XORWF       main_i_L0+1, 0 
0x0170	0x5C00      	SUBWF       R0, 0 
0x0172	0xE102      	BNZ         L__main25
0x0174	0x5029      	MOVF        main_i_L0, 0 
0x0176	0x0801      	SUBLW       1
L__main25:
0x0178	0xE31D      	BNC         L_main9
;Exercicio.c,43 :: 		PORTA = 0b00010000;
0x017A	0x0E10      	MOVLW       16
0x017C	0x6E80      	MOVWF       PORTA 
;Exercicio.c,44 :: 		PORTD = Lista[i];
0x017E	0xF000C029  	MOVFF       main_i_L0, R0
0x0182	0xF001C02A  	MOVFF       main_i_L0+1, R1
0x0186	0x3600      	RLCF        R0, 1 
0x0188	0x9000      	BCF         R0, 0 
0x018A	0x3601      	RLCF        R1, 1 
0x018C	0x5000      	MOVF        R0, 0 
0x018E	0x242B      	ADDWF       main_Lista_L0, 0 
0x0190	0x6EE9      	MOVWF       FSR0L 
0x0192	0x5001      	MOVF        R1, 0 
0x0194	0x202C      	ADDWFC      main_Lista_L0+1, 0 
0x0196	0x6EEA      	MOVWF       FSR0L+1 
0x0198	0xFF83CFEE  	MOVFF       POSTINC0, PORTD
;Exercicio.c,45 :: 		delay_ms(2);
0x019C	0x0E06      	MOVLW       6
0x019E	0x6E0C      	MOVWF       R12, 0
0x01A0	0x0E30      	MOVLW       48
0x01A2	0x6E0D      	MOVWF       R13, 0
L_main11:
0x01A4	0x2E0D      	DECFSZ      R13, 1, 0
0x01A6	0xD7FE      	BRA         L_main11
0x01A8	0x2E0C      	DECFSZ      R12, 1, 0
0x01AA	0xD7FC      	BRA         L_main11
0x01AC	0x0000      	NOP
;Exercicio.c,42 :: 		for(i = 1; i <= 1; i++){
0x01AE	0x4A29      	INFSNZ      main_i_L0, 1 
0x01B0	0x2A2A      	INCF        main_i_L0+1, 1 
;Exercicio.c,46 :: 		}
0x01B2	0xD7DA      	BRA         L_main8
L_main9:
;Exercicio.c,47 :: 		for(i = 0; i<=0;i++){
0x01B4	0x6A29      	CLRF        main_i_L0 
0x01B6	0x6A2A      	CLRF        main_i_L0+1 
L_main12:
0x01B8	0x0E80      	MOVLW       128
0x01BA	0x6E00      	MOVWF       R0 
0x01BC	0x0E80      	MOVLW       128
0x01BE	0x182A      	XORWF       main_i_L0+1, 0 
0x01C0	0x5C00      	SUBWF       R0, 0 
0x01C2	0xE102      	BNZ         L__main26
0x01C4	0x5029      	MOVF        main_i_L0, 0 
0x01C6	0x0800      	SUBLW       0
L__main26:
0x01C8	0xE31D      	BNC         L_main13
;Exercicio.c,48 :: 		PORTA = 0b00100000;
0x01CA	0x0E20      	MOVLW       32
0x01CC	0x6E80      	MOVWF       PORTA 
;Exercicio.c,49 :: 		PORTD = Lista[i];
0x01CE	0xF000C029  	MOVFF       main_i_L0, R0
0x01D2	0xF001C02A  	MOVFF       main_i_L0+1, R1
0x01D6	0x3600      	RLCF        R0, 1 
0x01D8	0x9000      	BCF         R0, 0 
0x01DA	0x3601      	RLCF        R1, 1 
0x01DC	0x5000      	MOVF        R0, 0 
0x01DE	0x242B      	ADDWF       main_Lista_L0, 0 
0x01E0	0x6EE9      	MOVWF       FSR0L 
0x01E2	0x5001      	MOVF        R1, 0 
0x01E4	0x202C      	ADDWFC      main_Lista_L0+1, 0 
0x01E6	0x6EEA      	MOVWF       FSR0L+1 
0x01E8	0xFF83CFEE  	MOVFF       POSTINC0, PORTD
;Exercicio.c,50 :: 		delay_ms(2);
0x01EC	0x0E06      	MOVLW       6
0x01EE	0x6E0C      	MOVWF       R12, 0
0x01F0	0x0E30      	MOVLW       48
0x01F2	0x6E0D      	MOVWF       R13, 0
L_main15:
0x01F4	0x2E0D      	DECFSZ      R13, 1, 0
0x01F6	0xD7FE      	BRA         L_main15
0x01F8	0x2E0C      	DECFSZ      R12, 1, 0
0x01FA	0xD7FC      	BRA         L_main15
0x01FC	0x0000      	NOP
;Exercicio.c,47 :: 		for(i = 0; i<=0;i++){
0x01FE	0x4A29      	INFSNZ      main_i_L0, 1 
0x0200	0x2A2A      	INCF        main_i_L0+1, 1 
;Exercicio.c,51 :: 		}
0x0202	0xD7DA      	BRA         L_main12
L_main13:
;Exercicio.c,52 :: 		}
L_main7:
;Exercicio.c,53 :: 		if(Button(&PORTB,2,1,0) == 255){
0x0204	0x0E81      	MOVLW       PORTB
0x0206	0x6E2D      	MOVWF       FARG_Button_port 
0x0208	0x0E0F      	MOVLW       hi_addr(PORTB)
0x020A	0x6E2E      	MOVWF       FARG_Button_port+1 
0x020C	0x0E02      	MOVLW       2
0x020E	0x6E2F      	MOVWF       FARG_Button_pin 
0x0210	0x0E01      	MOVLW       1
0x0212	0x6E30      	MOVWF       FARG_Button_time_ms 
0x0214	0x6A31      	CLRF        FARG_Button_active_state 
0x0216	0xDF0D      	RCALL       _Button
0x0218	0x5000      	MOVF        R0, 0 
0x021A	0x0AFF      	XORLW       255
0x021C	0xE129      	BNZ         L_main16
;Exercicio.c,54 :: 		for(i = 0; i <= 3; i++){
0x021E	0x6A29      	CLRF        main_i_L0 
0x0220	0x6A2A      	CLRF        main_i_L0+1 
L_main17:
0x0222	0x0E80      	MOVLW       128
0x0224	0x6E00      	MOVWF       R0 
0x0226	0x0E80      	MOVLW       128
0x0228	0x182A      	XORWF       main_i_L0+1, 0 
0x022A	0x5C00      	SUBWF       R0, 0 
0x022C	0xE102      	BNZ         L__main27
0x022E	0x5029      	MOVF        main_i_L0, 0 
0x0230	0x0803      	SUBLW       3
L__main27:
0x0232	0xE31E      	BNC         L_main18
;Exercicio.c,55 :: 		PORTD = 0b11111111;
0x0234	0x0EFF      	MOVLW       255
0x0236	0x6E83      	MOVWF       PORTD 
;Exercicio.c,56 :: 		delay_ms(400);
0x0238	0x0E05      	MOVLW       5
0x023A	0x6E0B      	MOVWF       R11, 0
0x023C	0x0E0F      	MOVLW       15
0x023E	0x6E0C      	MOVWF       R12, 0
0x0240	0x0EF1      	MOVLW       241
0x0242	0x6E0D      	MOVWF       R13, 0
L_main20:
0x0244	0x2E0D      	DECFSZ      R13, 1, 0
0x0246	0xD7FE      	BRA         L_main20
0x0248	0x2E0C      	DECFSZ      R12, 1, 0
0x024A	0xD7FC      	BRA         L_main20
0x024C	0x2E0B      	DECFSZ      R11, 1, 0
0x024E	0xD7FA      	BRA         L_main20
;Exercicio.c,57 :: 		PORTD = 0;
0x0250	0x6A83      	CLRF        PORTD 
;Exercicio.c,58 :: 		delay_ms(400);
0x0252	0x0E05      	MOVLW       5
0x0254	0x6E0B      	MOVWF       R11, 0
0x0256	0x0E0F      	MOVLW       15
0x0258	0x6E0C      	MOVWF       R12, 0
0x025A	0x0EF1      	MOVLW       241
0x025C	0x6E0D      	MOVWF       R13, 0
L_main21:
0x025E	0x2E0D      	DECFSZ      R13, 1, 0
0x0260	0xD7FE      	BRA         L_main21
0x0262	0x2E0C      	DECFSZ      R12, 1, 0
0x0264	0xD7FC      	BRA         L_main21
0x0266	0x2E0B      	DECFSZ      R11, 1, 0
0x0268	0xD7FA      	BRA         L_main21
;Exercicio.c,54 :: 		for(i = 0; i <= 3; i++){
0x026A	0x4A29      	INFSNZ      main_i_L0, 1 
0x026C	0x2A2A      	INCF        main_i_L0+1, 1 
;Exercicio.c,59 :: 		}
0x026E	0xD7D9      	BRA         L_main17
L_main18:
;Exercicio.c,60 :: 		}
L_main16:
;Exercicio.c,61 :: 		}
0x0270	0xD731      	BRA         L_main0
;Exercicio.c,62 :: 		}
L_end_main:
0x0272	0xD7FF      	BRA         $+0
; end of _main
0x0288	0xF015EE10  	LFSR        1, 21
0x028C	0x0E14      	MOVLW       20
0x028E	0x6E00      	MOVWF       R0 
0x0290	0x0E01      	MOVLW       1
0x0292	0x6E01      	MOVWF       R1 
0x0294	0x0E74      	MOVLW       116
0x0296	0x6EF6      	MOVWF       4086 
0x0298	0x0E02      	MOVLW       2
0x029A	0x6EF7      	MOVWF       TBLPTRH 
0x029C	0x0E00      	MOVLW       0
0x029E	0x6EF8      	MOVWF       TBLPTRU 
0x02A0	0xF000EC55  	CALL        170, 0
0x02A4	0x0012      	RETURN      0
;Exercicio.c,0 :: ?ICScriar_Lista_Lista_L0
0x0274	0x003F ;?ICScriar_Lista_Lista_L0+0
0x0276	0x0006 ;?ICScriar_Lista_Lista_L0+2
0x0278	0x005B ;?ICScriar_Lista_Lista_L0+4
0x027A	0x004F ;?ICScriar_Lista_Lista_L0+6
0x027C	0x0066 ;?ICScriar_Lista_Lista_L0+8
0x027E	0x006D ;?ICScriar_Lista_Lista_L0+10
0x0280	0x007D ;?ICScriar_Lista_Lista_L0+12
0x0282	0x0007 ;?ICScriar_Lista_Lista_L0+14
0x0284	0x007F ;?ICScriar_Lista_Lista_L0+16
0x0286	0x006F ;?ICScriar_Lista_Lista_L0+18
; end of ?ICScriar_Lista_Lista_L0
Symbol List:
//** Routines locations **
//ADDRESS    SIZE    PROCEDURE
//----------------------------------------------
0x001C      [22]    _Delay_500us
0x0032     [110]    _Button
0x00A0      [10]    _criar_Lista
0x00AA      [16]    ___CC2DW
0x00BA     [442]    _main
//** Variables locations ** 
//ADDRESS    SIZE    VARIABLE
//----------------------------------------------
0x0000       [1]    R0
0x0001       [1]    R1
0x0002       [1]    R2
0x0003       [1]    R3
0x0004       [1]    R4
0x0005       [1]    R5
0x0006       [1]    R6
0x0007       [1]    R7
0x0008       [1]    R8
0x0009       [1]    R9
0x000A       [1]    R10
0x000B       [1]    R11
0x000C       [1]    R12
0x000D       [1]    R13
0x000E       [1]    R14
0x000F       [1]    R15
0x0010       [1]    R16
0x0011       [1]    R17
0x0012       [1]    R18
0x0013       [1]    R19
0x0014       [1]    R20
0x0015      [20]    criar_Lista_Lista_L0
0x0029       [2]    main_i_L0
0x002B       [2]    main_Lista_L0
0x002D       [2]    FARG_Button_port
0x002F       [1]    FARG_Button_pin
0x0030       [1]    FARG_Button_time_ms
0x0031       [1]    FARG_Button_active_state
0x0032       [1]    Button_pMask_L0
0x0033       [1]    Button_rslt_L0
0x0F80       [1]    PORTA
0x0F81       [1]    PORTB
0x0F83       [1]    PORTD
0x0F92       [1]    TRISA
0x0F93       [1]    TRISB
0x0F95       [1]    TRISD
0x0FD8       [1]    STATUS
0x0FD9       [1]    FSR2L
0x0FDA       [1]    FSR2H
0x0FDE       [1]    POSTINC2
0x0FE0       [1]    BSR
0x0FE1       [1]    FSR1L
0x0FE2       [1]    FSR1H
0x0FE4       [1]    PREINC1
0x0FE6       [1]    POSTINC1
0x0FE7       [1]    INDF1
0x0FE8       [1]    WREG
0x0FE9       [1]    FSR0L
0x0FEA       [1]    FSR0H
0x0FEE       [1]    POSTINC0
0x0FF3       [1]    PRODL
0x0FF4       [1]    PRODH
0x0FF5       [1]    TABLAT
0x0FF6       [1]    TBLPTRL
0x0FF7       [1]    TBLPTRH
0x0FF8       [1]    TBLPTRU
//** Constants locations ** 
//ADDRESS    SIZE    CONSTANT
//----------------------------------------------
0x0274      [20]    ?ICScriar_Lista_Lista_L0
